20-12-2025 19:19:36.405 [Gauge] [DEBUG] Created gauge_screenshots_dir at /Users/Antonette/Desktop/side-quests/BugBank-Selenium-Testing/BugBankTests/BugBankTests/.gauge/screenshots
20-12-2025 19:19:36.408 [Gauge] [DEBUG] Plugin html-report is already installed.
20-12-2025 19:19:36.410 [Gauge] [DEBUG] Plugin dotnet is already installed.
20-12-2025 19:19:36.411 [Gauge] [DEBUG] Parsing started.
20-12-2025 19:19:36.412 [Gauge] [DEBUG] Started concepts parsing.
20-12-2025 19:19:36.413 [Gauge] [ERROR] No such file or directory: /Users/Antonette/Desktop/side-quests/BugBank-Selenium-Testing/BugBankTests/BugBankTests/specs
20-12-2025 19:19:50.775 [Gauge] [DEBUG] Created gauge_screenshots_dir at /Users/Antonette/Desktop/side-quests/BugBank-Selenium-Testing/BugBankTests/BugBankTests/.gauge/screenshots
20-12-2025 19:19:50.779 [Gauge] [DEBUG] Plugin dotnet is already installed.
20-12-2025 19:19:50.782 [Gauge] [DEBUG] Plugin html-report is already installed.
20-12-2025 19:19:50.785 [Gauge] [DEBUG] Parsing started.
20-12-2025 19:19:50.785 [Gauge] [DEBUG] Started concepts parsing.
20-12-2025 19:19:50.786 [Gauge] [ERROR] No such file or directory: /Users/Antonette/Desktop/side-quests/BugBank-Selenium-Testing/BugBankTests/BugBankTests/specs
20-12-2025 19:20:27.165 [Gauge] [DEBUG] Created gauge_screenshots_dir at /Users/Antonette/Desktop/side-quests/BugBank-Selenium-Testing/BugBankTests/BugBankTests/.gauge/screenshots
20-12-2025 19:20:27.167 [Gauge] [DEBUG] Plugin dotnet is already installed.
20-12-2025 19:20:27.168 [Gauge] [DEBUG] Plugin html-report is already installed.
20-12-2025 19:20:27.170 [Gauge] [DEBUG] Parsing started.
20-12-2025 19:20:27.170 [Gauge] [DEBUG] Started concepts parsing.
20-12-2025 19:20:27.173 [Gauge] [ERROR] No such file or directory: /Users/Antonette/Desktop/side-quests/BugBank-Selenium-Testing/BugBankTests/BugBankTests/specs
20-12-2025 19:36:13.296 [Gauge] [DEBUG] Created gauge_screenshots_dir at /Users/Antonette/Desktop/side-quests/BugBank-Selenium-Testing/BugBankTests/BugBankTests/.gauge/screenshots
20-12-2025 19:36:13.299 [Gauge] [DEBUG] Plugin dotnet is already installed.
20-12-2025 19:36:13.301 [Gauge] [DEBUG] Plugin html-report is already installed.
20-12-2025 19:36:13.302 [Gauge] [DEBUG] Parsing started.
20-12-2025 19:36:13.303 [Gauge] [DEBUG] Started concepts parsing.
20-12-2025 19:36:13.305 [Gauge] [DEBUG] 0 concepts parsing completed.
20-12-2025 19:36:13.305 [Gauge] [ERROR] No specifications found in Scenarios.
24-12-2025 13:22:15.957 [Gauge] [DEBUG] Created gauge_screenshots_dir at /Users/Antonette/Desktop/side-quests/BugBank-Selenium-Testing/BugBankTests/BugBankTests/.gauge/screenshots
24-12-2025 13:22:15.959 [Gauge] [DEBUG] Plugin dotnet is already installed.
24-12-2025 13:22:15.960 [Gauge] [DEBUG] Plugin html-report is already installed.
24-12-2025 13:22:15.960 [Gauge] [DEBUG] Parsing started.
24-12-2025 13:22:15.960 [Gauge] [DEBUG] Started concepts parsing.
24-12-2025 13:22:15.962 [Gauge] [DEBUG] 0 concepts parsing completed.
24-12-2025 13:22:15.962 [Gauge] [DEBUG] Started specifications parsing.
24-12-2025 13:22:15.965 [Gauge] [DEBUG] 2 specifications parsing completed.
24-12-2025 13:22:15.966 [Gauge] [DEBUG] Parsing completed.
24-12-2025 13:22:17.736 [Gauge] [DEBUG] Checking updates...
24-12-2025 13:22:17.737 [Gauge] [DEBUG] Downloading https://downloads.gauge.org/plugin/csharp?l=dotnet&p=csharp,dotnet,html-report,screenshot&o=darwin&a=amd64
24-12-2025 13:22:18.336 [Gauge] [DEBUG] Downloading https://downloads.gauge.org/plugin/dotnet?l=dotnet&p=csharp,dotnet,html-report,screenshot&o=darwin&a=amd64
24-12-2025 13:22:18.538 [Gauge] [DEBUG] Downloading https://downloads.gauge.org/plugin/html-report?l=dotnet&p=csharp,dotnet,html-report,screenshot&o=darwin&a=amd64
24-12-2025 13:22:18.721 [Gauge] [DEBUG] Downloading https://downloads.gauge.org/plugin/screenshot?l=dotnet&p=csharp,dotnet,html-report,screenshot&o=darwin&a=amd64
24-12-2025 13:22:24.837 [dotnet] [INFO] /Users/Antonette/Desktop/side-quests/BugBank-Selenium-Testing/BugBankTests/BugBankTests/Scenarios/DriverFactory.cs(23,13): warning CS8602: Dereference of a possibly null reference. [/Users/Antonette/Desktop/side-quests/BugBank-Selenium-Testing/BugBankTests/BugBankTests/BugBankTests.csproj]
24-12-2025 13:22:24.837 [dotnet] [INFO] /Users/Antonette/Desktop/side-quests/BugBank-Selenium-Testing/BugBankTests/BugBankTests/Scenarios/page/LoginPage.cs(15,53): warning CS8601: Possible null reference assignment. [/Users/Antonette/Desktop/side-quests/BugBank-Selenium-Testing/BugBankTests/BugBankTests/BugBankTests.csproj]
24-12-2025 13:22:25.198 [dotnet] [DEBUG] Loading assembly from : /Users/Antonette/Desktop/side-quests/BugBank-Selenium-Testing/BugBankTests/BugBankTests/gauge_bin/BugBankTests.dll
24-12-2025 13:22:25.516 [dotnet] [DEBUG] Try load Gauge.CSharp.Lib in GaugeLoadContext
24-12-2025 13:22:25.540 [dotnet] [DEBUG] Try load BugBankTests in GaugeLoadContext
24-12-2025 13:22:25.541 [dotnet] [DEBUG] Try load System.Runtime in GaugeLoadContext
24-12-2025 13:22:25.541 [dotnet] [DEBUG] Try load WebDriver in GaugeLoadContext
24-12-2025 13:22:25.544 [dotnet] [DEBUG] Try load FluentAssertions in GaugeLoadContext
24-12-2025 13:22:25.545 [dotnet] [DEBUG] Try load SeleniumExtras.WaitHelpers in GaugeLoadContext
24-12-2025 13:22:25.549 [dotnet] [DEBUG] Try load System.Runtime in GaugeLoadContext
24-12-2025 13:22:25.551 [dotnet] [DEBUG] Number of AssembliesReferencingGaugeLib : 1
24-12-2025 13:22:25.554 [dotnet] [DEBUG] Try load System.Runtime in GaugeLoadContext
24-12-2025 13:22:25.554 [dotnet] [DEBUG] Try load System.Collections in GaugeLoadContext
24-12-2025 13:22:25.556 [dotnet] [DEBUG] Building StepRegistry...
24-12-2025 13:22:25.559 [dotnet] [DEBUG] 1 Step implementations found. Adding to registry...
24-12-2025 13:22:25.562 [dotnet] [DEBUG] 'Open Bugbank Homepage': implementation found in StepRegistry, setting reflected methodInfo
24-12-2025 13:22:25.563 [dotnet] [DEBUG] Building StepRegistry...
24-12-2025 13:22:25.564 [dotnet] [DEBUG] 1 Step implementations found. Adding to registry...
24-12-2025 13:22:25.565 [dotnet] [DEBUG] 'Open Bugbank Homepage': implementation found in StepRegistry, setting reflected methodInfo
24-12-2025 13:22:25.652 [Gauge] [DEBUG] Attempting to connect to grpc server at port: 58324
24-12-2025 13:22:25.652 [Gauge] [DEBUG] Successfully made the connection with runner with port: 58324
24-12-2025 13:22:25.652 [Gauge] [DEBUG] Validation started.
24-12-2025 13:22:25.980 [Gauge] [ERROR] [ValidationError] /Users/Antonette/Desktop/side-quests/BugBank-Selenium-Testing/BugBankTests/BugBankTests/Scenarios/specs/Login.spec:8 Step implementation not found => 'Enter Email "antomhandu@gmail.com"'
24-12-2025 13:22:25.980 [Gauge] [ERROR] [ValidationError] /Users/Antonette/Desktop/side-quests/BugBank-Selenium-Testing/BugBankTests/BugBankTests/Scenarios/specs/Login.spec:9 Step implementation not found => 'Enter Password "19990909"'
24-12-2025 13:22:25.980 [Gauge] [ERROR] [ValidationError] /Users/Antonette/Desktop/side-quests/BugBank-Selenium-Testing/BugBankTests/BugBankTests/Scenarios/specs/Login.spec:10 Step implementation not found => 'Click Access button to login'
24-12-2025 13:22:25.980 [Gauge] [ERROR] [ValidationError] /Users/Antonette/Desktop/side-quests/BugBank-Selenium-Testing/BugBankTests/BugBankTests/Scenarios/specs/SignUp.spec:8 Step implementation not found => 'Click "Register" to sign up for new account'
24-12-2025 13:22:25.980 [Gauge] [ERROR] [ValidationError] /Users/Antonette/Desktop/side-quests/BugBank-Selenium-Testing/BugBankTests/BugBankTests/Scenarios/specs/SignUp.spec:9 Step implementation not found => 'Enter Email "antomhandu@gmail.com"'
24-12-2025 13:22:25.980 [Gauge] [ERROR] [ValidationError] /Users/Antonette/Desktop/side-quests/BugBank-Selenium-Testing/BugBankTests/BugBankTests/Scenarios/specs/SignUp.spec:10 Step implementation not found => 'Enter Name "Antonette"'
24-12-2025 13:22:25.980 [Gauge] [ERROR] [ValidationError] /Users/Antonette/Desktop/side-quests/BugBank-Selenium-Testing/BugBankTests/BugBankTests/Scenarios/specs/SignUp.spec:11 Step implementation not found => 'Enter Password "19990909"'
24-12-2025 13:22:25.980 [Gauge] [ERROR] [ValidationError] /Users/Antonette/Desktop/side-quests/BugBank-Selenium-Testing/BugBankTests/BugBankTests/Scenarios/specs/SignUp.spec:12 Step implementation not found => 'Confirm Password "19990909"'
24-12-2025 13:22:25.980 [Gauge] [ERROR] [ValidationError] /Users/Antonette/Desktop/side-quests/BugBank-Selenium-Testing/BugBankTests/BugBankTests/Scenarios/specs/SignUp.spec:13 Step implementation not found => 'Click "Create acc with a balance"'
24-12-2025 13:22:25.980 [Gauge] [ERROR] [ValidationError] /Users/Antonette/Desktop/side-quests/BugBank-Selenium-Testing/BugBankTests/BugBankTests/Scenarios/specs/SignUp.spec:14 Step implementation not found => 'Click Register button'
24-12-2025 13:22:25.981 [Gauge] [INFO] Add the following missing implementations to fix `Step implementation not found` errors.
24-12-2025 13:22:25.981 [Gauge] [INFO] 		[Step("Enter Email <antomhandu@gmail.com>")]
		public void EnterEmail(arg0)
		{
			throw new NotImplementedException();
		}
24-12-2025 13:22:25.981 [Gauge] [INFO] 		[Step("Enter Password <19990909>")]
		public void EnterPassword(arg0)
		{
			throw new NotImplementedException();
		}
24-12-2025 13:22:25.981 [Gauge] [INFO] 		[Step("Click Access button to login")]
		public void ClickAccessButtonToLogin()
		{
			throw new NotImplementedException();
		}
24-12-2025 13:22:25.981 [Gauge] [INFO] 		[Step("Click <Register> to sign up for new account")]
		public void ClickToSignUpForNewAccount(arg0)
		{
			throw new NotImplementedException();
		}
24-12-2025 13:22:25.982 [Gauge] [INFO] 		[Step("Enter Name <Antonette>")]
		public void EnterName(arg0)
		{
			throw new NotImplementedException();
		}
24-12-2025 13:22:25.982 [Gauge] [INFO] 		[Step("Confirm Password <19990909>")]
		public void ConfirmPassword(arg0)
		{
			throw new NotImplementedException();
		}
24-12-2025 13:22:25.982 [Gauge] [INFO] 		[Step("Click <Create acc with a balance>")]
		public void Click(arg0)
		{
			throw new NotImplementedException();
		}
24-12-2025 13:22:25.982 [Gauge] [INFO] 		[Step("Click Register button")]
		public void ClickRegisterButton()
		{
			throw new NotImplementedException();
		}
24-12-2025 13:22:25.982 [Gauge] [DEBUG] Run started
24-12-2025 13:22:25.993 [Gauge] [DEBUG] Starting Html Report plugin
24-12-2025 13:22:26.113 [html-report] [DEBUG] Setting MaxRecvMsgSize = 1024 MB
24-12-2025 13:22:26.113 [Gauge] [DEBUG] Attempting to connect to grpc server at port: 58327
24-12-2025 13:22:26.114 [Gauge] [DEBUG] Successfully made the connection with plugin with port: 58327
24-12-2025 13:22:26.114 [Gauge] [DEBUG] Initialising suite data store.
24-12-2025 13:22:26.122 [dotnet] [DEBUG] Try load System.Collections.Concurrent in GaugeLoadContext
24-12-2025 13:22:26.157 [dotnet] [DEBUG] Loaded Instance Manager of Type: Gauge.CSharp.Lib.DefaultClassInstanceManager
24-12-2025 13:22:26.265 [dotnet] [DEBUG] Calling InvokeMethod to call method Void Setup()
24-12-2025 13:22:26.267 [dotnet] [DEBUG] Try load System.Threading in GaugeLoadContext
24-12-2025 13:22:26.268 [dotnet] [DEBUG] Try load System.Runtime in GaugeLoadContext
24-12-2025 13:22:26.268 [dotnet] [DEBUG] Try load System.Collections in GaugeLoadContext
24-12-2025 13:22:26.273 [dotnet] [DEBUG] Try load System.Net.Sockets in GaugeLoadContext
24-12-2025 13:22:26.273 [dotnet] [DEBUG] Try load System.Net.Primitives in GaugeLoadContext
24-12-2025 13:22:26.283 [dotnet] [DEBUG] Try load System.Threading in GaugeLoadContext
24-12-2025 13:22:26.283 [dotnet] [DEBUG] Try load System.Console in GaugeLoadContext
24-12-2025 13:22:26.284 [dotnet] [DEBUG] Try load System.Collections.Concurrent in GaugeLoadContext
24-12-2025 13:22:26.288 [dotnet] [DEBUG] Try load System.Diagnostics.Process in GaugeLoadContext
24-12-2025 13:22:26.288 [dotnet] [DEBUG] Try load System.Text.Json in GaugeLoadContext
24-12-2025 13:22:26.290 [dotnet] [DEBUG] Try load System.Linq in GaugeLoadContext
24-12-2025 13:22:29.129 [dotnet] [DEBUG] Try load System.Text.Encodings.Web in GaugeLoadContext
24-12-2025 13:22:29.149 [dotnet] [DEBUG] Try load System.Net.Http in GaugeLoadContext
24-12-2025 13:22:33.418 [dotnet] [DEBUG] Calling InvokeMethod to call method Void TearDown()
24-12-2025 13:22:33.810 [html-report] [DEBUG] Transformed SuiteResult to report structure
24-12-2025 13:22:34.448 [html-report] [INFO] Successfully generated html-report to => /Users/Antonette/Desktop/side-quests/BugBank-Selenium-Testing/BugBankTests/BugBankTests/reports/html-report/index.html
24-12-2025 13:22:34.449 [html-report] [DEBUG] Done generating HTML report using theme from /Users/Antonette/.gauge/plugins/html-report/4.3.5/themes/default
24-12-2025 13:22:34.449 [Gauge] [DEBUG] Sending kill message to Html Report plugin.
24-12-2025 13:22:34.458 [dotnet] [DEBUG] KillProcessrequest received
24-12-2025 13:22:34.460 [Gauge] [INFO] Specifications:	0 executed	0 passed	0 failed	2 skipped
24-12-2025 13:22:34.460 [Gauge] [INFO] Scenarios:	0 executed	0 passed	0 failed	2 skipped
24-12-2025 13:22:34.461 [Gauge] [INFO] 
Total time taken: 7.799s
24-12-2025 13:22:34.463 [Gauge] [INFO] Updates are available. Run `gauge update -c` for more info.
25-12-2025 14:30:14.252 [Gauge] [DEBUG] Created gauge_screenshots_dir at /Users/Antonette/Desktop/side-quests/BugBank-Selenium-Testing/BugBankTests/BugBankTests/.gauge/screenshots
25-12-2025 14:30:14.254 [Gauge] [DEBUG] Plugin dotnet is already installed.
25-12-2025 14:30:14.256 [Gauge] [INFO] Compatible version of plugin html-report not found. Installing plugin html-report...
25-12-2025 14:30:14.256 [Gauge] [DEBUG] Gathering metadata for html-report
25-12-2025 14:30:14.258 [Gauge] [DEBUG] Downloading https://downloads.gauge.org/plugin/html-report?l=dotnet&p=csharp,dotnet,screenshot&o=darwin&a=amd64
25-12-2025 14:30:16.681 [Gauge] [DEBUG] Downloading https://github.com/getgauge/html-report/releases/download/v4.4.0/html-report-4.4.0-darwin.x86_64.zip
25-12-2025 14:31:03.400 [Gauge] [DEBUG] Installing plugin html-report 4.4.0
25-12-2025 14:31:03.807 [Gauge] [INFO] Successfully installed plugin 'html-report' version 4.4.0
25-12-2025 14:31:03.809 [Gauge] [DEBUG] Parsing started.
25-12-2025 14:31:03.809 [Gauge] [DEBUG] Started concepts parsing.
25-12-2025 14:31:03.823 [Gauge] [DEBUG] 0 concepts parsing completed.
25-12-2025 14:31:03.823 [Gauge] [DEBUG] Started specifications parsing.
25-12-2025 14:31:03.828 [Gauge] [DEBUG] 2 specifications parsing completed.
25-12-2025 14:31:03.828 [Gauge] [DEBUG] Parsing completed.
25-12-2025 14:31:04.996 [Gauge] [DEBUG] Checking updates...
25-12-2025 14:31:04.998 [Gauge] [DEBUG] Downloading https://downloads.gauge.org/plugin/csharp?l=dotnet&p=csharp,dotnet,html-report,screenshot&o=darwin&a=amd64
25-12-2025 14:31:06.025 [Gauge] [DEBUG] Downloading https://downloads.gauge.org/plugin/dotnet?l=dotnet&p=csharp,dotnet,html-report,screenshot&o=darwin&a=amd64
25-12-2025 14:31:06.648 [Gauge] [DEBUG] Downloading https://downloads.gauge.org/plugin/html-report?l=dotnet&p=csharp,dotnet,html-report,screenshot&o=darwin&a=amd64
25-12-2025 14:31:06.875 [Gauge] [DEBUG] Downloading https://downloads.gauge.org/plugin/screenshot?l=dotnet&p=csharp,dotnet,html-report,screenshot&o=darwin&a=amd64
25-12-2025 14:31:11.863 [dotnet] [DEBUG] Loading assembly from : /Users/Antonette/Desktop/side-quests/BugBank-Selenium-Testing/BugBankTests/BugBankTests/gauge_bin/BugBankTests.dll
25-12-2025 14:31:12.229 [dotnet] [DEBUG] Try load Gauge.CSharp.Lib in GaugeLoadContext
25-12-2025 14:31:12.256 [dotnet] [DEBUG] Try load BugBankTests in GaugeLoadContext
25-12-2025 14:31:12.257 [dotnet] [DEBUG] Try load System.Runtime in GaugeLoadContext
25-12-2025 14:31:12.257 [dotnet] [DEBUG] Try load WebDriver in GaugeLoadContext
25-12-2025 14:31:12.272 [dotnet] [DEBUG] Try load FluentAssertions in GaugeLoadContext
25-12-2025 14:31:12.277 [dotnet] [DEBUG] Try load SeleniumExtras.WaitHelpers in GaugeLoadContext
25-12-2025 14:31:12.280 [dotnet] [DEBUG] Try load System.Runtime in GaugeLoadContext
25-12-2025 14:31:12.283 [dotnet] [DEBUG] Number of AssembliesReferencingGaugeLib : 1
25-12-2025 14:31:12.287 [dotnet] [DEBUG] Try load System.Runtime in GaugeLoadContext
25-12-2025 14:31:12.287 [dotnet] [DEBUG] Try load System.Collections in GaugeLoadContext
25-12-2025 14:31:12.289 [dotnet] [DEBUG] Building StepRegistry...
25-12-2025 14:31:12.293 [dotnet] [DEBUG] 1 Step implementations found. Adding to registry...
25-12-2025 14:31:12.297 [dotnet] [DEBUG] 'Open Bugbank Homepage': implementation found in StepRegistry, setting reflected methodInfo
25-12-2025 14:31:12.299 [dotnet] [DEBUG] Building StepRegistry...
25-12-2025 14:31:12.299 [dotnet] [DEBUG] 1 Step implementations found. Adding to registry...
25-12-2025 14:31:12.299 [dotnet] [DEBUG] 'Open Bugbank Homepage': implementation found in StepRegistry, setting reflected methodInfo
25-12-2025 14:31:12.430 [Gauge] [DEBUG] Attempting to connect to grpc server at port: 55001
25-12-2025 14:31:12.433 [Gauge] [DEBUG] Successfully made the connection with runner with port: 55001
25-12-2025 14:31:12.434 [Gauge] [DEBUG] Validation started.
25-12-2025 14:31:12.737 [Gauge] [ERROR] [ValidationError] /Users/Antonette/Desktop/side-quests/BugBank-Selenium-Testing/BugBankTests/BugBankTests/Scenarios/specs/Login.spec:8 Step implementation not found => 'Enter Email "antomhandu@gmail.com"'
25-12-2025 14:31:12.737 [Gauge] [ERROR] [ValidationError] /Users/Antonette/Desktop/side-quests/BugBank-Selenium-Testing/BugBankTests/BugBankTests/Scenarios/specs/Login.spec:9 Step implementation not found => 'Enter Password "19990909"'
25-12-2025 14:31:12.737 [Gauge] [ERROR] [ValidationError] /Users/Antonette/Desktop/side-quests/BugBank-Selenium-Testing/BugBankTests/BugBankTests/Scenarios/specs/Login.spec:10 Step implementation not found => 'Click Access button to login'
25-12-2025 14:31:12.737 [Gauge] [ERROR] [ValidationError] /Users/Antonette/Desktop/side-quests/BugBank-Selenium-Testing/BugBankTests/BugBankTests/Scenarios/specs/SignUp.spec:8 Step implementation not found => 'Click "Register" to sign up for new account'
25-12-2025 14:31:12.737 [Gauge] [ERROR] [ValidationError] /Users/Antonette/Desktop/side-quests/BugBank-Selenium-Testing/BugBankTests/BugBankTests/Scenarios/specs/SignUp.spec:9 Step implementation not found => 'Enter Email "antomhandu@gmail.com"'
25-12-2025 14:31:12.737 [Gauge] [ERROR] [ValidationError] /Users/Antonette/Desktop/side-quests/BugBank-Selenium-Testing/BugBankTests/BugBankTests/Scenarios/specs/SignUp.spec:10 Step implementation not found => 'Enter Name "Antonette"'
25-12-2025 14:31:12.738 [Gauge] [ERROR] [ValidationError] /Users/Antonette/Desktop/side-quests/BugBank-Selenium-Testing/BugBankTests/BugBankTests/Scenarios/specs/SignUp.spec:11 Step implementation not found => 'Enter Password "19990909"'
25-12-2025 14:31:12.738 [Gauge] [ERROR] [ValidationError] /Users/Antonette/Desktop/side-quests/BugBank-Selenium-Testing/BugBankTests/BugBankTests/Scenarios/specs/SignUp.spec:12 Step implementation not found => 'Confirm Password "19990909"'
25-12-2025 14:31:12.738 [Gauge] [ERROR] [ValidationError] /Users/Antonette/Desktop/side-quests/BugBank-Selenium-Testing/BugBankTests/BugBankTests/Scenarios/specs/SignUp.spec:13 Step implementation not found => 'Click "Create acc with a balance"'
25-12-2025 14:31:12.738 [Gauge] [ERROR] [ValidationError] /Users/Antonette/Desktop/side-quests/BugBank-Selenium-Testing/BugBankTests/BugBankTests/Scenarios/specs/SignUp.spec:14 Step implementation not found => 'Click Register button'
25-12-2025 14:31:12.738 [Gauge] [INFO] Add the following missing implementations to fix `Step implementation not found` errors.
25-12-2025 14:31:12.738 [Gauge] [INFO] 		[Step("Enter Email <antomhandu@gmail.com>")]
		public void EnterEmail(arg0)
		{
			throw new NotImplementedException();
		}
25-12-2025 14:31:12.738 [Gauge] [INFO] 		[Step("Enter Password <19990909>")]
		public void EnterPassword(arg0)
		{
			throw new NotImplementedException();
		}
25-12-2025 14:31:12.738 [Gauge] [INFO] 		[Step("Click Access button to login")]
		public void ClickAccessButtonToLogin()
		{
			throw new NotImplementedException();
		}
25-12-2025 14:31:12.738 [Gauge] [INFO] 		[Step("Click <Register> to sign up for new account")]
		public void ClickToSignUpForNewAccount(arg0)
		{
			throw new NotImplementedException();
		}
25-12-2025 14:31:12.738 [Gauge] [INFO] 		[Step("Enter Name <Antonette>")]
		public void EnterName(arg0)
		{
			throw new NotImplementedException();
		}
25-12-2025 14:31:12.739 [Gauge] [INFO] 		[Step("Confirm Password <19990909>")]
		public void ConfirmPassword(arg0)
		{
			throw new NotImplementedException();
		}
25-12-2025 14:31:12.739 [Gauge] [INFO] 		[Step("Click <Create acc with a balance>")]
		public void Click(arg0)
		{
			throw new NotImplementedException();
		}
25-12-2025 14:31:12.739 [Gauge] [INFO] 		[Step("Click Register button")]
		public void ClickRegisterButton()
		{
			throw new NotImplementedException();
		}
25-12-2025 14:31:12.750 [Gauge] [DEBUG] Run started
25-12-2025 14:31:12.753 [Gauge] [DEBUG] Starting Html Report plugin
25-12-2025 14:31:14.490 [html-report] [DEBUG] Setting MaxRecvMsgSize = 1024 MB
25-12-2025 14:31:14.490 [Gauge] [DEBUG] Attempting to connect to grpc server at port: 55012
25-12-2025 14:31:14.490 [Gauge] [DEBUG] Successfully made the connection with plugin with port: 55012
25-12-2025 14:31:14.491 [Gauge] [DEBUG] Initialising suite data store.
25-12-2025 14:31:14.517 [dotnet] [DEBUG] Try load System.Collections.Concurrent in GaugeLoadContext
25-12-2025 14:31:14.550 [dotnet] [DEBUG] Loaded Instance Manager of Type: Gauge.CSharp.Lib.DefaultClassInstanceManager
25-12-2025 14:31:14.717 [dotnet] [DEBUG] Calling InvokeMethod to call method Void Setup()
25-12-2025 14:31:14.717 [dotnet] [DEBUG] Try load System.Threading in GaugeLoadContext
25-12-2025 14:31:14.723 [dotnet] [DEBUG] Try load System.Runtime in GaugeLoadContext
25-12-2025 14:31:14.727 [dotnet] [DEBUG] Try load System.Collections in GaugeLoadContext
25-12-2025 14:31:14.751 [dotnet] [DEBUG] Try load System.Net.Sockets in GaugeLoadContext
25-12-2025 14:31:14.751 [dotnet] [DEBUG] Try load System.Net.Primitives in GaugeLoadContext
25-12-2025 14:31:14.765 [dotnet] [DEBUG] Try load System.Threading in GaugeLoadContext
25-12-2025 14:31:14.765 [dotnet] [DEBUG] Try load System.Console in GaugeLoadContext
25-12-2025 14:31:14.767 [dotnet] [DEBUG] Try load System.Collections.Concurrent in GaugeLoadContext
25-12-2025 14:31:14.770 [dotnet] [DEBUG] Try load System.Diagnostics.Process in GaugeLoadContext
25-12-2025 14:31:14.771 [dotnet] [DEBUG] Try load System.Text.Json in GaugeLoadContext
25-12-2025 14:31:14.773 [dotnet] [DEBUG] Try load System.Linq in GaugeLoadContext
25-12-2025 14:31:23.215 [dotnet] [DEBUG] Try load System.Text.Encodings.Web in GaugeLoadContext
25-12-2025 14:31:23.242 [dotnet] [DEBUG] Try load System.Net.Http in GaugeLoadContext
25-12-2025 14:31:31.228 [dotnet] [DEBUG] Calling InvokeMethod to call method Void TearDown()
25-12-2025 14:31:31.685 [html-report] [DEBUG] Transformed SuiteResult to report structure
25-12-2025 14:31:32.505 [html-report] [INFO] Successfully generated html-report to => /Users/Antonette/Desktop/side-quests/BugBank-Selenium-Testing/BugBankTests/BugBankTests/reports/html-report/index.html
25-12-2025 14:31:32.505 [html-report] [DEBUG] Done generating HTML report using theme from /Users/Antonette/.gauge/plugins/html-report/4.4.0/themes/default
25-12-2025 14:31:32.506 [Gauge] [DEBUG] Sending kill message to Html Report plugin.
25-12-2025 14:31:32.539 [dotnet] [DEBUG] KillProcessrequest received
25-12-2025 14:31:32.547 [Gauge] [INFO] Specifications:	0 executed	0 passed	0 failed	2 skipped
25-12-2025 14:31:32.547 [Gauge] [INFO] Scenarios:	0 executed	0 passed	0 failed	2 skipped
25-12-2025 14:31:32.548 [Gauge] [INFO] 
Total time taken: 18.933s
25-12-2025 14:31:32.550 [Gauge] [INFO] Updates are available. Run `gauge update -c` for more info.
25-12-2025 14:33:40.476 [Gauge] [DEBUG] Created gauge_screenshots_dir at /Users/Antonette/Desktop/side-quests/BugBank-Selenium-Testing/BugBankTests/BugBankTests/.gauge/screenshots
25-12-2025 14:33:40.477 [Gauge] [INFO] Compatible version of plugin dotnet not found. Installing plugin dotnet...
25-12-2025 14:33:40.477 [Gauge] [DEBUG] Gathering metadata for dotnet
25-12-2025 14:33:40.478 [Gauge] [DEBUG] Downloading https://downloads.gauge.org/plugin/dotnet?l=dotnet&p=&o=darwin&a=amd64
25-12-2025 14:33:41.167 [Gauge] [DEBUG] Downloading https://github.com/getgauge/gauge-dotnet/releases/download/v0.7.6/gauge-dotnet-0.7.6.zip
25-12-2025 14:34:12.167 [Gauge] [DEBUG] Installing plugin dotnet 0.7.6
25-12-2025 14:34:13.056 [Gauge] [INFO] Successfully installed plugin 'dotnet' version 0.7.6
25-12-2025 14:34:13.063 [Gauge] [INFO] Compatible version of plugin screenshot not found. Installing plugin screenshot...
25-12-2025 14:34:13.063 [Gauge] [DEBUG] Gathering metadata for screenshot
25-12-2025 14:34:13.093 [Gauge] [DEBUG] Downloading https://downloads.gauge.org/plugin/screenshot?l=dotnet&p=dotnet&o=darwin&a=amd64
25-12-2025 14:34:13.750 [Gauge] [DEBUG] Downloading https://github.com/getgauge/gauge_screenshot/releases/download/v0.3.2/screenshot-0.3.2-darwin.x86_64.zip
25-12-2025 14:34:16.715 [Gauge] [DEBUG] Installing plugin screenshot 0.3.2
25-12-2025 14:34:16.732 [Gauge] [INFO] Successfully installed plugin 'screenshot' version 0.3.2
25-12-2025 14:34:16.733 [Gauge] [INFO] Installing required plugins.
25-12-2025 14:34:16.733 [Gauge] [DEBUG] Installing plugin 'html-report'
25-12-2025 14:34:16.733 [Gauge] [DEBUG] Gathering metadata for html-report
25-12-2025 14:34:16.734 [Gauge] [DEBUG] Downloading https://downloads.gauge.org/plugin/html-report?l=dotnet&p=dotnet,screenshot&o=darwin&a=amd64
25-12-2025 14:34:16.913 [Gauge] [DEBUG] Downloading https://github.com/getgauge/html-report/releases/download/v4.4.0/html-report-4.4.0-darwin.x86_64.zip
25-12-2025 14:34:17.552 [Gauge] [DEBUG] Checking updates...
25-12-2025 14:34:17.553 [Gauge] [DEBUG] Downloading https://downloads.gauge.org/plugin/dotnet?l=dotnet&p=dotnet,screenshot&o=darwin&a=amd64
25-12-2025 14:34:17.763 [Gauge] [DEBUG] Downloading https://downloads.gauge.org/plugin/screenshot?l=dotnet&p=dotnet,screenshot&o=darwin&a=amd64
25-12-2025 14:34:38.131 [Gauge] [DEBUG] Installing plugin html-report 4.4.0
25-12-2025 14:34:38.363 [Gauge] [INFO] Successfully installed plugin 'html-report' version 4.4.0
25-12-2025 14:34:38.363 [Gauge] [DEBUG] Parsing started.
25-12-2025 14:34:38.363 [Gauge] [DEBUG] Started concepts parsing.
25-12-2025 14:34:38.367 [Gauge] [DEBUG] 0 concepts parsing completed.
25-12-2025 14:34:38.368 [Gauge] [DEBUG] Started specifications parsing.
25-12-2025 14:34:38.370 [Gauge] [DEBUG] 2 specifications parsing completed.
25-12-2025 14:34:38.370 [Gauge] [DEBUG] Parsing completed.
25-12-2025 14:34:45.618 [dotnet] [DEBUG] Loading assembly from : /Users/Antonette/Desktop/side-quests/BugBank-Selenium-Testing/BugBankTests/BugBankTests/gauge_bin/BugBankTests.dll
25-12-2025 14:34:46.057 [dotnet] [DEBUG] Try load Gauge.CSharp.Lib in GaugeLoadContext
25-12-2025 14:34:46.086 [dotnet] [DEBUG] Try load BugBankTests in GaugeLoadContext
25-12-2025 14:34:46.087 [dotnet] [DEBUG] Try load System.Runtime in GaugeLoadContext
25-12-2025 14:34:46.087 [dotnet] [DEBUG] Try load WebDriver in GaugeLoadContext
25-12-2025 14:34:46.091 [dotnet] [DEBUG] Try load FluentAssertions in GaugeLoadContext
25-12-2025 14:34:46.093 [dotnet] [DEBUG] Try load SeleniumExtras.WaitHelpers in GaugeLoadContext
25-12-2025 14:34:46.099 [dotnet] [DEBUG] Try load System.Runtime in GaugeLoadContext
25-12-2025 14:34:46.101 [dotnet] [DEBUG] Number of AssembliesReferencingGaugeLib : 1
25-12-2025 14:34:46.103 [dotnet] [DEBUG] Try load System.Runtime in GaugeLoadContext
25-12-2025 14:34:46.103 [dotnet] [DEBUG] Try load System.Collections in GaugeLoadContext
25-12-2025 14:34:46.104 [dotnet] [DEBUG] Building StepRegistry...
25-12-2025 14:34:46.107 [dotnet] [DEBUG] 1 Step implementations found. Adding to registry...
25-12-2025 14:34:46.115 [dotnet] [DEBUG] 'Open Bugbank Homepage': implementation found in StepRegistry, setting reflected methodInfo
25-12-2025 14:34:46.115 [dotnet] [DEBUG] Building StepRegistry...
25-12-2025 14:34:46.115 [dotnet] [DEBUG] 1 Step implementations found. Adding to registry...
25-12-2025 14:34:46.116 [dotnet] [DEBUG] 'Open Bugbank Homepage': implementation found in StepRegistry, setting reflected methodInfo
25-12-2025 14:34:46.224 [Gauge] [DEBUG] Attempting to connect to grpc server at port: 55884
25-12-2025 14:34:46.225 [Gauge] [DEBUG] Successfully made the connection with runner with port: 55884
25-12-2025 14:34:46.225 [Gauge] [DEBUG] Validation started.
25-12-2025 14:34:46.586 [Gauge] [ERROR] [ValidationError] /Users/Antonette/Desktop/side-quests/BugBank-Selenium-Testing/BugBankTests/BugBankTests/Scenarios/specs/Login.spec:8 Step implementation not found => 'Enter Email "antomhandu@gmail.com"'
25-12-2025 14:34:46.586 [Gauge] [ERROR] [ValidationError] /Users/Antonette/Desktop/side-quests/BugBank-Selenium-Testing/BugBankTests/BugBankTests/Scenarios/specs/Login.spec:9 Step implementation not found => 'Enter Password "19990909"'
25-12-2025 14:34:46.586 [Gauge] [ERROR] [ValidationError] /Users/Antonette/Desktop/side-quests/BugBank-Selenium-Testing/BugBankTests/BugBankTests/Scenarios/specs/Login.spec:10 Step implementation not found => 'Click Access button to login'
25-12-2025 14:34:46.586 [Gauge] [ERROR] [ValidationError] /Users/Antonette/Desktop/side-quests/BugBank-Selenium-Testing/BugBankTests/BugBankTests/Scenarios/specs/SignUp.spec:8 Step implementation not found => 'Click "Register" to sign up for new account'
25-12-2025 14:34:46.586 [Gauge] [ERROR] [ValidationError] /Users/Antonette/Desktop/side-quests/BugBank-Selenium-Testing/BugBankTests/BugBankTests/Scenarios/specs/SignUp.spec:9 Step implementation not found => 'Enter Email "antomhandu@gmail.com"'
25-12-2025 14:34:46.586 [Gauge] [ERROR] [ValidationError] /Users/Antonette/Desktop/side-quests/BugBank-Selenium-Testing/BugBankTests/BugBankTests/Scenarios/specs/SignUp.spec:10 Step implementation not found => 'Enter Name "Antonette"'
25-12-2025 14:34:46.586 [Gauge] [ERROR] [ValidationError] /Users/Antonette/Desktop/side-quests/BugBank-Selenium-Testing/BugBankTests/BugBankTests/Scenarios/specs/SignUp.spec:11 Step implementation not found => 'Enter Password "19990909"'
25-12-2025 14:34:46.586 [Gauge] [ERROR] [ValidationError] /Users/Antonette/Desktop/side-quests/BugBank-Selenium-Testing/BugBankTests/BugBankTests/Scenarios/specs/SignUp.spec:12 Step implementation not found => 'Confirm Password "19990909"'
25-12-2025 14:34:46.586 [Gauge] [ERROR] [ValidationError] /Users/Antonette/Desktop/side-quests/BugBank-Selenium-Testing/BugBankTests/BugBankTests/Scenarios/specs/SignUp.spec:13 Step implementation not found => 'Click "Create acc with a balance"'
25-12-2025 14:34:46.586 [Gauge] [ERROR] [ValidationError] /Users/Antonette/Desktop/side-quests/BugBank-Selenium-Testing/BugBankTests/BugBankTests/Scenarios/specs/SignUp.spec:14 Step implementation not found => 'Click Register button'
25-12-2025 14:34:46.586 [Gauge] [INFO] Add the following missing implementations to fix `Step implementation not found` errors.
25-12-2025 14:34:46.586 [Gauge] [INFO] 		[Step("Enter Email <antomhandu@gmail.com>")]
		public void EnterEmail(arg0)
		{
			throw new NotImplementedException();
		}
25-12-2025 14:34:46.586 [Gauge] [INFO] 		[Step("Enter Password <19990909>")]
		public void EnterPassword(arg0)
		{
			throw new NotImplementedException();
		}
25-12-2025 14:34:46.586 [Gauge] [INFO] 		[Step("Click Access button to login")]
		public void ClickAccessButtonToLogin()
		{
			throw new NotImplementedException();
		}
25-12-2025 14:34:46.586 [Gauge] [INFO] 		[Step("Click <Register> to sign up for new account")]
		public void ClickToSignUpForNewAccount(arg0)
		{
			throw new NotImplementedException();
		}
25-12-2025 14:34:46.586 [Gauge] [INFO] 		[Step("Enter Name <Antonette>")]
		public void EnterName(arg0)
		{
			throw new NotImplementedException();
		}
25-12-2025 14:34:46.586 [Gauge] [INFO] 		[Step("Confirm Password <19990909>")]
		public void ConfirmPassword(arg0)
		{
			throw new NotImplementedException();
		}
25-12-2025 14:34:46.586 [Gauge] [INFO] 		[Step("Click <Create acc with a balance>")]
		public void Click(arg0)
		{
			throw new NotImplementedException();
		}
25-12-2025 14:34:46.586 [Gauge] [INFO] 		[Step("Click Register button")]
		public void ClickRegisterButton()
		{
			throw new NotImplementedException();
		}
25-12-2025 14:34:46.587 [Gauge] [DEBUG] Run started
25-12-2025 14:34:46.589 [Gauge] [DEBUG] Initialising suite data store.
25-12-2025 14:34:46.646 [dotnet] [DEBUG] Try load System.Collections.Concurrent in GaugeLoadContext
25-12-2025 14:34:46.692 [dotnet] [DEBUG] Loaded Instance Manager of Type: Gauge.CSharp.Lib.DefaultClassInstanceManager
25-12-2025 14:34:46.791 [dotnet] [DEBUG] Calling InvokeMethod to call method Void Setup()
25-12-2025 14:34:46.792 [dotnet] [DEBUG] Try load System.Threading in GaugeLoadContext
25-12-2025 14:34:46.793 [dotnet] [DEBUG] Try load System.Runtime in GaugeLoadContext
25-12-2025 14:34:46.794 [dotnet] [DEBUG] Try load System.Collections in GaugeLoadContext
25-12-2025 14:34:46.800 [dotnet] [DEBUG] Try load System.Net.Sockets in GaugeLoadContext
25-12-2025 14:34:46.800 [dotnet] [DEBUG] Try load System.Net.Primitives in GaugeLoadContext
25-12-2025 14:34:46.808 [dotnet] [DEBUG] Try load System.Threading in GaugeLoadContext
25-12-2025 14:34:46.808 [dotnet] [DEBUG] Try load System.Console in GaugeLoadContext
25-12-2025 14:34:46.809 [dotnet] [DEBUG] Try load System.Collections.Concurrent in GaugeLoadContext
25-12-2025 14:34:46.815 [dotnet] [DEBUG] Try load System.Diagnostics.Process in GaugeLoadContext
25-12-2025 14:34:46.815 [dotnet] [DEBUG] Try load System.Text.Json in GaugeLoadContext
25-12-2025 14:34:46.817 [dotnet] [DEBUG] Try load System.Linq in GaugeLoadContext
25-12-2025 14:34:48.121 [dotnet] [DEBUG] Try load System.Text.Encodings.Web in GaugeLoadContext
25-12-2025 14:34:48.156 [dotnet] [DEBUG] Try load System.Net.Http in GaugeLoadContext
25-12-2025 14:34:52.706 [dotnet] [DEBUG] Calling InvokeMethod to call method Void TearDown()
25-12-2025 14:34:52.948 [dotnet] [DEBUG] KillProcessrequest received
25-12-2025 14:34:52.958 [Gauge] [INFO] Specifications:	0 executed	0 passed	0 failed	2 skipped
25-12-2025 14:34:52.976 [Gauge] [INFO] Scenarios:	0 executed	0 passed	0 failed	2 skipped
25-12-2025 14:34:52.977 [Gauge] [INFO] 
Total time taken: 6.347s
25-12-2025 14:34:52.978 [Gauge] [INFO] Updates are available. Run `gauge update -c` for more info.
25-12-2025 14:37:10.854 [Gauge] [DEBUG] Created gauge_screenshots_dir at /Users/Antonette/Desktop/side-quests/BugBank-Selenium-Testing/BugBankTests/BugBankTests/.gauge/screenshots
25-12-2025 14:37:10.856 [Gauge] [DEBUG] Plugin screenshot is already installed.
25-12-2025 14:37:10.856 [Gauge] [DEBUG] Plugin dotnet is already installed.
25-12-2025 14:37:10.857 [Gauge] [DEBUG] Parsing started.
25-12-2025 14:37:10.857 [Gauge] [DEBUG] Started concepts parsing.
25-12-2025 14:37:10.858 [Gauge] [DEBUG] 0 concepts parsing completed.
25-12-2025 14:37:10.859 [Gauge] [DEBUG] Started specifications parsing.
25-12-2025 14:37:10.861 [Gauge] [DEBUG] 2 specifications parsing completed.
25-12-2025 14:37:10.861 [Gauge] [DEBUG] Parsing completed.
25-12-2025 14:37:12.117 [Gauge] [DEBUG] Checking updates...
25-12-2025 14:37:12.118 [Gauge] [DEBUG] Downloading https://downloads.gauge.org/plugin/dotnet?l=dotnet&p=dotnet,html-report,screenshot&o=darwin&a=amd64
25-12-2025 14:37:12.683 [Gauge] [DEBUG] Downloading https://downloads.gauge.org/plugin/html-report?l=dotnet&p=dotnet,html-report,screenshot&o=darwin&a=amd64
25-12-2025 14:37:12.867 [Gauge] [DEBUG] Downloading https://downloads.gauge.org/plugin/screenshot?l=dotnet&p=dotnet,html-report,screenshot&o=darwin&a=amd64
25-12-2025 14:37:19.202 [dotnet] [INFO] /Users/Antonette/Desktop/side-quests/BugBank-Selenium-Testing/BugBankTests/BugBankTests/Scenarios/page/LoginPage.cs(15,53): warning CS8601: Possible null reference assignment. [/Users/Antonette/Desktop/side-quests/BugBank-Selenium-Testing/BugBankTests/BugBankTests/BugBankTests.csproj]
25-12-2025 14:37:19.555 [dotnet] [DEBUG] Loading assembly from : /Users/Antonette/Desktop/side-quests/BugBank-Selenium-Testing/BugBankTests/BugBankTests/gauge_bin/BugBankTests.dll
25-12-2025 14:37:19.897 [dotnet] [DEBUG] Try load Gauge.CSharp.Lib in GaugeLoadContext
25-12-2025 14:37:19.918 [dotnet] [DEBUG] Try load BugBankTests in GaugeLoadContext
25-12-2025 14:37:19.927 [dotnet] [DEBUG] Try load System.Runtime in GaugeLoadContext
25-12-2025 14:37:19.927 [dotnet] [DEBUG] Try load WebDriver in GaugeLoadContext
25-12-2025 14:37:19.930 [dotnet] [DEBUG] Try load FluentAssertions in GaugeLoadContext
25-12-2025 14:37:19.931 [dotnet] [DEBUG] Try load SeleniumExtras.WaitHelpers in GaugeLoadContext
25-12-2025 14:37:19.931 [dotnet] [DEBUG] Try load System.Collections in GaugeLoadContext
25-12-2025 14:37:19.933 [dotnet] [DEBUG] Try load System.Runtime in GaugeLoadContext
25-12-2025 14:37:19.935 [dotnet] [DEBUG] Number of AssembliesReferencingGaugeLib : 1
25-12-2025 14:37:19.938 [dotnet] [DEBUG] Try load System.Runtime in GaugeLoadContext
25-12-2025 14:37:19.938 [dotnet] [DEBUG] Try load System.Collections in GaugeLoadContext
25-12-2025 14:37:19.939 [dotnet] [DEBUG] Building StepRegistry...
25-12-2025 14:37:19.942 [dotnet] [DEBUG] 1 Step implementations found. Adding to registry...
25-12-2025 14:37:19.945 [dotnet] [DEBUG] 'Open Bugbank Homepage': implementation found in StepRegistry, setting reflected methodInfo
25-12-2025 14:37:19.946 [dotnet] [DEBUG] Building StepRegistry...
25-12-2025 14:37:19.946 [dotnet] [DEBUG] 1 Step implementations found. Adding to registry...
25-12-2025 14:37:19.947 [dotnet] [DEBUG] 'Open Bugbank Homepage': implementation found in StepRegistry, setting reflected methodInfo
25-12-2025 14:37:20.036 [Gauge] [DEBUG] Attempting to connect to grpc server at port: 56517
25-12-2025 14:37:20.036 [Gauge] [DEBUG] Successfully made the connection with runner with port: 56517
25-12-2025 14:37:20.036 [Gauge] [DEBUG] Validation started.
25-12-2025 14:37:20.285 [Gauge] [ERROR] [ValidationError] /Users/Antonette/Desktop/side-quests/BugBank-Selenium-Testing/BugBankTests/BugBankTests/Scenarios/specs/Login.spec:8 Step implementation not found => 'Enter Email "antomhandu@gmail.com"'
25-12-2025 14:37:20.285 [Gauge] [ERROR] [ValidationError] /Users/Antonette/Desktop/side-quests/BugBank-Selenium-Testing/BugBankTests/BugBankTests/Scenarios/specs/Login.spec:9 Step implementation not found => 'Enter Password "19990909"'
25-12-2025 14:37:20.285 [Gauge] [ERROR] [ValidationError] /Users/Antonette/Desktop/side-quests/BugBank-Selenium-Testing/BugBankTests/BugBankTests/Scenarios/specs/Login.spec:10 Step implementation not found => 'Click Access button to login'
25-12-2025 14:37:20.286 [Gauge] [ERROR] [ValidationError] /Users/Antonette/Desktop/side-quests/BugBank-Selenium-Testing/BugBankTests/BugBankTests/Scenarios/specs/SignUp.spec:8 Step implementation not found => 'Click "Register" to sign up for new account'
25-12-2025 14:37:20.286 [Gauge] [ERROR] [ValidationError] /Users/Antonette/Desktop/side-quests/BugBank-Selenium-Testing/BugBankTests/BugBankTests/Scenarios/specs/SignUp.spec:9 Step implementation not found => 'Enter Email "antomhandu@gmail.com"'
25-12-2025 14:37:20.286 [Gauge] [ERROR] [ValidationError] /Users/Antonette/Desktop/side-quests/BugBank-Selenium-Testing/BugBankTests/BugBankTests/Scenarios/specs/SignUp.spec:10 Step implementation not found => 'Enter Name "Antonette"'
25-12-2025 14:37:20.286 [Gauge] [ERROR] [ValidationError] /Users/Antonette/Desktop/side-quests/BugBank-Selenium-Testing/BugBankTests/BugBankTests/Scenarios/specs/SignUp.spec:11 Step implementation not found => 'Enter Password "19990909"'
25-12-2025 14:37:20.286 [Gauge] [ERROR] [ValidationError] /Users/Antonette/Desktop/side-quests/BugBank-Selenium-Testing/BugBankTests/BugBankTests/Scenarios/specs/SignUp.spec:12 Step implementation not found => 'Confirm Password "19990909"'
25-12-2025 14:37:20.286 [Gauge] [ERROR] [ValidationError] /Users/Antonette/Desktop/side-quests/BugBank-Selenium-Testing/BugBankTests/BugBankTests/Scenarios/specs/SignUp.spec:13 Step implementation not found => 'Click "Create acc with a balance"'
25-12-2025 14:37:20.286 [Gauge] [ERROR] [ValidationError] /Users/Antonette/Desktop/side-quests/BugBank-Selenium-Testing/BugBankTests/BugBankTests/Scenarios/specs/SignUp.spec:14 Step implementation not found => 'Click Register button'
25-12-2025 14:37:20.286 [Gauge] [INFO] Add the following missing implementations to fix `Step implementation not found` errors.
25-12-2025 14:37:20.286 [Gauge] [INFO] 		[Step("Enter Email <antomhandu@gmail.com>")]
		public void EnterEmail(arg0)
		{
			throw new NotImplementedException();
		}
25-12-2025 14:37:20.286 [Gauge] [INFO] 		[Step("Enter Password <19990909>")]
		public void EnterPassword(arg0)
		{
			throw new NotImplementedException();
		}
25-12-2025 14:37:20.286 [Gauge] [INFO] 		[Step("Click Access button to login")]
		public void ClickAccessButtonToLogin()
		{
			throw new NotImplementedException();
		}
25-12-2025 14:37:20.286 [Gauge] [INFO] 		[Step("Click <Register> to sign up for new account")]
		public void ClickToSignUpForNewAccount(arg0)
		{
			throw new NotImplementedException();
		}
25-12-2025 14:37:20.286 [Gauge] [INFO] 		[Step("Enter Name <Antonette>")]
		public void EnterName(arg0)
		{
			throw new NotImplementedException();
		}
25-12-2025 14:37:20.286 [Gauge] [INFO] 		[Step("Confirm Password <19990909>")]
		public void ConfirmPassword(arg0)
		{
			throw new NotImplementedException();
		}
25-12-2025 14:37:20.286 [Gauge] [INFO] 		[Step("Click <Create acc with a balance>")]
		public void Click(arg0)
		{
			throw new NotImplementedException();
		}
25-12-2025 14:37:20.286 [Gauge] [INFO] 		[Step("Click Register button")]
		public void ClickRegisterButton()
		{
			throw new NotImplementedException();
		}
25-12-2025 14:37:20.286 [Gauge] [DEBUG] Run started
25-12-2025 14:37:20.286 [Gauge] [DEBUG] Initialising suite data store.
25-12-2025 14:37:20.308 [dotnet] [DEBUG] Try load System.Collections.Concurrent in GaugeLoadContext
25-12-2025 14:37:20.335 [dotnet] [DEBUG] Loaded Instance Manager of Type: Gauge.CSharp.Lib.DefaultClassInstanceManager
25-12-2025 14:37:20.416 [dotnet] [DEBUG] Calling InvokeMethod to call method Void Setup()
25-12-2025 14:37:20.416 [dotnet] [DEBUG] Try load System.Threading in GaugeLoadContext
25-12-2025 14:37:20.418 [dotnet] [DEBUG] Try load System.Runtime in GaugeLoadContext
25-12-2025 14:37:20.418 [dotnet] [DEBUG] Try load System.Collections in GaugeLoadContext
25-12-2025 14:37:20.418 [dotnet] [DEBUG] Try load System.Collections in GaugeLoadContext
25-12-2025 14:37:20.422 [dotnet] [DEBUG] Try load System.Net.Sockets in GaugeLoadContext
25-12-2025 14:37:20.422 [dotnet] [DEBUG] Try load System.Net.Primitives in GaugeLoadContext
25-12-2025 14:37:20.430 [dotnet] [DEBUG] Try load System.Threading in GaugeLoadContext
25-12-2025 14:37:20.430 [dotnet] [DEBUG] Try load System.Console in GaugeLoadContext
25-12-2025 14:37:20.430 [dotnet] [DEBUG] Try load System.Collections.Concurrent in GaugeLoadContext
25-12-2025 14:37:20.433 [dotnet] [DEBUG] Try load System.Diagnostics.Process in GaugeLoadContext
25-12-2025 14:37:20.433 [dotnet] [DEBUG] Try load System.Text.Json in GaugeLoadContext
25-12-2025 14:37:20.435 [dotnet] [DEBUG] Try load System.Linq in GaugeLoadContext
25-12-2025 14:37:20.970 [dotnet] [DEBUG] Try load System.Text.Encodings.Web in GaugeLoadContext
25-12-2025 14:37:20.986 [dotnet] [DEBUG] Try load System.Net.Http in GaugeLoadContext
25-12-2025 14:37:23.858 [dotnet] [DEBUG] Calling InvokeMethod to call method Void TearDown()
25-12-2025 14:37:23.990 [dotnet] [DEBUG] Try load System.ComponentModel.Primitives in GaugeLoadContext
25-12-2025 14:37:24.083 [dotnet] [DEBUG] KillProcessrequest received
25-12-2025 14:37:24.084 [Gauge] [INFO] Specifications:	0 executed	0 passed	0 failed	2 skipped
25-12-2025 14:37:24.084 [Gauge] [INFO] Scenarios:	0 executed	0 passed	0 failed	2 skipped
25-12-2025 14:37:24.084 [Gauge] [INFO] 
Total time taken: 3.794s
25-12-2025 14:37:24.085 [Gauge] [INFO] Updates are available. Run `gauge update -c` for more info.
25-12-2025 14:38:00.231 [Gauge] [DEBUG] Created gauge_screenshots_dir at /Users/Antonette/Desktop/side-quests/BugBank-Selenium-Testing/BugBankTests/BugBankTests/.gauge/screenshots
25-12-2025 14:38:00.233 [Gauge] [DEBUG] Plugin dotnet is already installed.
25-12-2025 14:38:00.234 [Gauge] [DEBUG] Plugin screenshot is already installed.
25-12-2025 14:38:00.234 [Gauge] [DEBUG] Parsing started.
25-12-2025 14:38:00.234 [Gauge] [DEBUG] Started concepts parsing.
25-12-2025 14:38:00.235 [Gauge] [DEBUG] 0 concepts parsing completed.
25-12-2025 14:38:00.236 [Gauge] [DEBUG] Started specifications parsing.
25-12-2025 14:38:00.237 [Gauge] [DEBUG] 2 specifications parsing completed.
25-12-2025 14:38:00.237 [Gauge] [DEBUG] Parsing completed.
25-12-2025 14:38:01.020 [Gauge] [DEBUG] Checking updates...
25-12-2025 14:38:01.021 [Gauge] [DEBUG] Downloading https://downloads.gauge.org/plugin/dotnet?l=dotnet&p=dotnet,html-report,screenshot&o=darwin&a=amd64
25-12-2025 14:38:01.600 [Gauge] [DEBUG] Downloading https://downloads.gauge.org/plugin/html-report?l=dotnet&p=dotnet,html-report,screenshot&o=darwin&a=amd64
25-12-2025 14:38:01.843 [Gauge] [DEBUG] Downloading https://downloads.gauge.org/plugin/screenshot?l=dotnet&p=dotnet,html-report,screenshot&o=darwin&a=amd64
25-12-2025 14:38:03.762 [dotnet] [DEBUG] Loading assembly from : /Users/Antonette/Desktop/side-quests/BugBank-Selenium-Testing/BugBankTests/BugBankTests/gauge_bin/BugBankTests.dll
25-12-2025 14:38:04.120 [dotnet] [DEBUG] Try load Gauge.CSharp.Lib in GaugeLoadContext
25-12-2025 14:38:04.139 [dotnet] [DEBUG] Try load BugBankTests in GaugeLoadContext
25-12-2025 14:38:04.139 [dotnet] [DEBUG] Try load System.Runtime in GaugeLoadContext
25-12-2025 14:38:04.140 [dotnet] [DEBUG] Try load WebDriver in GaugeLoadContext
25-12-2025 14:38:04.143 [dotnet] [DEBUG] Try load FluentAssertions in GaugeLoadContext
25-12-2025 14:38:04.143 [dotnet] [DEBUG] Try load SeleniumExtras.WaitHelpers in GaugeLoadContext
25-12-2025 14:38:04.144 [dotnet] [DEBUG] Try load System.Collections in GaugeLoadContext
25-12-2025 14:38:04.146 [dotnet] [DEBUG] Try load System.Runtime in GaugeLoadContext
25-12-2025 14:38:04.147 [dotnet] [DEBUG] Number of AssembliesReferencingGaugeLib : 1
25-12-2025 14:38:04.150 [dotnet] [DEBUG] Try load System.Runtime in GaugeLoadContext
25-12-2025 14:38:04.150 [dotnet] [DEBUG] Try load System.Collections in GaugeLoadContext
25-12-2025 14:38:04.151 [dotnet] [DEBUG] Building StepRegistry...
25-12-2025 14:38:04.153 [dotnet] [DEBUG] 1 Step implementations found. Adding to registry...
25-12-2025 14:38:04.156 [dotnet] [DEBUG] 'Open Bugbank Homepage': implementation found in StepRegistry, setting reflected methodInfo
25-12-2025 14:38:04.157 [dotnet] [DEBUG] Building StepRegistry...
25-12-2025 14:38:04.157 [dotnet] [DEBUG] 1 Step implementations found. Adding to registry...
25-12-2025 14:38:04.158 [dotnet] [DEBUG] 'Open Bugbank Homepage': implementation found in StepRegistry, setting reflected methodInfo
25-12-2025 14:38:04.237 [Gauge] [DEBUG] Attempting to connect to grpc server at port: 56712
25-12-2025 14:38:04.237 [Gauge] [DEBUG] Successfully made the connection with runner with port: 56712
25-12-2025 14:38:04.237 [Gauge] [DEBUG] Validation started.
25-12-2025 14:38:04.421 [Gauge] [DEBUG] Validation completed.
25-12-2025 14:38:04.421 [Gauge] [DEBUG] Run started
25-12-2025 14:38:04.421 [Gauge] [DEBUG] Initialising suite data store.
25-12-2025 14:38:04.438 [dotnet] [DEBUG] Try load System.Collections.Concurrent in GaugeLoadContext
25-12-2025 14:38:04.456 [dotnet] [DEBUG] Loaded Instance Manager of Type: Gauge.CSharp.Lib.DefaultClassInstanceManager
25-12-2025 14:38:04.532 [dotnet] [DEBUG] Calling InvokeMethod to call method Void Setup()
25-12-2025 14:38:04.533 [dotnet] [DEBUG] Try load System.Threading in GaugeLoadContext
25-12-2025 14:38:04.534 [dotnet] [DEBUG] Try load System.Runtime in GaugeLoadContext
25-12-2025 14:38:04.534 [dotnet] [DEBUG] Try load System.Collections in GaugeLoadContext
25-12-2025 14:38:04.535 [dotnet] [DEBUG] Try load System.Collections in GaugeLoadContext
25-12-2025 14:38:04.538 [dotnet] [DEBUG] Try load System.Net.Sockets in GaugeLoadContext
25-12-2025 14:38:04.538 [dotnet] [DEBUG] Try load System.Net.Primitives in GaugeLoadContext
25-12-2025 14:38:04.546 [dotnet] [DEBUG] Try load System.Threading in GaugeLoadContext
25-12-2025 14:38:04.546 [dotnet] [DEBUG] Try load System.Console in GaugeLoadContext
25-12-2025 14:38:04.547 [dotnet] [DEBUG] Try load System.Collections.Concurrent in GaugeLoadContext
25-12-2025 14:38:04.549 [dotnet] [DEBUG] Try load System.Diagnostics.Process in GaugeLoadContext
25-12-2025 14:38:04.550 [dotnet] [DEBUG] Try load System.Text.Json in GaugeLoadContext
25-12-2025 14:38:04.551 [dotnet] [DEBUG] Try load System.Linq in GaugeLoadContext
25-12-2025 14:38:05.040 [dotnet] [DEBUG] Try load System.Text.Encodings.Web in GaugeLoadContext
25-12-2025 14:38:05.057 [dotnet] [DEBUG] Try load System.Net.Http in GaugeLoadContext
25-12-2025 14:38:07.663 [Gauge] [INFO] # BugBank Login
25-12-2025 14:38:07.784 [Gauge] [INFO] ## Login to BugBank App
25-12-2025 14:38:07.801 [Gauge] [DEBUG] * Open Bugbank Homepage
25-12-2025 14:38:07.888 [dotnet] [DEBUG] Calling InvokeMethod to call method Void OpenBugBank()
25-12-2025 14:38:07.891 [dotnet] [DEBUG] Try load System.Runtime in GaugeLoadContext
25-12-2025 14:38:10.300 [dotnet] [DEBUG] Try load System.Threading.Thread in GaugeLoadContext
25-12-2025 14:38:12.433 [dotnet] [DEBUG] Try load System.Threading in GaugeLoadContext
25-12-2025 14:38:12.433 [dotnet] [DEBUG] Try load System.Console in GaugeLoadContext
25-12-2025 14:38:12.433 [dotnet] [DEBUG] Try load System.Diagnostics.TraceSource in GaugeLoadContext
25-12-2025 14:38:12.440 [dotnet] [DEBUG] Try load System.Collections in GaugeLoadContext
25-12-2025 14:38:12.444 [dotnet] [DEBUG] Try load System.Collections.Concurrent in GaugeLoadContext
25-12-2025 14:38:12.447 [dotnet] [DEBUG] Try load System.Xml.XDocument in GaugeLoadContext
25-12-2025 14:38:12.449 [dotnet] [DEBUG] Try load System.Linq in GaugeLoadContext
25-12-2025 14:38:12.454 [dotnet] [INFO] Warning:
25-12-2025 14:38:12.454 [dotnet] [INFO] The component "Fluent Assertions" is governed by the rules defined in the Xceed License Agreement and
25-12-2025 14:38:12.454 [dotnet] [INFO] the Xceed Fluent Assertions Community License. You may use Fluent Assertions free of charge for
25-12-2025 14:38:12.454 [dotnet] [INFO] non-commercial use only. An active subscription is required to use Fluent Assertions for commercial use.
25-12-2025 14:38:12.454 [dotnet] [INFO] Please contact Xceed Sales mailto:sales@xceed.com to acquire a subscription at a very low cost.
25-12-2025 14:38:12.454 [dotnet] [INFO] A paid commercial license supports the development and continued increasing support of
25-12-2025 14:38:12.454 [dotnet] [INFO] Fluent Assertions users under both commercial and community licenses. Help us
25-12-2025 14:38:12.454 [dotnet] [INFO] keep Fluent Assertions at the forefront of unit testing.
25-12-2025 14:38:12.454 [dotnet] [INFO] For more information, visit https://xceed.com/products/unit-testing/fluent-assertions/
25-12-2025 14:38:12.522 [Gauge] [INFO] # BugBank Sign Up
25-12-2025 14:38:12.528 [Gauge] [INFO] ## Sign up for BugBank
25-12-2025 14:38:12.536 [Gauge] [DEBUG] * Open Bugbank Homepage
25-12-2025 14:38:12.547 [dotnet] [DEBUG] Calling InvokeMethod to call method Void OpenBugBank()
25-12-2025 14:38:13.775 [dotnet] [DEBUG] Calling InvokeMethod to call method Void TearDown()
25-12-2025 14:38:13.953 [dotnet] [DEBUG] Try load System.ComponentModel.Primitives in GaugeLoadContext
25-12-2025 14:38:14.035 [dotnet] [DEBUG] KillProcessrequest received
25-12-2025 14:38:14.036 [Gauge] [INFO] Specifications:	2 executed	2 passed	0 failed	0 skipped
25-12-2025 14:38:14.037 [Gauge] [INFO] Scenarios:	2 executed	2 passed	0 failed	0 skipped
25-12-2025 14:38:14.037 [Gauge] [INFO] 
Total time taken: 9.611s
25-12-2025 14:38:14.039 [Gauge] [INFO] Updates are available. Run `gauge update -c` for more info.
25-12-2025 14:56:54.891 [Gauge] [DEBUG] Created gauge_screenshots_dir at /Users/Antonette/Desktop/side-quests/BugBank-Selenium-Testing/BugBankTests/BugBankTests/.gauge/screenshots
25-12-2025 14:56:54.896 [Gauge] [DEBUG] Plugin dotnet is already installed.
25-12-2025 14:56:54.898 [Gauge] [DEBUG] Plugin screenshot is already installed.
25-12-2025 14:56:54.899 [Gauge] [DEBUG] Parsing started.
25-12-2025 14:56:54.899 [Gauge] [DEBUG] Started concepts parsing.
25-12-2025 14:56:54.907 [Gauge] [DEBUG] 0 concepts parsing completed.
25-12-2025 14:56:54.908 [Gauge] [DEBUG] Started specifications parsing.
25-12-2025 14:56:54.909 [Gauge] [DEBUG] 2 specifications parsing completed.
25-12-2025 14:56:54.909 [Gauge] [DEBUG] Parsing completed.
25-12-2025 14:56:57.748 [Gauge] [DEBUG] Checking updates...
25-12-2025 14:56:57.749 [Gauge] [DEBUG] Downloading https://downloads.gauge.org/plugin/dotnet?l=dotnet&p=dotnet,html-report,screenshot&o=darwin&a=amd64
25-12-2025 14:57:00.418 [dotnet] [INFO] /Users/Antonette/Desktop/side-quests/BugBank-Selenium-Testing/BugBankTests/BugBankTests/Scenarios/steps/SignUpSteps.cs(14,23): error CS1003: Syntax error, ',' expected [/Users/Antonette/Desktop/side-quests/BugBank-Selenium-Testing/BugBankTests/BugBankTests/BugBankTests.csproj]
25-12-2025 14:57:00.418 [dotnet] [INFO] /Users/Antonette/Desktop/side-quests/BugBank-Selenium-Testing/BugBankTests/BugBankTests/Scenarios/steps/SignUpSteps.cs(14,31): error CS1003: Syntax error, ',' expected [/Users/Antonette/Desktop/side-quests/BugBank-Selenium-Testing/BugBankTests/BugBankTests/BugBankTests.csproj]
25-12-2025 14:57:00.564 [dotnet] [INFO] { "logLevel": "fatal", "message": "Unable to build Project in /Users/Antonette/Desktop/side-quests/BugBank-Selenium-Testing/BugBankTests/BugBankTests\ndotnet Project build failed.
25-12-2025 14:57:00.564 [dotnet] [INFO] Ran 'dotnet publish --runtime=osx-x64 --no-self-contained --configuration=release --output="/Users/Antonette/Desktop/side-quests/BugBank-Selenium-Testing/BugBankTests/BugBankTests/gauge_bin"  "BugBankTests.csproj" --verbosity=quiet'\n   at Gauge.Dotnet.GaugeProjectBuilder.BuildTargetGaugeProject() in /home/runner/work/gauge-dotnet/gauge-dotnet/src/GaugeProjectBuilder.cs:line 59"}
25-12-2025 14:57:00.567 [dotnet] [ERROR] Unhandled exception.
25-12-2025 14:57:00.584 [dotnet] [ERROR] System.Exception: dotnet Project build failed.
25-12-2025 14:57:00.584 [dotnet] [ERROR] Ran 'dotnet publish --runtime=osx-x64 --no-self-contained --configuration=release --output="/Users/Antonette/Desktop/side-quests/BugBank-Selenium-Testing/BugBankTests/BugBankTests/gauge_bin"  "BugBankTests.csproj" --verbosity=quiet'
25-12-2025 14:57:00.585 [dotnet] [ERROR] at Gauge.Dotnet.GaugeProjectBuilder.BuildTargetGaugeProject() in /home/runner/work/gauge-dotnet/gauge-dotnet/src/GaugeProjectBuilder.cs:line 59
25-12-2025 14:57:00.585 [dotnet] [ERROR] at Gauge.Dotnet.Program.Main(String[] args) in /home/runner/work/gauge-dotnet/gauge-dotnet/src/Program.cs:line 47
25-12-2025 14:57:00.585 [dotnet] [ERROR] at Gauge.Dotnet.Program.<Main>(String[] args)
25-12-2025 14:57:00.811 [dotnet] [ERROR] launcher.sh: line 5: 17313 Abort trap: 6           dotnet bin/net9.0/Gauge.Dotnet.dll $@
25-12-2025 14:57:00.812 [Gauge] [ERROR] Error occurred while waiting for runner process to finish.
Error : exit status 134
25-12-2025 14:57:00.812 [Gauge] [CRITICAL] Failed to start gauge API: Error occurred while waiting for runner process to finish.
Error : exit status 134
25-12-2025 14:58:19.956 [Gauge] [DEBUG] Created gauge_screenshots_dir at /Users/Antonette/Desktop/side-quests/BugBank-Selenium-Testing/BugBankTests/BugBankTests/.gauge/screenshots
25-12-2025 14:58:19.964 [Gauge] [DEBUG] Plugin dotnet is already installed.
25-12-2025 14:58:19.966 [Gauge] [DEBUG] Plugin screenshot is already installed.
25-12-2025 14:58:19.966 [Gauge] [DEBUG] Parsing started.
25-12-2025 14:58:19.966 [Gauge] [DEBUG] Started concepts parsing.
25-12-2025 14:58:19.971 [Gauge] [DEBUG] 0 concepts parsing completed.
25-12-2025 14:58:19.971 [Gauge] [DEBUG] Started specifications parsing.
25-12-2025 14:58:19.973 [Gauge] [DEBUG] 2 specifications parsing completed.
25-12-2025 14:58:19.973 [Gauge] [DEBUG] Parsing completed.
25-12-2025 14:58:23.504 [Gauge] [DEBUG] Checking updates...
25-12-2025 14:58:23.505 [Gauge] [DEBUG] Downloading https://downloads.gauge.org/plugin/dotnet?l=dotnet&p=dotnet,html-report,screenshot&o=darwin&a=amd64
25-12-2025 14:58:26.138 [Gauge] [DEBUG] Downloading https://downloads.gauge.org/plugin/html-report?l=dotnet&p=dotnet,html-report,screenshot&o=darwin&a=amd64
25-12-2025 14:58:26.776 [Gauge] [DEBUG] Downloading https://downloads.gauge.org/plugin/screenshot?l=dotnet&p=dotnet,html-report,screenshot&o=darwin&a=amd64
25-12-2025 14:58:30.162 [dotnet] [INFO] /Users/Antonette/Desktop/side-quests/BugBank-Selenium-Testing/BugBankTests/BugBankTests/Scenarios/page/LoginPage.cs(15,53): warning CS8601: Possible null reference assignment. [/Users/Antonette/Desktop/side-quests/BugBank-Selenium-Testing/BugBankTests/BugBankTests/BugBankTests.csproj]
25-12-2025 14:58:30.708 [dotnet] [DEBUG] Loading assembly from : /Users/Antonette/Desktop/side-quests/BugBank-Selenium-Testing/BugBankTests/BugBankTests/gauge_bin/BugBankTests.dll
25-12-2025 14:58:31.060 [dotnet] [DEBUG] Try load Gauge.CSharp.Lib in GaugeLoadContext
25-12-2025 14:58:31.081 [dotnet] [DEBUG] Try load BugBankTests in GaugeLoadContext
25-12-2025 14:58:31.082 [dotnet] [DEBUG] Try load System.Runtime in GaugeLoadContext
25-12-2025 14:58:31.082 [dotnet] [DEBUG] Try load WebDriver in GaugeLoadContext
25-12-2025 14:58:31.085 [dotnet] [DEBUG] Try load FluentAssertions in GaugeLoadContext
25-12-2025 14:58:31.086 [dotnet] [DEBUG] Try load SeleniumExtras.WaitHelpers in GaugeLoadContext
25-12-2025 14:58:31.086 [dotnet] [DEBUG] Try load System.Collections in GaugeLoadContext
25-12-2025 14:58:31.089 [dotnet] [DEBUG] Try load System.Runtime in GaugeLoadContext
25-12-2025 14:58:31.091 [dotnet] [DEBUG] Number of AssembliesReferencingGaugeLib : 1
25-12-2025 14:58:31.094 [dotnet] [DEBUG] Try load System.Runtime in GaugeLoadContext
25-12-2025 14:58:31.094 [dotnet] [DEBUG] Try load System.Collections in GaugeLoadContext
25-12-2025 14:58:31.095 [dotnet] [DEBUG] Building StepRegistry...
25-12-2025 14:58:31.098 [dotnet] [DEBUG] 2 Step implementations found. Adding to registry...
25-12-2025 14:58:31.101 [dotnet] [DEBUG] 'Open Bugbank Homepage': implementation found in StepRegistry, setting reflected methodInfo
25-12-2025 14:58:31.102 [dotnet] [DEBUG] 'Click Register to sign up for new account': implementation found in StepRegistry, setting reflected methodInfo
25-12-2025 14:58:31.102 [dotnet] [DEBUG] Building StepRegistry...
25-12-2025 14:58:31.102 [dotnet] [DEBUG] 2 Step implementations found. Adding to registry...
25-12-2025 14:58:31.103 [dotnet] [DEBUG] 'Open Bugbank Homepage': implementation found in StepRegistry, setting reflected methodInfo
25-12-2025 14:58:31.103 [dotnet] [DEBUG] 'Click Register to sign up for new account': implementation found in StepRegistry, setting reflected methodInfo
25-12-2025 14:58:31.205 [Gauge] [DEBUG] Attempting to connect to grpc server at port: 59744
25-12-2025 14:58:31.205 [Gauge] [DEBUG] Successfully made the connection with runner with port: 59744
25-12-2025 14:58:31.205 [Gauge] [DEBUG] Validation started.
25-12-2025 14:58:31.464 [Gauge] [ERROR] [ValidationError] /Users/Antonette/Desktop/side-quests/BugBank-Selenium-Testing/BugBankTests/BugBankTests/Scenarios/specs/SignUp.spec:8 Step implementation not found => 'Click "Register" to sign up for new account'
25-12-2025 14:58:31.464 [Gauge] [INFO] Add the following missing implementations to fix `Step implementation not found` errors.
25-12-2025 14:58:31.464 [Gauge] [INFO] 		[Step("Click <Register> to sign up for new account")]
		public void ClickToSignUpForNewAccount(arg0)
		{
			throw new NotImplementedException();
		}
25-12-2025 14:58:31.464 [Gauge] [DEBUG] Run started
25-12-2025 14:58:31.469 [Gauge] [DEBUG] Initialising suite data store.
25-12-2025 14:58:31.482 [dotnet] [DEBUG] Try load System.Collections.Concurrent in GaugeLoadContext
25-12-2025 14:58:31.519 [dotnet] [DEBUG] Loaded Instance Manager of Type: Gauge.CSharp.Lib.DefaultClassInstanceManager
25-12-2025 14:58:31.640 [dotnet] [DEBUG] Calling InvokeMethod to call method Void Setup()
25-12-2025 14:58:31.641 [dotnet] [DEBUG] Try load System.Threading in GaugeLoadContext
25-12-2025 14:58:31.643 [dotnet] [DEBUG] Try load System.Runtime in GaugeLoadContext
25-12-2025 14:58:31.643 [dotnet] [DEBUG] Try load System.Collections in GaugeLoadContext
25-12-2025 14:58:31.643 [dotnet] [DEBUG] Try load System.Collections in GaugeLoadContext
25-12-2025 14:58:31.647 [dotnet] [DEBUG] Try load System.Net.Sockets in GaugeLoadContext
25-12-2025 14:58:31.647 [dotnet] [DEBUG] Try load System.Net.Primitives in GaugeLoadContext
25-12-2025 14:58:31.656 [dotnet] [DEBUG] Try load System.Threading in GaugeLoadContext
25-12-2025 14:58:31.657 [dotnet] [DEBUG] Try load System.Console in GaugeLoadContext
25-12-2025 14:58:31.659 [dotnet] [DEBUG] Try load System.Collections.Concurrent in GaugeLoadContext
25-12-2025 14:58:31.661 [dotnet] [DEBUG] Try load System.Diagnostics.Process in GaugeLoadContext
25-12-2025 14:58:31.662 [dotnet] [DEBUG] Try load System.Text.Json in GaugeLoadContext
25-12-2025 14:58:31.664 [dotnet] [DEBUG] Try load System.Linq in GaugeLoadContext
25-12-2025 14:58:32.251 [dotnet] [DEBUG] Try load System.Text.Encodings.Web in GaugeLoadContext
25-12-2025 14:58:32.267 [dotnet] [DEBUG] Try load System.Net.Http in GaugeLoadContext
25-12-2025 14:58:35.764 [Gauge] [INFO] # BugBank Login
25-12-2025 14:58:35.795 [Gauge] [INFO] ## Login to BugBank App
25-12-2025 14:58:35.820 [Gauge] [DEBUG] * Open Bugbank Homepage
25-12-2025 14:58:35.871 [dotnet] [DEBUG] Calling InvokeMethod to call method Void OpenBugBank()
25-12-2025 14:58:35.872 [dotnet] [DEBUG] Try load System.Runtime in GaugeLoadContext
25-12-2025 14:58:37.432 [dotnet] [DEBUG] Try load System.Threading.Thread in GaugeLoadContext
25-12-2025 14:58:39.503 [dotnet] [DEBUG] Try load System.Threading in GaugeLoadContext
25-12-2025 14:58:39.503 [dotnet] [DEBUG] Try load System.Console in GaugeLoadContext
25-12-2025 14:58:39.503 [dotnet] [DEBUG] Try load System.Diagnostics.TraceSource in GaugeLoadContext
25-12-2025 14:58:39.505 [dotnet] [DEBUG] Try load System.Collections in GaugeLoadContext
25-12-2025 14:58:39.506 [dotnet] [DEBUG] Try load System.Collections.Concurrent in GaugeLoadContext
25-12-2025 14:58:39.509 [dotnet] [DEBUG] Try load System.Xml.XDocument in GaugeLoadContext
25-12-2025 14:58:39.510 [dotnet] [DEBUG] Try load System.Linq in GaugeLoadContext
25-12-2025 14:58:39.515 [dotnet] [INFO] Warning:
25-12-2025 14:58:39.515 [dotnet] [INFO] The component "Fluent Assertions" is governed by the rules defined in the Xceed License Agreement and
25-12-2025 14:58:39.515 [dotnet] [INFO] the Xceed Fluent Assertions Community License. You may use Fluent Assertions free of charge for
25-12-2025 14:58:39.515 [dotnet] [INFO] non-commercial use only. An active subscription is required to use Fluent Assertions for commercial use.
25-12-2025 14:58:39.515 [dotnet] [INFO] Please contact Xceed Sales mailto:sales@xceed.com to acquire a subscription at a very low cost.
25-12-2025 14:58:39.515 [dotnet] [INFO] A paid commercial license supports the development and continued increasing support of
25-12-2025 14:58:39.515 [dotnet] [INFO] Fluent Assertions users under both commercial and community licenses. Help us
25-12-2025 14:58:39.515 [dotnet] [INFO] keep Fluent Assertions at the forefront of unit testing.
25-12-2025 14:58:39.515 [dotnet] [INFO] For more information, visit https://xceed.com/products/unit-testing/fluent-assertions/
25-12-2025 14:58:39.562 [Gauge] [INFO] # BugBank Sign Up
25-12-2025 14:58:39.579 [dotnet] [DEBUG] Calling InvokeMethod to call method Void TearDown()
25-12-2025 14:58:39.751 [dotnet] [DEBUG] Try load System.ComponentModel.Primitives in GaugeLoadContext
25-12-2025 14:58:39.837 [dotnet] [DEBUG] KillProcessrequest received
25-12-2025 14:58:39.839 [Gauge] [INFO] Specifications:	1 executed	1 passed	0 failed	1 skipped
25-12-2025 14:58:39.839 [Gauge] [INFO] Scenarios:	1 executed	1 passed	0 failed	1 skipped
25-12-2025 14:58:39.839 [Gauge] [INFO] 
Total time taken: 8.368s
25-12-2025 14:58:39.839 [Gauge] [INFO] Updates are available. Run `gauge update -c` for more info.
25-12-2025 15:01:40.872 [Gauge] [DEBUG] Created gauge_screenshots_dir at /Users/Antonette/Desktop/side-quests/BugBank-Selenium-Testing/BugBankTests/BugBankTests/.gauge/screenshots
25-12-2025 15:01:40.875 [Gauge] [DEBUG] Plugin dotnet is already installed.
25-12-2025 15:01:40.876 [Gauge] [DEBUG] Plugin screenshot is already installed.
25-12-2025 15:01:40.877 [Gauge] [DEBUG] Parsing started.
25-12-2025 15:01:40.877 [Gauge] [DEBUG] Started concepts parsing.
25-12-2025 15:01:40.882 [Gauge] [DEBUG] 0 concepts parsing completed.
25-12-2025 15:01:40.883 [Gauge] [DEBUG] Started specifications parsing.
25-12-2025 15:01:40.885 [Gauge] [DEBUG] 2 specifications parsing completed.
25-12-2025 15:01:40.885 [Gauge] [DEBUG] Parsing completed.
25-12-2025 15:01:44.412 [dotnet] [INFO] /Users/Antonette/Desktop/side-quests/BugBank-Selenium-Testing/BugBankTests/BugBankTests/Scenarios/steps/SignUpSteps.cs(12,9): error CS1519: Invalid token '{' in a member declaration [/Users/Antonette/Desktop/side-quests/BugBank-Selenium-Testing/BugBankTests/BugBankTests/BugBankTests.csproj]
25-12-2025 15:01:44.412 [dotnet] [INFO] /Users/Antonette/Desktop/side-quests/BugBank-Selenium-Testing/BugBankTests/BugBankTests/Scenarios/steps/SignUpSteps.cs(13,28): error CS1519: Invalid token '(' in a member declaration [/Users/Antonette/Desktop/side-quests/BugBank-Selenium-Testing/BugBankTests/BugBankTests/BugBankTests.csproj]
25-12-2025 15:01:44.412 [dotnet] [INFO] /Users/Antonette/Desktop/side-quests/BugBank-Selenium-Testing/BugBankTests/BugBankTests/Scenarios/steps/SignUpSteps.cs(13,29): error CS8124: Tuple must contain at least two elements. [/Users/Antonette/Desktop/side-quests/BugBank-Selenium-Testing/BugBankTests/BugBankTests/BugBankTests.csproj]
25-12-2025 15:01:44.412 [dotnet] [INFO] /Users/Antonette/Desktop/side-quests/BugBank-Selenium-Testing/BugBankTests/BugBankTests/Scenarios/steps/SignUpSteps.cs(13,30): error CS1519: Invalid token ';' in a member declaration [/Users/Antonette/Desktop/side-quests/BugBank-Selenium-Testing/BugBankTests/BugBankTests/BugBankTests.csproj]
25-12-2025 15:01:44.412 [dotnet] [INFO] /Users/Antonette/Desktop/side-quests/BugBank-Selenium-Testing/BugBankTests/BugBankTests/Scenarios/steps/SignUpSteps.cs(14,9): error CS1519: Invalid token '}' in a member declaration [/Users/Antonette/Desktop/side-quests/BugBank-Selenium-Testing/BugBankTests/BugBankTests/BugBankTests.csproj]
25-12-2025 15:01:44.565 [dotnet] [INFO] { "logLevel": "fatal", "message": "Unable to build Project in /Users/Antonette/Desktop/side-quests/BugBank-Selenium-Testing/BugBankTests/BugBankTests\ndotnet Project build failed.
25-12-2025 15:01:44.566 [dotnet] [INFO] Ran 'dotnet publish --runtime=osx-x64 --no-self-contained --configuration=release --output="/Users/Antonette/Desktop/side-quests/BugBank-Selenium-Testing/BugBankTests/BugBankTests/gauge_bin"  "BugBankTests.csproj" --verbosity=quiet'\n   at Gauge.Dotnet.GaugeProjectBuilder.BuildTargetGaugeProject() in /home/runner/work/gauge-dotnet/gauge-dotnet/src/GaugeProjectBuilder.cs:line 59"}
25-12-2025 15:01:44.570 [dotnet] [ERROR] Unhandled exception.
25-12-2025 15:01:44.584 [dotnet] [ERROR] System.Exception: dotnet Project build failed.
25-12-2025 15:01:44.584 [dotnet] [ERROR] Ran 'dotnet publish --runtime=osx-x64 --no-self-contained --configuration=release --output="/Users/Antonette/Desktop/side-quests/BugBank-Selenium-Testing/BugBankTests/BugBankTests/gauge_bin"  "BugBankTests.csproj" --verbosity=quiet'
25-12-2025 15:01:44.584 [dotnet] [ERROR] at Gauge.Dotnet.GaugeProjectBuilder.BuildTargetGaugeProject() in /home/runner/work/gauge-dotnet/gauge-dotnet/src/GaugeProjectBuilder.cs:line 59
25-12-2025 15:01:44.584 [dotnet] [ERROR] at Gauge.Dotnet.Program.Main(String[] args) in /home/runner/work/gauge-dotnet/gauge-dotnet/src/Program.cs:line 47
25-12-2025 15:01:44.584 [dotnet] [ERROR] at Gauge.Dotnet.Program.<Main>(String[] args)
25-12-2025 15:01:44.697 [dotnet] [ERROR] launcher.sh: line 5: 17600 Abort trap: 6           dotnet bin/net9.0/Gauge.Dotnet.dll $@
25-12-2025 15:01:44.698 [Gauge] [ERROR] Error occurred while waiting for runner process to finish.
Error : exit status 134
25-12-2025 15:01:44.698 [Gauge] [CRITICAL] Failed to start gauge API: Error occurred while waiting for runner process to finish.
Error : exit status 134
25-12-2025 15:03:04.037 [Gauge] [DEBUG] Created gauge_screenshots_dir at /Users/Antonette/Desktop/side-quests/BugBank-Selenium-Testing/BugBankTests/BugBankTests/.gauge/screenshots
25-12-2025 15:03:04.041 [Gauge] [DEBUG] Plugin dotnet is already installed.
25-12-2025 15:03:04.042 [Gauge] [DEBUG] Plugin screenshot is already installed.
25-12-2025 15:03:04.042 [Gauge] [DEBUG] Parsing started.
25-12-2025 15:03:04.042 [Gauge] [DEBUG] Started concepts parsing.
25-12-2025 15:03:04.056 [Gauge] [DEBUG] 0 concepts parsing completed.
25-12-2025 15:03:04.057 [Gauge] [DEBUG] Started specifications parsing.
25-12-2025 15:03:04.058 [Gauge] [DEBUG] 2 specifications parsing completed.
25-12-2025 15:03:04.058 [Gauge] [DEBUG] Parsing completed.
25-12-2025 15:03:06.553 [Gauge] [DEBUG] Checking updates...
25-12-2025 15:03:06.555 [Gauge] [DEBUG] Downloading https://downloads.gauge.org/plugin/dotnet?l=dotnet&p=dotnet,html-report,screenshot&o=darwin&a=amd64
25-12-2025 15:03:07.831 [dotnet] [INFO] /Users/Antonette/Desktop/side-quests/BugBank-Selenium-Testing/BugBankTests/BugBankTests/Scenarios/page/LoginPage.cs(15,53): warning CS8601: Possible null reference assignment. [/Users/Antonette/Desktop/side-quests/BugBank-Selenium-Testing/BugBankTests/BugBankTests/BugBankTests.csproj]
25-12-2025 15:03:08.138 [dotnet] [DEBUG] Loading assembly from : /Users/Antonette/Desktop/side-quests/BugBank-Selenium-Testing/BugBankTests/BugBankTests/gauge_bin/BugBankTests.dll
25-12-2025 15:03:08.479 [dotnet] [DEBUG] Try load Gauge.CSharp.Lib in GaugeLoadContext
25-12-2025 15:03:08.500 [dotnet] [DEBUG] Try load BugBankTests in GaugeLoadContext
25-12-2025 15:03:08.501 [dotnet] [DEBUG] Try load System.Runtime in GaugeLoadContext
25-12-2025 15:03:08.501 [dotnet] [DEBUG] Try load WebDriver in GaugeLoadContext
25-12-2025 15:03:08.504 [dotnet] [DEBUG] Try load FluentAssertions in GaugeLoadContext
25-12-2025 15:03:08.505 [dotnet] [DEBUG] Try load SeleniumExtras.WaitHelpers in GaugeLoadContext
25-12-2025 15:03:08.505 [dotnet] [DEBUG] Try load System.Collections in GaugeLoadContext
25-12-2025 15:03:08.507 [dotnet] [DEBUG] Try load System.Runtime in GaugeLoadContext
25-12-2025 15:03:08.509 [dotnet] [DEBUG] Number of AssembliesReferencingGaugeLib : 1
25-12-2025 15:03:08.512 [dotnet] [DEBUG] Try load System.Runtime in GaugeLoadContext
25-12-2025 15:03:08.512 [dotnet] [DEBUG] Try load System.Collections in GaugeLoadContext
25-12-2025 15:03:08.514 [dotnet] [DEBUG] Building StepRegistry...
25-12-2025 15:03:08.516 [dotnet] [DEBUG] 2 Step implementations found. Adding to registry...
25-12-2025 15:03:08.518 [dotnet] [DEBUG] 'Open Bugbank Homepage': implementation found in StepRegistry, setting reflected methodInfo
25-12-2025 15:03:08.520 [dotnet] [DEBUG] 'Click Register to sign up for new account': implementation found in StepRegistry, setting reflected methodInfo
25-12-2025 15:03:08.520 [dotnet] [DEBUG] Building StepRegistry...
25-12-2025 15:03:08.520 [dotnet] [DEBUG] 2 Step implementations found. Adding to registry...
25-12-2025 15:03:08.520 [dotnet] [DEBUG] 'Open Bugbank Homepage': implementation found in StepRegistry, setting reflected methodInfo
25-12-2025 15:03:08.520 [dotnet] [DEBUG] 'Click Register to sign up for new account': implementation found in StepRegistry, setting reflected methodInfo
25-12-2025 15:03:08.604 [Gauge] [DEBUG] Attempting to connect to grpc server at port: 59810
25-12-2025 15:03:08.604 [Gauge] [DEBUG] Successfully made the connection with runner with port: 59810
25-12-2025 15:03:08.604 [Gauge] [DEBUG] Validation started.
25-12-2025 15:03:08.788 [Gauge] [DEBUG] Downloading https://downloads.gauge.org/plugin/html-report?l=dotnet&p=dotnet,html-report,screenshot&o=darwin&a=amd64
25-12-2025 15:03:08.831 [Gauge] [ERROR] [ValidationError] /Users/Antonette/Desktop/side-quests/BugBank-Selenium-Testing/BugBankTests/BugBankTests/Scenarios/specs/SignUp.spec:8 Step implementation not found => 'Click "Register" to sign up for new account'
25-12-2025 15:03:08.831 [Gauge] [INFO] Add the following missing implementations to fix `Step implementation not found` errors.
25-12-2025 15:03:08.831 [Gauge] [INFO] 		[Step("Click <Register> to sign up for new account")]
		public void ClickToSignUpForNewAccount(arg0)
		{
			throw new NotImplementedException();
		}
25-12-2025 15:03:08.831 [Gauge] [DEBUG] Run started
25-12-2025 15:03:08.832 [Gauge] [DEBUG] Initialising suite data store.
25-12-2025 15:03:08.845 [dotnet] [DEBUG] Try load System.Collections.Concurrent in GaugeLoadContext
25-12-2025 15:03:08.870 [dotnet] [DEBUG] Loaded Instance Manager of Type: Gauge.CSharp.Lib.DefaultClassInstanceManager
25-12-2025 15:03:08.962 [dotnet] [DEBUG] Calling InvokeMethod to call method Void Setup()
25-12-2025 15:03:08.963 [dotnet] [DEBUG] Try load System.Threading in GaugeLoadContext
25-12-2025 15:03:08.964 [dotnet] [DEBUG] Try load System.Runtime in GaugeLoadContext
25-12-2025 15:03:08.964 [dotnet] [DEBUG] Try load System.Collections in GaugeLoadContext
25-12-2025 15:03:08.965 [dotnet] [DEBUG] Try load System.Collections in GaugeLoadContext
25-12-2025 15:03:08.969 [dotnet] [DEBUG] Try load System.Net.Sockets in GaugeLoadContext
25-12-2025 15:03:08.969 [dotnet] [DEBUG] Try load System.Net.Primitives in GaugeLoadContext
25-12-2025 15:03:08.977 [dotnet] [DEBUG] Try load System.Threading in GaugeLoadContext
25-12-2025 15:03:08.977 [dotnet] [DEBUG] Try load System.Console in GaugeLoadContext
25-12-2025 15:03:08.980 [dotnet] [DEBUG] Try load System.Collections.Concurrent in GaugeLoadContext
25-12-2025 15:03:08.981 [dotnet] [DEBUG] Try load System.Diagnostics.Process in GaugeLoadContext
25-12-2025 15:03:08.982 [dotnet] [DEBUG] Try load System.Text.Json in GaugeLoadContext
25-12-2025 15:03:08.983 [dotnet] [DEBUG] Try load System.Linq in GaugeLoadContext
25-12-2025 15:03:09.293 [Gauge] [DEBUG] Downloading https://downloads.gauge.org/plugin/screenshot?l=dotnet&p=dotnet,html-report,screenshot&o=darwin&a=amd64
25-12-2025 15:03:09.577 [dotnet] [DEBUG] Try load System.Text.Encodings.Web in GaugeLoadContext
25-12-2025 15:03:09.594 [dotnet] [DEBUG] Try load System.Net.Http in GaugeLoadContext
25-12-2025 15:03:12.790 [Gauge] [INFO] # BugBank Login
25-12-2025 15:03:12.926 [Gauge] [INFO] ## Login to BugBank App
25-12-2025 15:03:12.975 [Gauge] [DEBUG] * Open Bugbank Homepage
25-12-2025 15:03:13.022 [dotnet] [DEBUG] Calling InvokeMethod to call method Void OpenBugBank()
25-12-2025 15:03:13.067 [dotnet] [DEBUG] Try load System.Runtime in GaugeLoadContext
25-12-2025 15:03:14.966 [dotnet] [DEBUG] Try load System.Threading.Thread in GaugeLoadContext
25-12-2025 15:03:16.520 [dotnet] [DEBUG] Try load System.Threading in GaugeLoadContext
25-12-2025 15:03:16.520 [dotnet] [DEBUG] Try load System.Console in GaugeLoadContext
25-12-2025 15:03:16.520 [dotnet] [DEBUG] Try load System.Diagnostics.TraceSource in GaugeLoadContext
25-12-2025 15:03:16.521 [dotnet] [DEBUG] Try load System.Collections in GaugeLoadContext
25-12-2025 15:03:16.523 [dotnet] [DEBUG] Try load System.Collections.Concurrent in GaugeLoadContext
25-12-2025 15:03:16.525 [dotnet] [DEBUG] Try load System.Xml.XDocument in GaugeLoadContext
25-12-2025 15:03:16.527 [dotnet] [DEBUG] Try load System.Linq in GaugeLoadContext
25-12-2025 15:03:16.531 [dotnet] [INFO] Warning:
25-12-2025 15:03:16.531 [dotnet] [INFO] The component "Fluent Assertions" is governed by the rules defined in the Xceed License Agreement and
25-12-2025 15:03:16.531 [dotnet] [INFO] the Xceed Fluent Assertions Community License. You may use Fluent Assertions free of charge for
25-12-2025 15:03:16.531 [dotnet] [INFO] non-commercial use only. An active subscription is required to use Fluent Assertions for commercial use.
25-12-2025 15:03:16.531 [dotnet] [INFO] Please contact Xceed Sales mailto:sales@xceed.com to acquire a subscription at a very low cost.
25-12-2025 15:03:16.532 [dotnet] [INFO] A paid commercial license supports the development and continued increasing support of
25-12-2025 15:03:16.532 [dotnet] [INFO] Fluent Assertions users under both commercial and community licenses. Help us
25-12-2025 15:03:16.532 [dotnet] [INFO] keep Fluent Assertions at the forefront of unit testing.
25-12-2025 15:03:16.532 [dotnet] [INFO] For more information, visit https://xceed.com/products/unit-testing/fluent-assertions/
25-12-2025 15:03:16.585 [Gauge] [INFO] # BugBank Sign Up
25-12-2025 15:03:16.590 [dotnet] [DEBUG] Calling InvokeMethod to call method Void TearDown()
25-12-2025 15:03:16.723 [dotnet] [DEBUG] Try load System.ComponentModel.Primitives in GaugeLoadContext
25-12-2025 15:03:16.803 [dotnet] [DEBUG] KillProcessrequest received
25-12-2025 15:03:16.805 [Gauge] [INFO] Specifications:	1 executed	1 passed	0 failed	1 skipped
25-12-2025 15:03:16.805 [Gauge] [INFO] Scenarios:	1 executed	1 passed	0 failed	1 skipped
25-12-2025 15:03:16.805 [Gauge] [INFO] 
Total time taken: 7.964s
25-12-2025 15:03:16.806 [Gauge] [INFO] Updates are available. Run `gauge update -c` for more info.
25-12-2025 15:03:48.369 [Gauge] [DEBUG] Created gauge_screenshots_dir at /Users/Antonette/Desktop/side-quests/BugBank-Selenium-Testing/BugBankTests/BugBankTests/.gauge/screenshots
25-12-2025 15:03:48.370 [Gauge] [DEBUG] Plugin dotnet is already installed.
25-12-2025 15:03:48.370 [Gauge] [DEBUG] Plugin screenshot is already installed.
25-12-2025 15:03:48.370 [Gauge] [DEBUG] Parsing started.
25-12-2025 15:03:48.370 [Gauge] [DEBUG] Started concepts parsing.
25-12-2025 15:03:48.372 [Gauge] [DEBUG] 0 concepts parsing completed.
25-12-2025 15:03:48.372 [Gauge] [DEBUG] Started specifications parsing.
25-12-2025 15:03:48.373 [Gauge] [DEBUG] 2 specifications parsing completed.
25-12-2025 15:03:48.373 [Gauge] [DEBUG] Parsing completed.
25-12-2025 15:03:49.176 [Gauge] [DEBUG] Checking updates...
25-12-2025 15:03:49.177 [Gauge] [DEBUG] Downloading https://downloads.gauge.org/plugin/dotnet?l=dotnet&p=dotnet,html-report,screenshot&o=darwin&a=amd64
25-12-2025 15:03:49.811 [Gauge] [DEBUG] Downloading https://downloads.gauge.org/plugin/html-report?l=dotnet&p=dotnet,html-report,screenshot&o=darwin&a=amd64
25-12-2025 15:03:50.109 [Gauge] [DEBUG] Downloading https://downloads.gauge.org/plugin/screenshot?l=dotnet&p=dotnet,html-report,screenshot&o=darwin&a=amd64
25-12-2025 15:03:53.142 [dotnet] [INFO] /Users/Antonette/Desktop/side-quests/BugBank-Selenium-Testing/BugBankTests/BugBankTests/Scenarios/page/LoginPage.cs(15,53): warning CS8601: Possible null reference assignment. [/Users/Antonette/Desktop/side-quests/BugBank-Selenium-Testing/BugBankTests/BugBankTests/BugBankTests.csproj]
25-12-2025 15:03:53.638 [dotnet] [DEBUG] Loading assembly from : /Users/Antonette/Desktop/side-quests/BugBank-Selenium-Testing/BugBankTests/BugBankTests/gauge_bin/BugBankTests.dll
25-12-2025 15:03:54.022 [dotnet] [DEBUG] Try load Gauge.CSharp.Lib in GaugeLoadContext
25-12-2025 15:03:54.042 [dotnet] [DEBUG] Try load BugBankTests in GaugeLoadContext
25-12-2025 15:03:54.051 [dotnet] [DEBUG] Try load System.Runtime in GaugeLoadContext
25-12-2025 15:03:54.051 [dotnet] [DEBUG] Try load WebDriver in GaugeLoadContext
25-12-2025 15:03:54.054 [dotnet] [DEBUG] Try load FluentAssertions in GaugeLoadContext
25-12-2025 15:03:54.055 [dotnet] [DEBUG] Try load SeleniumExtras.WaitHelpers in GaugeLoadContext
25-12-2025 15:03:54.055 [dotnet] [DEBUG] Try load System.Collections in GaugeLoadContext
25-12-2025 15:03:54.057 [dotnet] [DEBUG] Try load System.Runtime in GaugeLoadContext
25-12-2025 15:03:54.059 [dotnet] [DEBUG] Number of AssembliesReferencingGaugeLib : 1
25-12-2025 15:03:54.062 [dotnet] [DEBUG] Try load System.Runtime in GaugeLoadContext
25-12-2025 15:03:54.062 [dotnet] [DEBUG] Try load System.Collections in GaugeLoadContext
25-12-2025 15:03:54.064 [dotnet] [DEBUG] Building StepRegistry...
25-12-2025 15:03:54.068 [dotnet] [DEBUG] 2 Step implementations found. Adding to registry...
25-12-2025 15:03:54.070 [dotnet] [DEBUG] 'Open Bugbank Homepage': implementation found in StepRegistry, setting reflected methodInfo
25-12-2025 15:03:54.072 [dotnet] [DEBUG] 'Click {} to sign up for new account': implementation found in StepRegistry, setting reflected methodInfo
25-12-2025 15:03:54.072 [dotnet] [DEBUG] Building StepRegistry...
25-12-2025 15:03:54.073 [dotnet] [DEBUG] 2 Step implementations found. Adding to registry...
25-12-2025 15:03:54.073 [dotnet] [DEBUG] 'Open Bugbank Homepage': implementation found in StepRegistry, setting reflected methodInfo
25-12-2025 15:03:54.073 [dotnet] [DEBUG] 'Click {} to sign up for new account': implementation found in StepRegistry, setting reflected methodInfo
25-12-2025 15:03:54.157 [Gauge] [DEBUG] Attempting to connect to grpc server at port: 59836
25-12-2025 15:03:54.158 [Gauge] [DEBUG] Successfully made the connection with runner with port: 59836
25-12-2025 15:03:54.158 [Gauge] [DEBUG] Validation started.
25-12-2025 15:03:54.381 [Gauge] [DEBUG] Validation completed.
25-12-2025 15:03:54.382 [Gauge] [DEBUG] Run started
25-12-2025 15:03:54.383 [Gauge] [DEBUG] Initialising suite data store.
25-12-2025 15:03:54.391 [dotnet] [DEBUG] Try load System.Collections.Concurrent in GaugeLoadContext
25-12-2025 15:03:54.408 [dotnet] [DEBUG] Loaded Instance Manager of Type: Gauge.CSharp.Lib.DefaultClassInstanceManager
25-12-2025 15:03:54.494 [dotnet] [DEBUG] Calling InvokeMethod to call method Void Setup()
25-12-2025 15:03:54.495 [dotnet] [DEBUG] Try load System.Threading in GaugeLoadContext
25-12-2025 15:03:54.496 [dotnet] [DEBUG] Try load System.Runtime in GaugeLoadContext
25-12-2025 15:03:54.497 [dotnet] [DEBUG] Try load System.Collections in GaugeLoadContext
25-12-2025 15:03:54.497 [dotnet] [DEBUG] Try load System.Collections in GaugeLoadContext
25-12-2025 15:03:54.501 [dotnet] [DEBUG] Try load System.Net.Sockets in GaugeLoadContext
25-12-2025 15:03:54.501 [dotnet] [DEBUG] Try load System.Net.Primitives in GaugeLoadContext
25-12-2025 15:03:54.510 [dotnet] [DEBUG] Try load System.Threading in GaugeLoadContext
25-12-2025 15:03:54.510 [dotnet] [DEBUG] Try load System.Console in GaugeLoadContext
25-12-2025 15:03:54.511 [dotnet] [DEBUG] Try load System.Collections.Concurrent in GaugeLoadContext
25-12-2025 15:03:54.513 [dotnet] [DEBUG] Try load System.Diagnostics.Process in GaugeLoadContext
25-12-2025 15:03:54.514 [dotnet] [DEBUG] Try load System.Text.Json in GaugeLoadContext
25-12-2025 15:03:54.516 [dotnet] [DEBUG] Try load System.Linq in GaugeLoadContext
25-12-2025 15:03:55.080 [dotnet] [DEBUG] Try load System.Text.Encodings.Web in GaugeLoadContext
25-12-2025 15:03:55.097 [dotnet] [DEBUG] Try load System.Net.Http in GaugeLoadContext
25-12-2025 15:03:58.167 [Gauge] [INFO] # BugBank Login
25-12-2025 15:03:58.227 [Gauge] [INFO] ## Login to BugBank App
25-12-2025 15:03:58.272 [Gauge] [DEBUG] * Open Bugbank Homepage
25-12-2025 15:03:58.299 [dotnet] [DEBUG] Calling InvokeMethod to call method Void OpenBugBank()
25-12-2025 15:03:58.302 [dotnet] [DEBUG] Try load System.Runtime in GaugeLoadContext
25-12-2025 15:04:00.895 [dotnet] [DEBUG] Try load System.Threading.Thread in GaugeLoadContext
25-12-2025 15:04:02.443 [dotnet] [DEBUG] Try load System.Threading in GaugeLoadContext
25-12-2025 15:04:02.443 [dotnet] [DEBUG] Try load System.Console in GaugeLoadContext
25-12-2025 15:04:02.443 [dotnet] [DEBUG] Try load System.Diagnostics.TraceSource in GaugeLoadContext
25-12-2025 15:04:02.445 [dotnet] [DEBUG] Try load System.Collections in GaugeLoadContext
25-12-2025 15:04:02.448 [dotnet] [DEBUG] Try load System.Collections.Concurrent in GaugeLoadContext
25-12-2025 15:04:02.451 [dotnet] [DEBUG] Try load System.Xml.XDocument in GaugeLoadContext
25-12-2025 15:04:02.453 [dotnet] [DEBUG] Try load System.Linq in GaugeLoadContext
25-12-2025 15:04:02.458 [dotnet] [INFO] Warning:
25-12-2025 15:04:02.459 [dotnet] [INFO] The component "Fluent Assertions" is governed by the rules defined in the Xceed License Agreement and
25-12-2025 15:04:02.459 [dotnet] [INFO] the Xceed Fluent Assertions Community License. You may use Fluent Assertions free of charge for
25-12-2025 15:04:02.459 [dotnet] [INFO] non-commercial use only. An active subscription is required to use Fluent Assertions for commercial use.
25-12-2025 15:04:02.459 [dotnet] [INFO] Please contact Xceed Sales mailto:sales@xceed.com to acquire a subscription at a very low cost.
25-12-2025 15:04:02.459 [dotnet] [INFO] A paid commercial license supports the development and continued increasing support of
25-12-2025 15:04:02.459 [dotnet] [INFO] Fluent Assertions users under both commercial and community licenses. Help us
25-12-2025 15:04:02.459 [dotnet] [INFO] keep Fluent Assertions at the forefront of unit testing.
25-12-2025 15:04:02.459 [dotnet] [INFO] For more information, visit https://xceed.com/products/unit-testing/fluent-assertions/
25-12-2025 15:04:02.509 [Gauge] [INFO] # BugBank Sign Up
25-12-2025 15:04:02.523 [Gauge] [INFO] ## Sign up for BugBank
25-12-2025 15:04:02.529 [Gauge] [DEBUG] * Open Bugbank Homepage
25-12-2025 15:04:02.541 [dotnet] [DEBUG] Calling InvokeMethod to call method Void OpenBugBank()
25-12-2025 15:04:03.800 [Gauge] [DEBUG] * Click "Register" to sign up for new account
25-12-2025 15:04:03.813 [Gauge] [ERROR] Failed Step: Click "Register" to sign up for new account
25-12-2025 15:04:03.813 [Gauge] [ERROR] Error Message: Argument length mismatch for Click "Register" to sign up for new account. Actual Count: 1, Expected Count: 0
25-12-2025 15:04:03.813 [Gauge] [ERROR] Specification: Scenarios/specs/SignUp.spec:8
25-12-2025 15:04:03.813 [Gauge] [ERROR] Stacktrace: 
25-12-2025 15:04:03.833 [dotnet] [DEBUG] Calling InvokeMethod to call method Void TearDown()
25-12-2025 15:04:04.010 [dotnet] [DEBUG] Try load System.ComponentModel.Primitives in GaugeLoadContext
25-12-2025 15:04:04.085 [dotnet] [DEBUG] KillProcessrequest received
25-12-2025 15:04:04.087 [Gauge] [INFO] Specifications:	2 executed	1 passed	1 failed	0 skipped
25-12-2025 15:04:04.087 [Gauge] [INFO] Scenarios:	2 executed	1 passed	1 failed	0 skipped
25-12-2025 15:04:04.087 [Gauge] [INFO] 
Total time taken: 9.701s
25-12-2025 15:04:04.088 [Gauge] [INFO] Updates are available. Run `gauge update -c` for more info.
25-12-2025 15:04:34.124 [Gauge] [DEBUG] Created gauge_screenshots_dir at /Users/Antonette/Desktop/side-quests/BugBank-Selenium-Testing/BugBankTests/BugBankTests/.gauge/screenshots
25-12-2025 15:04:34.125 [Gauge] [DEBUG] Plugin screenshot is already installed.
25-12-2025 15:04:34.127 [Gauge] [DEBUG] Plugin dotnet is already installed.
25-12-2025 15:04:34.128 [Gauge] [DEBUG] Parsing started.
25-12-2025 15:04:34.128 [Gauge] [DEBUG] Started concepts parsing.
25-12-2025 15:04:34.130 [Gauge] [DEBUG] 0 concepts parsing completed.
25-12-2025 15:04:34.131 [Gauge] [DEBUG] Started specifications parsing.
25-12-2025 15:04:34.133 [Gauge] [DEBUG] 2 specifications parsing completed.
25-12-2025 15:04:34.133 [Gauge] [DEBUG] Parsing completed.
25-12-2025 15:04:34.948 [Gauge] [DEBUG] Checking updates...
25-12-2025 15:04:34.949 [Gauge] [DEBUG] Downloading https://downloads.gauge.org/plugin/dotnet?l=dotnet&p=dotnet,html-report,screenshot&o=darwin&a=amd64
25-12-2025 15:04:35.805 [Gauge] [DEBUG] Downloading https://downloads.gauge.org/plugin/html-report?l=dotnet&p=dotnet,html-report,screenshot&o=darwin&a=amd64
25-12-2025 15:04:36.215 [Gauge] [DEBUG] Downloading https://downloads.gauge.org/plugin/screenshot?l=dotnet&p=dotnet,html-report,screenshot&o=darwin&a=amd64
25-12-2025 15:04:38.538 [dotnet] [INFO] /Users/Antonette/Desktop/side-quests/BugBank-Selenium-Testing/BugBankTests/BugBankTests/Scenarios/page/LoginPage.cs(15,53): warning CS8601: Possible null reference assignment. [/Users/Antonette/Desktop/side-quests/BugBank-Selenium-Testing/BugBankTests/BugBankTests/BugBankTests.csproj]
25-12-2025 15:04:38.992 [dotnet] [DEBUG] Loading assembly from : /Users/Antonette/Desktop/side-quests/BugBank-Selenium-Testing/BugBankTests/BugBankTests/gauge_bin/BugBankTests.dll
25-12-2025 15:04:39.352 [dotnet] [DEBUG] Try load Gauge.CSharp.Lib in GaugeLoadContext
25-12-2025 15:04:39.378 [dotnet] [DEBUG] Try load BugBankTests in GaugeLoadContext
25-12-2025 15:04:39.379 [dotnet] [DEBUG] Try load System.Runtime in GaugeLoadContext
25-12-2025 15:04:39.380 [dotnet] [DEBUG] Try load WebDriver in GaugeLoadContext
25-12-2025 15:04:39.384 [dotnet] [DEBUG] Try load FluentAssertions in GaugeLoadContext
25-12-2025 15:04:39.384 [dotnet] [DEBUG] Try load SeleniumExtras.WaitHelpers in GaugeLoadContext
25-12-2025 15:04:39.385 [dotnet] [DEBUG] Try load System.Collections in GaugeLoadContext
25-12-2025 15:04:39.388 [dotnet] [DEBUG] Try load System.Runtime in GaugeLoadContext
25-12-2025 15:04:39.390 [dotnet] [DEBUG] Number of AssembliesReferencingGaugeLib : 1
25-12-2025 15:04:39.393 [dotnet] [DEBUG] Try load System.Runtime in GaugeLoadContext
25-12-2025 15:04:39.393 [dotnet] [DEBUG] Try load System.Collections in GaugeLoadContext
25-12-2025 15:04:39.395 [dotnet] [DEBUG] Building StepRegistry...
25-12-2025 15:04:39.398 [dotnet] [DEBUG] 2 Step implementations found. Adding to registry...
25-12-2025 15:04:39.402 [dotnet] [DEBUG] 'Open Bugbank Homepage': implementation found in StepRegistry, setting reflected methodInfo
25-12-2025 15:04:39.404 [dotnet] [DEBUG] 'Click Register to sign up for new account': implementation found in StepRegistry, setting reflected methodInfo
25-12-2025 15:04:39.404 [dotnet] [DEBUG] Building StepRegistry...
25-12-2025 15:04:39.404 [dotnet] [DEBUG] 2 Step implementations found. Adding to registry...
25-12-2025 15:04:39.404 [dotnet] [DEBUG] 'Open Bugbank Homepage': implementation found in StepRegistry, setting reflected methodInfo
25-12-2025 15:04:39.405 [dotnet] [DEBUG] 'Click Register to sign up for new account': implementation found in StepRegistry, setting reflected methodInfo
25-12-2025 15:04:39.522 [Gauge] [DEBUG] Attempting to connect to grpc server at port: 59864
25-12-2025 15:04:39.522 [Gauge] [DEBUG] Successfully made the connection with runner with port: 59864
25-12-2025 15:04:39.522 [Gauge] [DEBUG] Validation started.
25-12-2025 15:04:39.807 [Gauge] [DEBUG] Validation completed.
25-12-2025 15:04:39.807 [Gauge] [DEBUG] Run started
25-12-2025 15:04:39.808 [Gauge] [DEBUG] Initialising suite data store.
25-12-2025 15:04:39.816 [dotnet] [DEBUG] Try load System.Collections.Concurrent in GaugeLoadContext
25-12-2025 15:04:39.839 [dotnet] [DEBUG] Loaded Instance Manager of Type: Gauge.CSharp.Lib.DefaultClassInstanceManager
25-12-2025 15:04:39.915 [dotnet] [DEBUG] Calling InvokeMethod to call method Void Setup()
25-12-2025 15:04:39.916 [dotnet] [DEBUG] Try load System.Threading in GaugeLoadContext
25-12-2025 15:04:39.918 [dotnet] [DEBUG] Try load System.Runtime in GaugeLoadContext
25-12-2025 15:04:39.918 [dotnet] [DEBUG] Try load System.Collections in GaugeLoadContext
25-12-2025 15:04:39.918 [dotnet] [DEBUG] Try load System.Collections in GaugeLoadContext
25-12-2025 15:04:39.922 [dotnet] [DEBUG] Try load System.Net.Sockets in GaugeLoadContext
25-12-2025 15:04:39.922 [dotnet] [DEBUG] Try load System.Net.Primitives in GaugeLoadContext
25-12-2025 15:04:39.932 [dotnet] [DEBUG] Try load System.Threading in GaugeLoadContext
25-12-2025 15:04:39.932 [dotnet] [DEBUG] Try load System.Console in GaugeLoadContext
25-12-2025 15:04:39.933 [dotnet] [DEBUG] Try load System.Collections.Concurrent in GaugeLoadContext
25-12-2025 15:04:39.937 [dotnet] [DEBUG] Try load System.Diagnostics.Process in GaugeLoadContext
25-12-2025 15:04:39.937 [dotnet] [DEBUG] Try load System.Text.Json in GaugeLoadContext
25-12-2025 15:04:39.939 [dotnet] [DEBUG] Try load System.Linq in GaugeLoadContext
25-12-2025 15:04:40.381 [dotnet] [DEBUG] Try load System.Text.Encodings.Web in GaugeLoadContext
25-12-2025 15:04:40.397 [dotnet] [DEBUG] Try load System.Net.Http in GaugeLoadContext
25-12-2025 15:04:42.717 [Gauge] [INFO] # BugBank Login
25-12-2025 15:04:42.791 [Gauge] [INFO] ## Login to BugBank App
25-12-2025 15:04:42.813 [Gauge] [DEBUG] * Open Bugbank Homepage
25-12-2025 15:04:42.864 [dotnet] [DEBUG] Calling InvokeMethod to call method Void OpenBugBank()
25-12-2025 15:04:42.867 [dotnet] [DEBUG] Try load System.Runtime in GaugeLoadContext
25-12-2025 15:04:44.773 [dotnet] [DEBUG] Try load System.Threading.Thread in GaugeLoadContext
25-12-2025 15:04:46.324 [dotnet] [DEBUG] Try load System.Threading in GaugeLoadContext
25-12-2025 15:04:46.324 [dotnet] [DEBUG] Try load System.Console in GaugeLoadContext
25-12-2025 15:04:46.324 [dotnet] [DEBUG] Try load System.Diagnostics.TraceSource in GaugeLoadContext
25-12-2025 15:04:46.325 [dotnet] [DEBUG] Try load System.Collections in GaugeLoadContext
25-12-2025 15:04:46.327 [dotnet] [DEBUG] Try load System.Collections.Concurrent in GaugeLoadContext
25-12-2025 15:04:46.329 [dotnet] [DEBUG] Try load System.Xml.XDocument in GaugeLoadContext
25-12-2025 15:04:46.331 [dotnet] [DEBUG] Try load System.Linq in GaugeLoadContext
25-12-2025 15:04:46.335 [dotnet] [INFO] Warning:
25-12-2025 15:04:46.335 [dotnet] [INFO] The component "Fluent Assertions" is governed by the rules defined in the Xceed License Agreement and
25-12-2025 15:04:46.335 [dotnet] [INFO] the Xceed Fluent Assertions Community License. You may use Fluent Assertions free of charge for
25-12-2025 15:04:46.335 [dotnet] [INFO] non-commercial use only. An active subscription is required to use Fluent Assertions for commercial use.
25-12-2025 15:04:46.335 [dotnet] [INFO] Please contact Xceed Sales mailto:sales@xceed.com to acquire a subscription at a very low cost.
25-12-2025 15:04:46.335 [dotnet] [INFO] A paid commercial license supports the development and continued increasing support of
25-12-2025 15:04:46.335 [dotnet] [INFO] Fluent Assertions users under both commercial and community licenses. Help us
25-12-2025 15:04:46.335 [dotnet] [INFO] keep Fluent Assertions at the forefront of unit testing.
25-12-2025 15:04:46.335 [dotnet] [INFO] For more information, visit https://xceed.com/products/unit-testing/fluent-assertions/
25-12-2025 15:04:46.379 [Gauge] [INFO] # BugBank Sign Up
25-12-2025 15:04:46.386 [Gauge] [INFO] ## Sign up for BugBank
25-12-2025 15:04:46.394 [Gauge] [DEBUG] * Open Bugbank Homepage
25-12-2025 15:04:46.397 [dotnet] [DEBUG] Calling InvokeMethod to call method Void OpenBugBank()
25-12-2025 15:04:47.615 [Gauge] [DEBUG] * Click Register to sign up for new account
25-12-2025 15:04:47.619 [dotnet] [DEBUG] Calling InvokeMethod to call method Void Register()
25-12-2025 15:04:47.619 [dotnet] [DEBUG] Try load netstandard in GaugeLoadContext
25-12-2025 15:04:47.895 [dotnet] [DEBUG] Calling InvokeMethod to call method Void TearDown()
25-12-2025 15:04:48.018 [dotnet] [DEBUG] Try load System.ComponentModel.Primitives in GaugeLoadContext
25-12-2025 15:04:48.115 [dotnet] [DEBUG] KillProcessrequest received
25-12-2025 15:04:48.116 [Gauge] [INFO] Specifications:	2 executed	2 passed	0 failed	0 skipped
25-12-2025 15:04:48.116 [Gauge] [INFO] Scenarios:	2 executed	2 passed	0 failed	0 skipped
25-12-2025 15:04:48.116 [Gauge] [INFO] 
Total time taken: 8.304s
25-12-2025 15:04:48.117 [Gauge] [INFO] Updates are available. Run `gauge update -c` for more info.
25-12-2025 15:05:20.037 [Gauge] [DEBUG] Created gauge_screenshots_dir at /Users/Antonette/Desktop/side-quests/BugBank-Selenium-Testing/BugBankTests/BugBankTests/.gauge/screenshots
25-12-2025 15:05:20.039 [Gauge] [DEBUG] Plugin dotnet is already installed.
25-12-2025 15:05:20.039 [Gauge] [DEBUG] Plugin screenshot is already installed.
25-12-2025 15:05:20.040 [Gauge] [DEBUG] Parsing started.
25-12-2025 15:05:20.040 [Gauge] [DEBUG] Started concepts parsing.
25-12-2025 15:05:20.041 [Gauge] [DEBUG] 0 concepts parsing completed.
25-12-2025 15:05:20.042 [Gauge] [DEBUG] Started specifications parsing.
25-12-2025 15:05:20.044 [Gauge] [ERROR] [ParseError] /Users/Antonette/Desktop/side-quests/BugBank-Selenium-Testing/BugBankTests/BugBankTests/Scenarios/specs/Login.spec:1 Spec heading not found => ''
25-12-2025 15:05:20.044 [Gauge] [DEBUG] 2 specifications parsing completed.
25-12-2025 15:05:20.044 [Gauge] [DEBUG] Parsing completed.
25-12-2025 15:05:23.954 [dotnet] [DEBUG] Loading assembly from : /Users/Antonette/Desktop/side-quests/BugBank-Selenium-Testing/BugBankTests/BugBankTests/gauge_bin/BugBankTests.dll
25-12-2025 15:05:24.206 [dotnet] [DEBUG] Try load Gauge.CSharp.Lib in GaugeLoadContext
25-12-2025 15:05:24.225 [dotnet] [DEBUG] Try load BugBankTests in GaugeLoadContext
25-12-2025 15:05:24.226 [dotnet] [DEBUG] Try load System.Runtime in GaugeLoadContext
25-12-2025 15:05:24.226 [dotnet] [DEBUG] Try load WebDriver in GaugeLoadContext
25-12-2025 15:05:24.229 [dotnet] [DEBUG] Try load FluentAssertions in GaugeLoadContext
25-12-2025 15:05:24.229 [dotnet] [DEBUG] Try load SeleniumExtras.WaitHelpers in GaugeLoadContext
25-12-2025 15:05:24.229 [dotnet] [DEBUG] Try load System.Collections in GaugeLoadContext
25-12-2025 15:05:24.232 [dotnet] [DEBUG] Try load System.Runtime in GaugeLoadContext
25-12-2025 15:05:24.233 [dotnet] [DEBUG] Number of AssembliesReferencingGaugeLib : 1
25-12-2025 15:05:24.236 [dotnet] [DEBUG] Try load System.Runtime in GaugeLoadContext
25-12-2025 15:05:24.236 [dotnet] [DEBUG] Try load System.Collections in GaugeLoadContext
25-12-2025 15:05:24.237 [dotnet] [DEBUG] Building StepRegistry...
25-12-2025 15:05:24.240 [dotnet] [DEBUG] 2 Step implementations found. Adding to registry...
25-12-2025 15:05:24.242 [dotnet] [DEBUG] 'Open Bugbank Homepage': implementation found in StepRegistry, setting reflected methodInfo
25-12-2025 15:05:24.243 [dotnet] [DEBUG] 'Click Register to sign up for new account': implementation found in StepRegistry, setting reflected methodInfo
25-12-2025 15:05:24.243 [dotnet] [DEBUG] Building StepRegistry...
25-12-2025 15:05:24.243 [dotnet] [DEBUG] 2 Step implementations found. Adding to registry...
25-12-2025 15:05:24.244 [dotnet] [DEBUG] 'Open Bugbank Homepage': implementation found in StepRegistry, setting reflected methodInfo
25-12-2025 15:05:24.244 [dotnet] [DEBUG] 'Click Register to sign up for new account': implementation found in StepRegistry, setting reflected methodInfo
25-12-2025 15:05:24.340 [Gauge] [DEBUG] Attempting to connect to grpc server at port: 59889
25-12-2025 15:05:24.342 [Gauge] [DEBUG] Successfully made the connection with runner with port: 59889
25-12-2025 15:05:24.343 [Gauge] [DEBUG] Validation started.
25-12-2025 15:05:24.407 [Gauge] [DEBUG] Checking updates...
25-12-2025 15:05:24.408 [Gauge] [DEBUG] Downloading https://downloads.gauge.org/plugin/dotnet?l=dotnet&p=dotnet,html-report,screenshot&o=darwin&a=amd64
25-12-2025 15:05:24.611 [Gauge] [DEBUG] Validation completed.
25-12-2025 15:05:24.611 [Gauge] [DEBUG] Run started
25-12-2025 15:05:24.611 [Gauge] [DEBUG] Initialising suite data store.
25-12-2025 15:05:24.619 [dotnet] [DEBUG] Try load System.Collections.Concurrent in GaugeLoadContext
25-12-2025 15:05:24.638 [dotnet] [DEBUG] Loaded Instance Manager of Type: Gauge.CSharp.Lib.DefaultClassInstanceManager
25-12-2025 15:05:24.714 [dotnet] [DEBUG] Calling InvokeMethod to call method Void Setup()
25-12-2025 15:05:24.715 [dotnet] [DEBUG] Try load System.Threading in GaugeLoadContext
25-12-2025 15:05:24.717 [dotnet] [DEBUG] Try load System.Runtime in GaugeLoadContext
25-12-2025 15:05:24.717 [dotnet] [DEBUG] Try load System.Collections in GaugeLoadContext
25-12-2025 15:05:24.717 [dotnet] [DEBUG] Try load System.Collections in GaugeLoadContext
25-12-2025 15:05:24.721 [dotnet] [DEBUG] Try load System.Net.Sockets in GaugeLoadContext
25-12-2025 15:05:24.721 [dotnet] [DEBUG] Try load System.Net.Primitives in GaugeLoadContext
25-12-2025 15:05:24.729 [dotnet] [DEBUG] Try load System.Threading in GaugeLoadContext
25-12-2025 15:05:24.729 [dotnet] [DEBUG] Try load System.Console in GaugeLoadContext
25-12-2025 15:05:24.730 [dotnet] [DEBUG] Try load System.Collections.Concurrent in GaugeLoadContext
25-12-2025 15:05:24.733 [dotnet] [DEBUG] Try load System.Diagnostics.Process in GaugeLoadContext
25-12-2025 15:05:24.733 [dotnet] [DEBUG] Try load System.Text.Json in GaugeLoadContext
25-12-2025 15:05:24.735 [dotnet] [DEBUG] Try load System.Linq in GaugeLoadContext
25-12-2025 15:05:25.426 [dotnet] [DEBUG] Try load System.Text.Encodings.Web in GaugeLoadContext
25-12-2025 15:05:25.460 [dotnet] [DEBUG] Try load System.Net.Http in GaugeLoadContext
25-12-2025 15:05:26.365 [Gauge] [DEBUG] Downloading https://downloads.gauge.org/plugin/html-report?l=dotnet&p=dotnet,html-report,screenshot&o=darwin&a=amd64
25-12-2025 15:05:27.181 [Gauge] [DEBUG] Downloading https://downloads.gauge.org/plugin/screenshot?l=dotnet&p=dotnet,html-report,screenshot&o=darwin&a=amd64
25-12-2025 15:05:28.656 [Gauge] [INFO] # BugBank Sign Up
25-12-2025 15:05:28.693 [Gauge] [INFO] ## Sign up for BugBank
25-12-2025 15:05:28.709 [Gauge] [DEBUG] * Open Bugbank Homepage
25-12-2025 15:05:28.814 [dotnet] [DEBUG] Calling InvokeMethod to call method Void OpenBugBank()
25-12-2025 15:05:28.818 [dotnet] [DEBUG] Try load System.Runtime in GaugeLoadContext
25-12-2025 15:05:31.532 [dotnet] [DEBUG] Try load System.Threading.Thread in GaugeLoadContext
25-12-2025 15:05:33.077 [dotnet] [DEBUG] Try load System.Threading in GaugeLoadContext
25-12-2025 15:05:33.077 [dotnet] [DEBUG] Try load System.Console in GaugeLoadContext
25-12-2025 15:05:33.077 [dotnet] [DEBUG] Try load System.Diagnostics.TraceSource in GaugeLoadContext
25-12-2025 15:05:33.078 [dotnet] [DEBUG] Try load System.Collections in GaugeLoadContext
25-12-2025 15:05:33.080 [dotnet] [DEBUG] Try load System.Collections.Concurrent in GaugeLoadContext
25-12-2025 15:05:33.082 [dotnet] [DEBUG] Try load System.Xml.XDocument in GaugeLoadContext
25-12-2025 15:05:33.084 [dotnet] [DEBUG] Try load System.Linq in GaugeLoadContext
25-12-2025 15:05:33.088 [dotnet] [INFO] Warning:
25-12-2025 15:05:33.088 [dotnet] [INFO] The component "Fluent Assertions" is governed by the rules defined in the Xceed License Agreement and
25-12-2025 15:05:33.088 [dotnet] [INFO] the Xceed Fluent Assertions Community License. You may use Fluent Assertions free of charge for
25-12-2025 15:05:33.088 [dotnet] [INFO] non-commercial use only. An active subscription is required to use Fluent Assertions for commercial use.
25-12-2025 15:05:33.088 [dotnet] [INFO] Please contact Xceed Sales mailto:sales@xceed.com to acquire a subscription at a very low cost.
25-12-2025 15:05:33.088 [dotnet] [INFO] A paid commercial license supports the development and continued increasing support of
25-12-2025 15:05:33.088 [dotnet] [INFO] Fluent Assertions users under both commercial and community licenses. Help us
25-12-2025 15:05:33.088 [dotnet] [INFO] keep Fluent Assertions at the forefront of unit testing.
25-12-2025 15:05:33.088 [dotnet] [INFO] For more information, visit https://xceed.com/products/unit-testing/fluent-assertions/
25-12-2025 15:05:33.124 [Gauge] [DEBUG] * Click Register to sign up for new account
25-12-2025 15:05:33.138 [dotnet] [DEBUG] Calling InvokeMethod to call method Void Register()
25-12-2025 15:05:33.138 [dotnet] [DEBUG] Try load netstandard in GaugeLoadContext
25-12-2025 15:05:33.367 [dotnet] [DEBUG] Calling InvokeMethod to call method Void TearDown()
25-12-2025 15:05:33.525 [dotnet] [DEBUG] Try load System.ComponentModel.Primitives in GaugeLoadContext
25-12-2025 15:05:33.604 [dotnet] [DEBUG] KillProcessrequest received
25-12-2025 15:05:33.607 [Gauge] [INFO] Specifications:	2 executed	1 passed	1 failed	0 skipped
25-12-2025 15:05:33.607 [Gauge] [INFO] Scenarios:	1 executed	1 passed	0 failed	0 skipped
25-12-2025 15:05:33.607 [Gauge] [INFO] 
Total time taken: 8.988s
25-12-2025 15:05:33.608 [Gauge] [INFO] Updates are available. Run `gauge update -c` for more info.
25-12-2025 15:13:41.560 [Gauge] [DEBUG] Created gauge_screenshots_dir at /Users/Antonette/Desktop/side-quests/BugBank-Selenium-Testing/BugBankTests/BugBankTests/.gauge/screenshots
25-12-2025 15:13:41.562 [Gauge] [DEBUG] Plugin dotnet is already installed.
25-12-2025 15:13:41.564 [Gauge] [DEBUG] Plugin screenshot is already installed.
25-12-2025 15:13:41.564 [Gauge] [DEBUG] Parsing started.
25-12-2025 15:13:41.564 [Gauge] [DEBUG] Started concepts parsing.
25-12-2025 15:13:41.569 [Gauge] [DEBUG] 0 concepts parsing completed.
25-12-2025 15:13:41.569 [Gauge] [DEBUG] Started specifications parsing.
25-12-2025 15:13:41.571 [Gauge] [ERROR] [ParseError] /Users/Antonette/Desktop/side-quests/BugBank-Selenium-Testing/BugBankTests/BugBankTests/Scenarios/specs/Login.spec:1 Spec heading not found => ''
25-12-2025 15:13:41.571 [Gauge] [DEBUG] 2 specifications parsing completed.
25-12-2025 15:13:41.571 [Gauge] [DEBUG] Parsing completed.
25-12-2025 15:13:45.069 [dotnet] [INFO] /Users/Antonette/Desktop/side-quests/BugBank-Selenium-Testing/BugBankTests/BugBankTests/Scenarios/steps/SignUpSteps.cs(24,32): error CS0246: The type or namespace name 'IWebDriver' could not be found (are you missing a using directive or an assembly reference?) [/Users/Antonette/Desktop/side-quests/BugBank-Selenium-Testing/BugBankTests/BugBankTests/BugBankTests.csproj]
25-12-2025 15:13:45.279 [dotnet] [INFO] { "logLevel": "fatal", "message": "Unable to build Project in /Users/Antonette/Desktop/side-quests/BugBank-Selenium-Testing/BugBankTests/BugBankTests\ndotnet Project build failed.
25-12-2025 15:13:45.280 [dotnet] [INFO] Ran 'dotnet publish --runtime=osx-x64 --no-self-contained --configuration=release --output="/Users/Antonette/Desktop/side-quests/BugBank-Selenium-Testing/BugBankTests/BugBankTests/gauge_bin"  "BugBankTests.csproj" --verbosity=quiet'\n   at Gauge.Dotnet.GaugeProjectBuilder.BuildTargetGaugeProject() in /home/runner/work/gauge-dotnet/gauge-dotnet/src/GaugeProjectBuilder.cs:line 59"}
25-12-2025 15:13:45.282 [dotnet] [ERROR] Unhandled exception.
25-12-2025 15:13:45.290 [dotnet] [ERROR] System.Exception: dotnet Project build failed.
25-12-2025 15:13:45.290 [dotnet] [ERROR] Ran 'dotnet publish --runtime=osx-x64 --no-self-contained --configuration=release --output="/Users/Antonette/Desktop/side-quests/BugBank-Selenium-Testing/BugBankTests/BugBankTests/gauge_bin"  "BugBankTests.csproj" --verbosity=quiet'
25-12-2025 15:13:45.290 [dotnet] [ERROR] at Gauge.Dotnet.GaugeProjectBuilder.BuildTargetGaugeProject() in /home/runner/work/gauge-dotnet/gauge-dotnet/src/GaugeProjectBuilder.cs:line 59
25-12-2025 15:13:45.290 [dotnet] [ERROR] at Gauge.Dotnet.Program.Main(String[] args) in /home/runner/work/gauge-dotnet/gauge-dotnet/src/Program.cs:line 47
25-12-2025 15:13:45.290 [dotnet] [ERROR] at Gauge.Dotnet.Program.<Main>(String[] args)
25-12-2025 15:13:45.410 [dotnet] [ERROR] launcher.sh: line 5: 18323 Abort trap: 6           dotnet bin/net9.0/Gauge.Dotnet.dll $@
25-12-2025 15:13:45.410 [Gauge] [ERROR] Error occurred while waiting for runner process to finish.
Error : exit status 134
25-12-2025 15:13:45.410 [Gauge] [CRITICAL] Failed to start gauge API: Error occurred while waiting for runner process to finish.
Error : exit status 134
25-12-2025 15:16:48.849 [Gauge] [DEBUG] Created gauge_screenshots_dir at /Users/Antonette/Desktop/side-quests/BugBank-Selenium-Testing/BugBankTests/BugBankTests/.gauge/screenshots
25-12-2025 15:16:48.851 [Gauge] [DEBUG] Plugin dotnet is already installed.
25-12-2025 15:16:48.853 [Gauge] [DEBUG] Plugin screenshot is already installed.
25-12-2025 15:16:48.854 [Gauge] [DEBUG] Parsing started.
25-12-2025 15:16:48.854 [Gauge] [DEBUG] Started concepts parsing.
25-12-2025 15:16:48.859 [Gauge] [DEBUG] 0 concepts parsing completed.
25-12-2025 15:16:48.860 [Gauge] [DEBUG] Started specifications parsing.
25-12-2025 15:16:48.861 [Gauge] [ERROR] [ParseError] /Users/Antonette/Desktop/side-quests/BugBank-Selenium-Testing/BugBankTests/BugBankTests/Scenarios/specs/Login.spec:1 Spec heading not found => ''
25-12-2025 15:16:48.861 [Gauge] [DEBUG] 2 specifications parsing completed.
25-12-2025 15:16:48.861 [Gauge] [DEBUG] Parsing completed.
25-12-2025 15:16:53.492 [dotnet] [INFO] /Users/Antonette/Desktop/side-quests/BugBank-Selenium-Testing/BugBankTests/BugBankTests/Scenarios/page/LoginPage.cs(74,21): error CS0102: The type 'LoginPage' already contains a definition for 'EnterEmail' [/Users/Antonette/Desktop/side-quests/BugBank-Selenium-Testing/BugBankTests/BugBankTests/BugBankTests.csproj]
25-12-2025 15:16:53.636 [dotnet] [INFO] { "logLevel": "fatal", "message": "Unable to build Project in /Users/Antonette/Desktop/side-quests/BugBank-Selenium-Testing/BugBankTests/BugBankTests\ndotnet Project build failed.
25-12-2025 15:16:53.636 [dotnet] [INFO] Ran 'dotnet publish --runtime=osx-x64 --no-self-contained --configuration=release --output="/Users/Antonette/Desktop/side-quests/BugBank-Selenium-Testing/BugBankTests/BugBankTests/gauge_bin"  "BugBankTests.csproj" --verbosity=quiet'\n   at Gauge.Dotnet.GaugeProjectBuilder.BuildTargetGaugeProject() in /home/runner/work/gauge-dotnet/gauge-dotnet/src/GaugeProjectBuilder.cs:line 59"}
25-12-2025 15:16:53.637 [dotnet] [ERROR] Unhandled exception.
25-12-2025 15:16:53.644 [dotnet] [ERROR] System.Exception: dotnet Project build failed.
25-12-2025 15:16:53.645 [dotnet] [ERROR] Ran 'dotnet publish --runtime=osx-x64 --no-self-contained --configuration=release --output="/Users/Antonette/Desktop/side-quests/BugBank-Selenium-Testing/BugBankTests/BugBankTests/gauge_bin"  "BugBankTests.csproj" --verbosity=quiet'
25-12-2025 15:16:53.645 [dotnet] [ERROR] at Gauge.Dotnet.GaugeProjectBuilder.BuildTargetGaugeProject() in /home/runner/work/gauge-dotnet/gauge-dotnet/src/GaugeProjectBuilder.cs:line 59
25-12-2025 15:16:53.645 [dotnet] [ERROR] at Gauge.Dotnet.Program.Main(String[] args) in /home/runner/work/gauge-dotnet/gauge-dotnet/src/Program.cs:line 47
25-12-2025 15:16:53.646 [dotnet] [ERROR] at Gauge.Dotnet.Program.<Main>(String[] args)
25-12-2025 15:16:53.785 [dotnet] [ERROR] launcher.sh: line 5: 18449 Abort trap: 6           dotnet bin/net9.0/Gauge.Dotnet.dll $@
25-12-2025 15:16:53.785 [Gauge] [ERROR] Error occurred while waiting for runner process to finish.
Error : exit status 134
25-12-2025 15:16:53.785 [Gauge] [CRITICAL] Failed to start gauge API: Error occurred while waiting for runner process to finish.
Error : exit status 134
25-12-2025 15:17:16.678 [Gauge] [DEBUG] Created gauge_screenshots_dir at /Users/Antonette/Desktop/side-quests/BugBank-Selenium-Testing/BugBankTests/BugBankTests/.gauge/screenshots
25-12-2025 15:17:16.681 [Gauge] [DEBUG] Plugin dotnet is already installed.
25-12-2025 15:17:16.682 [Gauge] [DEBUG] Plugin screenshot is already installed.
25-12-2025 15:17:16.682 [Gauge] [DEBUG] Parsing started.
25-12-2025 15:17:16.682 [Gauge] [DEBUG] Started concepts parsing.
25-12-2025 15:17:16.684 [Gauge] [DEBUG] 0 concepts parsing completed.
25-12-2025 15:17:16.685 [Gauge] [DEBUG] Started specifications parsing.
25-12-2025 15:17:16.686 [Gauge] [ERROR] [ParseError] /Users/Antonette/Desktop/side-quests/BugBank-Selenium-Testing/BugBankTests/BugBankTests/Scenarios/specs/Login.spec:1 Spec heading not found => ''
25-12-2025 15:17:16.686 [Gauge] [ERROR] [ParseError] /Users/Antonette/Desktop/side-quests/BugBank-Selenium-Testing/BugBankTests/BugBankTests/Scenarios/specs/SignUp.spec:9 Dynamic parameter <antomhandu@gmail.com> could not be resolved => 'Enter Email <antomhandu@gmail.com>'
25-12-2025 15:17:16.686 [Gauge] [DEBUG] 2 specifications parsing completed.
25-12-2025 15:17:16.686 [Gauge] [DEBUG] Parsing completed.
25-12-2025 15:17:20.221 [dotnet] [INFO] /Users/Antonette/Desktop/side-quests/BugBank-Selenium-Testing/BugBankTests/BugBankTests/Scenarios/page/LoginPage.cs(74,21): error CS0102: The type 'LoginPage' already contains a definition for 'EnterEmail' [/Users/Antonette/Desktop/side-quests/BugBank-Selenium-Testing/BugBankTests/BugBankTests/BugBankTests.csproj]
25-12-2025 15:17:20.351 [dotnet] [INFO] { "logLevel": "fatal", "message": "Unable to build Project in /Users/Antonette/Desktop/side-quests/BugBank-Selenium-Testing/BugBankTests/BugBankTests\ndotnet Project build failed.
25-12-2025 15:17:20.352 [dotnet] [INFO] Ran 'dotnet publish --runtime=osx-x64 --no-self-contained --configuration=release --output="/Users/Antonette/Desktop/side-quests/BugBank-Selenium-Testing/BugBankTests/BugBankTests/gauge_bin"  "BugBankTests.csproj" --verbosity=quiet'\n   at Gauge.Dotnet.GaugeProjectBuilder.BuildTargetGaugeProject() in /home/runner/work/gauge-dotnet/gauge-dotnet/src/GaugeProjectBuilder.cs:line 59"}
25-12-2025 15:17:20.353 [dotnet] [ERROR] Unhandled exception.
25-12-2025 15:17:20.356 [dotnet] [ERROR] System.Exception: dotnet Project build failed.
25-12-2025 15:17:20.356 [dotnet] [ERROR] Ran 'dotnet publish --runtime=osx-x64 --no-self-contained --configuration=release --output="/Users/Antonette/Desktop/side-quests/BugBank-Selenium-Testing/BugBankTests/BugBankTests/gauge_bin"  "BugBankTests.csproj" --verbosity=quiet'
25-12-2025 15:17:20.356 [dotnet] [ERROR] at Gauge.Dotnet.GaugeProjectBuilder.BuildTargetGaugeProject() in /home/runner/work/gauge-dotnet/gauge-dotnet/src/GaugeProjectBuilder.cs:line 59
25-12-2025 15:17:20.356 [dotnet] [ERROR] at Gauge.Dotnet.Program.Main(String[] args) in /home/runner/work/gauge-dotnet/gauge-dotnet/src/Program.cs:line 47
25-12-2025 15:17:20.356 [dotnet] [ERROR] at Gauge.Dotnet.Program.<Main>(String[] args)
25-12-2025 15:17:20.467 [dotnet] [ERROR] launcher.sh: line 5: 18479 Abort trap: 6           dotnet bin/net9.0/Gauge.Dotnet.dll $@
25-12-2025 15:17:20.468 [Gauge] [ERROR] Error occurred while waiting for runner process to finish.
Error : exit status 134
25-12-2025 15:17:20.468 [Gauge] [CRITICAL] Failed to start gauge API: Error occurred while waiting for runner process to finish.
Error : exit status 134
25-12-2025 15:20:40.897 [Gauge] [DEBUG] Created gauge_screenshots_dir at /Users/Antonette/Desktop/side-quests/BugBank-Selenium-Testing/BugBankTests/BugBankTests/.gauge/screenshots
25-12-2025 15:20:40.900 [Gauge] [DEBUG] Plugin dotnet is already installed.
25-12-2025 15:20:40.902 [Gauge] [DEBUG] Plugin screenshot is already installed.
25-12-2025 15:20:40.902 [Gauge] [DEBUG] Parsing started.
25-12-2025 15:20:40.902 [Gauge] [DEBUG] Started concepts parsing.
25-12-2025 15:20:40.904 [Gauge] [DEBUG] 0 concepts parsing completed.
25-12-2025 15:20:40.905 [Gauge] [DEBUG] Started specifications parsing.
25-12-2025 15:20:40.906 [Gauge] [ERROR] [ParseError] /Users/Antonette/Desktop/side-quests/BugBank-Selenium-Testing/BugBankTests/BugBankTests/Scenarios/specs/Login.spec:1 Spec heading not found => ''
25-12-2025 15:20:40.906 [Gauge] [ERROR] [ParseError] /Users/Antonette/Desktop/side-quests/BugBank-Selenium-Testing/BugBankTests/BugBankTests/Scenarios/specs/SignUp.spec:9 Dynamic parameter <antomhandu@gmail.com> could not be resolved => 'Enter Email <antomhandu@gmail.com>'
25-12-2025 15:20:40.906 [Gauge] [DEBUG] 2 specifications parsing completed.
25-12-2025 15:20:40.906 [Gauge] [DEBUG] Parsing completed.
25-12-2025 15:20:45.415 [dotnet] [INFO] /Users/Antonette/Desktop/side-quests/BugBank-Selenium-Testing/BugBankTests/BugBankTests/Scenarios/page/LoginPage.cs(15,53): warning CS8601: Possible null reference assignment. [/Users/Antonette/Desktop/side-quests/BugBank-Selenium-Testing/BugBankTests/BugBankTests/BugBankTests.csproj]
25-12-2025 15:20:45.979 [dotnet] [DEBUG] Loading assembly from : /Users/Antonette/Desktop/side-quests/BugBank-Selenium-Testing/BugBankTests/BugBankTests/gauge_bin/BugBankTests.dll
25-12-2025 15:20:46.997 [dotnet] [DEBUG] Try load Gauge.CSharp.Lib in GaugeLoadContext
25-12-2025 15:20:47.017 [dotnet] [DEBUG] Try load BugBankTests in GaugeLoadContext
25-12-2025 15:20:47.018 [dotnet] [DEBUG] Try load System.Runtime in GaugeLoadContext
25-12-2025 15:20:47.018 [dotnet] [DEBUG] Try load WebDriver in GaugeLoadContext
25-12-2025 15:20:47.021 [dotnet] [DEBUG] Try load FluentAssertions in GaugeLoadContext
25-12-2025 15:20:47.021 [dotnet] [DEBUG] Try load SeleniumExtras.WaitHelpers in GaugeLoadContext
25-12-2025 15:20:47.021 [dotnet] [DEBUG] Try load System.Collections in GaugeLoadContext
25-12-2025 15:20:47.024 [dotnet] [DEBUG] Try load System.Runtime in GaugeLoadContext
25-12-2025 15:20:47.025 [dotnet] [DEBUG] Number of AssembliesReferencingGaugeLib : 1
25-12-2025 15:20:47.028 [dotnet] [DEBUG] Try load System.Runtime in GaugeLoadContext
25-12-2025 15:20:47.028 [dotnet] [DEBUG] Try load System.Collections in GaugeLoadContext
25-12-2025 15:20:47.029 [dotnet] [DEBUG] Building StepRegistry...
25-12-2025 15:20:47.031 [dotnet] [DEBUG] 3 Step implementations found. Adding to registry...
25-12-2025 15:20:47.033 [dotnet] [DEBUG] 'Open Bugbank Homepage': implementation found in StepRegistry, setting reflected methodInfo
25-12-2025 15:20:47.035 [dotnet] [DEBUG] 'Click Register to sign up for new account': implementation found in StepRegistry, setting reflected methodInfo
25-12-2025 15:20:47.035 [dotnet] [DEBUG] 'Enter Email {}': implementation found in StepRegistry, setting reflected methodInfo
25-12-2025 15:20:47.035 [dotnet] [DEBUG] Building StepRegistry...
25-12-2025 15:20:47.036 [dotnet] [DEBUG] 3 Step implementations found. Adding to registry...
25-12-2025 15:20:47.036 [dotnet] [DEBUG] 'Open Bugbank Homepage': implementation found in StepRegistry, setting reflected methodInfo
25-12-2025 15:20:47.036 [dotnet] [DEBUG] 'Click Register to sign up for new account': implementation found in StepRegistry, setting reflected methodInfo
25-12-2025 15:20:47.036 [dotnet] [DEBUG] 'Enter Email {}': implementation found in StepRegistry, setting reflected methodInfo
25-12-2025 15:20:47.114 [Gauge] [DEBUG] Attempting to connect to grpc server at port: 59968
25-12-2025 15:20:47.114 [Gauge] [DEBUG] Successfully made the connection with runner with port: 59968
25-12-2025 15:20:47.114 [Gauge] [DEBUG] Validation started.
25-12-2025 15:20:47.306 [Gauge] [DEBUG] Validation completed.
25-12-2025 15:20:47.306 [Gauge] [DEBUG] Run started
25-12-2025 15:20:47.306 [Gauge] [DEBUG] Initialising suite data store.
25-12-2025 15:20:47.315 [dotnet] [DEBUG] Try load System.Collections.Concurrent in GaugeLoadContext
25-12-2025 15:20:47.336 [dotnet] [DEBUG] Loaded Instance Manager of Type: Gauge.CSharp.Lib.DefaultClassInstanceManager
25-12-2025 15:20:47.415 [dotnet] [DEBUG] Calling InvokeMethod to call method Void Setup()
25-12-2025 15:20:47.416 [dotnet] [DEBUG] Try load System.Threading in GaugeLoadContext
25-12-2025 15:20:47.417 [dotnet] [DEBUG] Try load System.Runtime in GaugeLoadContext
25-12-2025 15:20:47.417 [dotnet] [DEBUG] Try load System.Collections in GaugeLoadContext
25-12-2025 15:20:47.418 [dotnet] [DEBUG] Try load System.Collections in GaugeLoadContext
25-12-2025 15:20:47.421 [dotnet] [DEBUG] Try load System.Net.Sockets in GaugeLoadContext
25-12-2025 15:20:47.421 [dotnet] [DEBUG] Try load System.Net.Primitives in GaugeLoadContext
25-12-2025 15:20:47.429 [dotnet] [DEBUG] Try load System.Threading in GaugeLoadContext
25-12-2025 15:20:47.429 [dotnet] [DEBUG] Try load System.Console in GaugeLoadContext
25-12-2025 15:20:47.430 [dotnet] [DEBUG] Try load System.Collections.Concurrent in GaugeLoadContext
25-12-2025 15:20:47.433 [dotnet] [DEBUG] Try load System.Diagnostics.Process in GaugeLoadContext
25-12-2025 15:20:47.433 [dotnet] [DEBUG] Try load System.Text.Json in GaugeLoadContext
25-12-2025 15:20:47.435 [dotnet] [DEBUG] Try load System.Linq in GaugeLoadContext
25-12-2025 15:20:47.967 [dotnet] [DEBUG] Try load System.Text.Encodings.Web in GaugeLoadContext
25-12-2025 15:20:47.983 [dotnet] [DEBUG] Try load System.Net.Http in GaugeLoadContext
25-12-2025 15:20:51.363 [dotnet] [DEBUG] Calling InvokeMethod to call method Void TearDown()
25-12-2025 15:20:51.532 [dotnet] [DEBUG] Try load System.ComponentModel.Primitives in GaugeLoadContext
25-12-2025 15:20:51.573 [dotnet] [DEBUG] KillProcessrequest received
25-12-2025 15:20:51.574 [Gauge] [INFO] Specifications:	2 executed	0 passed	2 failed	0 skipped
25-12-2025 15:20:51.574 [Gauge] [INFO] Scenarios:	0 executed	0 passed	0 failed	0 skipped
25-12-2025 15:20:51.574 [Gauge] [INFO] 
Total time taken: 4.263s
25-12-2025 15:25:56.128 [Gauge] [DEBUG] Created gauge_screenshots_dir at /Users/Antonette/Desktop/side-quests/BugBank-Selenium-Testing/BugBankTests/BugBankTests/.gauge/screenshots
25-12-2025 15:25:56.130 [Gauge] [DEBUG] Plugin dotnet is already installed.
25-12-2025 15:25:56.130 [Gauge] [DEBUG] Plugin screenshot is already installed.
25-12-2025 15:25:56.131 [Gauge] [DEBUG] Parsing started.
25-12-2025 15:25:56.131 [Gauge] [DEBUG] Started concepts parsing.
25-12-2025 15:25:56.133 [Gauge] [DEBUG] 0 concepts parsing completed.
25-12-2025 15:25:56.133 [Gauge] [DEBUG] Started specifications parsing.
25-12-2025 15:25:56.135 [Gauge] [ERROR] [ParseError] /Users/Antonette/Desktop/side-quests/BugBank-Selenium-Testing/BugBankTests/BugBankTests/Scenarios/specs/Login.spec:1 Spec heading not found => ''
25-12-2025 15:25:56.135 [Gauge] [DEBUG] 2 specifications parsing completed.
25-12-2025 15:25:56.135 [Gauge] [DEBUG] Parsing completed.
25-12-2025 15:25:57.575 [Gauge] [DEBUG] Checking updates...
25-12-2025 15:25:57.576 [Gauge] [DEBUG] Downloading https://downloads.gauge.org/plugin/dotnet?l=dotnet&p=dotnet,html-report,screenshot&o=darwin&a=amd64
25-12-2025 15:25:58.138 [Gauge] [DEBUG] Downloading https://downloads.gauge.org/plugin/html-report?l=dotnet&p=dotnet,html-report,screenshot&o=darwin&a=amd64
25-12-2025 15:25:58.326 [Gauge] [DEBUG] Downloading https://downloads.gauge.org/plugin/screenshot?l=dotnet&p=dotnet,html-report,screenshot&o=darwin&a=amd64
25-12-2025 15:25:59.895 [dotnet] [DEBUG] Loading assembly from : /Users/Antonette/Desktop/side-quests/BugBank-Selenium-Testing/BugBankTests/BugBankTests/gauge_bin/BugBankTests.dll
25-12-2025 15:26:00.237 [dotnet] [DEBUG] Try load Gauge.CSharp.Lib in GaugeLoadContext
25-12-2025 15:26:00.255 [dotnet] [DEBUG] Try load BugBankTests in GaugeLoadContext
25-12-2025 15:26:00.256 [dotnet] [DEBUG] Try load System.Runtime in GaugeLoadContext
25-12-2025 15:26:00.256 [dotnet] [DEBUG] Try load WebDriver in GaugeLoadContext
25-12-2025 15:26:00.259 [dotnet] [DEBUG] Try load FluentAssertions in GaugeLoadContext
25-12-2025 15:26:00.260 [dotnet] [DEBUG] Try load SeleniumExtras.WaitHelpers in GaugeLoadContext
25-12-2025 15:26:00.260 [dotnet] [DEBUG] Try load System.Collections in GaugeLoadContext
25-12-2025 15:26:00.262 [dotnet] [DEBUG] Try load System.Runtime in GaugeLoadContext
25-12-2025 15:26:00.264 [dotnet] [DEBUG] Number of AssembliesReferencingGaugeLib : 1
25-12-2025 15:26:00.267 [dotnet] [DEBUG] Try load System.Runtime in GaugeLoadContext
25-12-2025 15:26:00.267 [dotnet] [DEBUG] Try load System.Collections in GaugeLoadContext
25-12-2025 15:26:00.268 [dotnet] [DEBUG] Building StepRegistry...
25-12-2025 15:26:00.272 [dotnet] [DEBUG] 3 Step implementations found. Adding to registry...
25-12-2025 15:26:00.274 [dotnet] [DEBUG] 'Open Bugbank Homepage': implementation found in StepRegistry, setting reflected methodInfo
25-12-2025 15:26:00.277 [dotnet] [DEBUG] 'Click Register to sign up for new account': implementation found in StepRegistry, setting reflected methodInfo
25-12-2025 15:26:00.277 [dotnet] [DEBUG] 'Enter Email {}': implementation found in StepRegistry, setting reflected methodInfo
25-12-2025 15:26:00.277 [dotnet] [DEBUG] Building StepRegistry...
25-12-2025 15:26:00.277 [dotnet] [DEBUG] 3 Step implementations found. Adding to registry...
25-12-2025 15:26:00.277 [dotnet] [DEBUG] 'Open Bugbank Homepage': implementation found in StepRegistry, setting reflected methodInfo
25-12-2025 15:26:00.277 [dotnet] [DEBUG] 'Click Register to sign up for new account': implementation found in StepRegistry, setting reflected methodInfo
25-12-2025 15:26:00.277 [dotnet] [DEBUG] 'Enter Email {}': implementation found in StepRegistry, setting reflected methodInfo
25-12-2025 15:26:00.365 [Gauge] [DEBUG] Attempting to connect to grpc server at port: 60021
25-12-2025 15:26:00.366 [Gauge] [DEBUG] Successfully made the connection with runner with port: 60021
25-12-2025 15:26:00.366 [Gauge] [DEBUG] Validation started.
25-12-2025 15:26:00.554 [Gauge] [DEBUG] Validation completed.
25-12-2025 15:26:00.554 [Gauge] [DEBUG] Run started
25-12-2025 15:26:00.555 [Gauge] [DEBUG] Initialising suite data store.
25-12-2025 15:26:00.564 [dotnet] [DEBUG] Try load System.Collections.Concurrent in GaugeLoadContext
25-12-2025 15:26:00.581 [dotnet] [DEBUG] Loaded Instance Manager of Type: Gauge.CSharp.Lib.DefaultClassInstanceManager
25-12-2025 15:26:00.658 [dotnet] [DEBUG] Calling InvokeMethod to call method Void Setup()
25-12-2025 15:26:00.659 [dotnet] [DEBUG] Try load System.Threading in GaugeLoadContext
25-12-2025 15:26:00.660 [dotnet] [DEBUG] Try load System.Runtime in GaugeLoadContext
25-12-2025 15:26:00.661 [dotnet] [DEBUG] Try load System.Collections in GaugeLoadContext
25-12-2025 15:26:00.661 [dotnet] [DEBUG] Try load System.Collections in GaugeLoadContext
25-12-2025 15:26:00.664 [dotnet] [DEBUG] Try load System.Net.Sockets in GaugeLoadContext
25-12-2025 15:26:00.665 [dotnet] [DEBUG] Try load System.Net.Primitives in GaugeLoadContext
25-12-2025 15:26:00.673 [dotnet] [DEBUG] Try load System.Threading in GaugeLoadContext
25-12-2025 15:26:00.673 [dotnet] [DEBUG] Try load System.Console in GaugeLoadContext
25-12-2025 15:26:00.673 [dotnet] [DEBUG] Try load System.Collections.Concurrent in GaugeLoadContext
25-12-2025 15:26:00.676 [dotnet] [DEBUG] Try load System.Diagnostics.Process in GaugeLoadContext
25-12-2025 15:26:00.677 [dotnet] [DEBUG] Try load System.Text.Json in GaugeLoadContext
25-12-2025 15:26:00.678 [dotnet] [DEBUG] Try load System.Linq in GaugeLoadContext
25-12-2025 15:26:01.143 [dotnet] [DEBUG] Try load System.Text.Encodings.Web in GaugeLoadContext
25-12-2025 15:26:01.161 [dotnet] [DEBUG] Try load System.Net.Http in GaugeLoadContext
25-12-2025 15:26:03.994 [Gauge] [INFO] # BugBank Sign Up
25-12-2025 15:26:04.068 [Gauge] [INFO] ## Sign up for BugBank
25-12-2025 15:26:04.090 [Gauge] [DEBUG] * Open Bugbank Homepage
25-12-2025 15:26:04.150 [dotnet] [DEBUG] Calling InvokeMethod to call method Void OpenBugBank()
25-12-2025 15:26:04.154 [dotnet] [DEBUG] Try load System.Runtime in GaugeLoadContext
25-12-2025 15:26:09.122 [dotnet] [DEBUG] Try load System.Threading.Thread in GaugeLoadContext
25-12-2025 15:26:09.145 [dotnet] [DEBUG] Try load System.Threading in GaugeLoadContext
25-12-2025 15:26:09.154 [dotnet] [DEBUG] Try load System.Console in GaugeLoadContext
25-12-2025 15:26:09.155 [dotnet] [DEBUG] Try load System.Diagnostics.TraceSource in GaugeLoadContext
25-12-2025 15:26:09.155 [dotnet] [DEBUG] Try load System.Collections in GaugeLoadContext
25-12-2025 15:26:09.155 [dotnet] [DEBUG] Try load System.Collections.Concurrent in GaugeLoadContext
25-12-2025 15:26:09.155 [dotnet] [DEBUG] Try load System.Xml.XDocument in GaugeLoadContext
25-12-2025 15:26:09.155 [dotnet] [DEBUG] Try load System.Linq in GaugeLoadContext
25-12-2025 15:26:09.169 [dotnet] [INFO] Warning:
25-12-2025 15:26:09.169 [dotnet] [INFO] The component "Fluent Assertions" is governed by the rules defined in the Xceed License Agreement and
25-12-2025 15:26:09.169 [dotnet] [INFO] the Xceed Fluent Assertions Community License. You may use Fluent Assertions free of charge for
25-12-2025 15:26:09.170 [dotnet] [INFO] non-commercial use only. An active subscription is required to use Fluent Assertions for commercial use.
25-12-2025 15:26:09.170 [dotnet] [INFO] Please contact Xceed Sales mailto:sales@xceed.com to acquire a subscription at a very low cost.
25-12-2025 15:26:09.170 [dotnet] [INFO] A paid commercial license supports the development and continued increasing support of
25-12-2025 15:26:09.170 [dotnet] [INFO] Fluent Assertions users under both commercial and community licenses. Help us
25-12-2025 15:26:09.170 [dotnet] [INFO] keep Fluent Assertions at the forefront of unit testing.
25-12-2025 15:26:09.170 [dotnet] [INFO] For more information, visit https://xceed.com/products/unit-testing/fluent-assertions/
25-12-2025 15:26:09.211 [Gauge] [DEBUG] * Click Register to sign up for new account

25-12-2025 15:26:09.221 [dotnet] [DEBUG] Calling InvokeMethod to call method Void Register()
25-12-2025 15:26:09.222 [dotnet] [DEBUG] Try load netstandard in GaugeLoadContext
25-12-2025 15:26:09.461 [dotnet] [DEBUG] Calling InvokeMethod to call method Void TearDown()
25-12-2025 15:26:09.575 [dotnet] [DEBUG] Try load System.ComponentModel.Primitives in GaugeLoadContext
25-12-2025 15:26:09.680 [dotnet] [DEBUG] KillProcessrequest received
25-12-2025 15:26:09.684 [Gauge] [INFO] Specifications:	2 executed	1 passed	1 failed	0 skipped
25-12-2025 15:26:09.684 [Gauge] [INFO] Scenarios:	1 executed	1 passed	0 failed	0 skipped
25-12-2025 15:26:09.684 [Gauge] [INFO] 
Total time taken: 9.12s
25-12-2025 15:26:09.685 [Gauge] [INFO] Updates are available. Run `gauge update -c` for more info.
25-12-2025 15:35:13.186 [Gauge] [DEBUG] Created gauge_screenshots_dir at /Users/Antonette/Desktop/side-quests/BugBank-Selenium-Testing/BugBankTests/BugBankTests/.gauge/screenshots
25-12-2025 15:35:13.189 [Gauge] [DEBUG] Plugin dotnet is already installed.
25-12-2025 15:35:13.191 [Gauge] [DEBUG] Plugin screenshot is already installed.
25-12-2025 15:35:13.191 [Gauge] [DEBUG] Parsing started.
25-12-2025 15:35:13.191 [Gauge] [DEBUG] Started concepts parsing.
25-12-2025 15:35:13.195 [Gauge] [DEBUG] 0 concepts parsing completed.
25-12-2025 15:35:13.196 [Gauge] [DEBUG] Started specifications parsing.
25-12-2025 15:35:13.197 [Gauge] [ERROR] [ParseError] /Users/Antonette/Desktop/side-quests/BugBank-Selenium-Testing/BugBankTests/BugBankTests/Scenarios/specs/Login.spec:1 Spec heading not found => ''
25-12-2025 15:35:13.198 [Gauge] [WARNING] [ParseWarning] /Users/Antonette/Desktop/side-quests/BugBank-Selenium-Testing/BugBankTests/BugBankTests/Scenarios/specs/SignUp.spec:21 Multiple data table present, ignoring table
25-12-2025 15:35:13.198 [Gauge] [DEBUG] 2 specifications parsing completed.
25-12-2025 15:35:13.198 [Gauge] [DEBUG] Parsing completed.
25-12-2025 15:35:14.195 [Gauge] [DEBUG] Checking updates...
25-12-2025 15:35:14.195 [Gauge] [DEBUG] Downloading https://downloads.gauge.org/plugin/dotnet?l=dotnet&p=dotnet,html-report,screenshot&o=darwin&a=amd64
25-12-2025 15:35:14.815 [Gauge] [DEBUG] Downloading https://downloads.gauge.org/plugin/html-report?l=dotnet&p=dotnet,html-report,screenshot&o=darwin&a=amd64
25-12-2025 15:35:14.993 [Gauge] [DEBUG] Downloading https://downloads.gauge.org/plugin/screenshot?l=dotnet&p=dotnet,html-report,screenshot&o=darwin&a=amd64
25-12-2025 15:35:21.312 [dotnet] [INFO] /Users/Antonette/Desktop/side-quests/BugBank-Selenium-Testing/BugBankTests/BugBankTests/Scenarios/page/LoginPage.cs(15,53): warning CS8601: Possible null reference assignment. [/Users/Antonette/Desktop/side-quests/BugBank-Selenium-Testing/BugBankTests/BugBankTests/BugBankTests.csproj]
25-12-2025 15:35:21.712 [dotnet] [DEBUG] Loading assembly from : /Users/Antonette/Desktop/side-quests/BugBank-Selenium-Testing/BugBankTests/BugBankTests/gauge_bin/BugBankTests.dll
25-12-2025 15:35:22.054 [dotnet] [DEBUG] Try load Gauge.CSharp.Lib in GaugeLoadContext
25-12-2025 15:35:22.075 [dotnet] [DEBUG] Try load BugBankTests in GaugeLoadContext
25-12-2025 15:35:22.083 [dotnet] [DEBUG] Try load System.Runtime in GaugeLoadContext
25-12-2025 15:35:22.083 [dotnet] [DEBUG] Try load WebDriver in GaugeLoadContext
25-12-2025 15:35:22.087 [dotnet] [DEBUG] Try load FluentAssertions in GaugeLoadContext
25-12-2025 15:35:22.088 [dotnet] [DEBUG] Try load SeleniumExtras.WaitHelpers in GaugeLoadContext
25-12-2025 15:35:22.088 [dotnet] [DEBUG] Try load System.Collections in GaugeLoadContext
25-12-2025 15:35:22.091 [dotnet] [DEBUG] Try load System.Runtime in GaugeLoadContext
25-12-2025 15:35:22.093 [dotnet] [DEBUG] Number of AssembliesReferencingGaugeLib : 1
25-12-2025 15:35:22.095 [dotnet] [DEBUG] Try load System.Runtime in GaugeLoadContext
25-12-2025 15:35:22.096 [dotnet] [DEBUG] Try load System.Collections in GaugeLoadContext
25-12-2025 15:35:22.097 [dotnet] [DEBUG] Building StepRegistry...
25-12-2025 15:35:22.099 [dotnet] [DEBUG] 3 Step implementations found. Adding to registry...
25-12-2025 15:35:22.102 [dotnet] [DEBUG] 'Open Bugbank Homepage': implementation found in StepRegistry, setting reflected methodInfo
25-12-2025 15:35:22.104 [dotnet] [DEBUG] 'Click Register to sign up for new account': implementation found in StepRegistry, setting reflected methodInfo
25-12-2025 15:35:22.104 [dotnet] [DEBUG] 'Enter Email {}': implementation found in StepRegistry, setting reflected methodInfo
25-12-2025 15:35:22.104 [dotnet] [DEBUG] Building StepRegistry...
25-12-2025 15:35:22.104 [dotnet] [DEBUG] 3 Step implementations found. Adding to registry...
25-12-2025 15:35:22.104 [dotnet] [DEBUG] 'Open Bugbank Homepage': implementation found in StepRegistry, setting reflected methodInfo
25-12-2025 15:35:22.104 [dotnet] [DEBUG] 'Click Register to sign up for new account': implementation found in StepRegistry, setting reflected methodInfo
25-12-2025 15:35:22.104 [dotnet] [DEBUG] 'Enter Email {}': implementation found in StepRegistry, setting reflected methodInfo
25-12-2025 15:35:22.193 [Gauge] [DEBUG] Attempting to connect to grpc server at port: 60077
25-12-2025 15:35:22.193 [Gauge] [DEBUG] Successfully made the connection with runner with port: 60077
25-12-2025 15:35:22.193 [Gauge] [DEBUG] Validation started.
25-12-2025 15:35:22.439 [Gauge] [DEBUG] Validation completed.
25-12-2025 15:35:22.440 [Gauge] [DEBUG] Run started
25-12-2025 15:35:22.440 [Gauge] [DEBUG] Initialising suite data store.
25-12-2025 15:35:22.452 [dotnet] [DEBUG] Try load System.Collections.Concurrent in GaugeLoadContext
25-12-2025 15:35:22.478 [dotnet] [DEBUG] Loaded Instance Manager of Type: Gauge.CSharp.Lib.DefaultClassInstanceManager
25-12-2025 15:35:22.556 [dotnet] [DEBUG] Calling InvokeMethod to call method Void Setup()
25-12-2025 15:35:22.557 [dotnet] [DEBUG] Try load System.Threading in GaugeLoadContext
25-12-2025 15:35:22.558 [dotnet] [DEBUG] Try load System.Runtime in GaugeLoadContext
25-12-2025 15:35:22.559 [dotnet] [DEBUG] Try load System.Collections in GaugeLoadContext
25-12-2025 15:35:22.559 [dotnet] [DEBUG] Try load System.Collections in GaugeLoadContext
25-12-2025 15:35:22.563 [dotnet] [DEBUG] Try load System.Net.Sockets in GaugeLoadContext
25-12-2025 15:35:22.563 [dotnet] [DEBUG] Try load System.Net.Primitives in GaugeLoadContext
25-12-2025 15:35:22.571 [dotnet] [DEBUG] Try load System.Threading in GaugeLoadContext
25-12-2025 15:35:22.571 [dotnet] [DEBUG] Try load System.Console in GaugeLoadContext
25-12-2025 15:35:22.572 [dotnet] [DEBUG] Try load System.Collections.Concurrent in GaugeLoadContext
25-12-2025 15:35:22.575 [dotnet] [DEBUG] Try load System.Diagnostics.Process in GaugeLoadContext
25-12-2025 15:35:22.575 [dotnet] [DEBUG] Try load System.Text.Json in GaugeLoadContext
25-12-2025 15:35:22.577 [dotnet] [DEBUG] Try load System.Linq in GaugeLoadContext
25-12-2025 15:35:24.328 [dotnet] [DEBUG] Try load System.Text.Encodings.Web in GaugeLoadContext
25-12-2025 15:35:24.346 [dotnet] [DEBUG] Try load System.Net.Http in GaugeLoadContext
25-12-2025 15:35:27.683 [Gauge] [INFO] # BugBank Sign Up
25-12-2025 15:35:27.705 [Gauge] [INFO] ## Sign up for BugBank
25-12-2025 15:35:27.726 [Gauge] [DEBUG] * Open Bugbank Homepage
25-12-2025 15:35:27.769 [dotnet] [DEBUG] Calling InvokeMethod to call method Void OpenBugBank()
25-12-2025 15:35:27.771 [dotnet] [DEBUG] Try load System.Runtime in GaugeLoadContext
25-12-2025 15:35:29.539 [dotnet] [DEBUG] Try load System.Threading.Thread in GaugeLoadContext
25-12-2025 15:35:30.576 [dotnet] [DEBUG] Try load System.Threading in GaugeLoadContext
25-12-2025 15:35:30.576 [dotnet] [DEBUG] Try load System.Console in GaugeLoadContext
25-12-2025 15:35:30.576 [dotnet] [DEBUG] Try load System.Diagnostics.TraceSource in GaugeLoadContext
25-12-2025 15:35:30.577 [dotnet] [DEBUG] Try load System.Collections in GaugeLoadContext
25-12-2025 15:35:30.579 [dotnet] [DEBUG] Try load System.Collections.Concurrent in GaugeLoadContext
25-12-2025 15:35:30.581 [dotnet] [DEBUG] Try load System.Xml.XDocument in GaugeLoadContext
25-12-2025 15:35:30.583 [dotnet] [DEBUG] Try load System.Linq in GaugeLoadContext
25-12-2025 15:35:30.587 [dotnet] [INFO] Warning:
25-12-2025 15:35:30.587 [dotnet] [INFO] The component "Fluent Assertions" is governed by the rules defined in the Xceed License Agreement and
25-12-2025 15:35:30.587 [dotnet] [INFO] the Xceed Fluent Assertions Community License. You may use Fluent Assertions free of charge for
25-12-2025 15:35:30.587 [dotnet] [INFO] non-commercial use only. An active subscription is required to use Fluent Assertions for commercial use.
25-12-2025 15:35:30.587 [dotnet] [INFO] Please contact Xceed Sales mailto:sales@xceed.com to acquire a subscription at a very low cost.
25-12-2025 15:35:30.587 [dotnet] [INFO] A paid commercial license supports the development and continued increasing support of
25-12-2025 15:35:30.587 [dotnet] [INFO] Fluent Assertions users under both commercial and community licenses. Help us
25-12-2025 15:35:30.587 [dotnet] [INFO] keep Fluent Assertions at the forefront of unit testing.
25-12-2025 15:35:30.587 [dotnet] [INFO] For more information, visit https://xceed.com/products/unit-testing/fluent-assertions/
25-12-2025 15:35:30.613 [Gauge] [DEBUG] * Click Register to sign up for new account

25-12-2025 15:35:30.620 [dotnet] [DEBUG] Calling InvokeMethod to call method Void Register()
25-12-2025 15:35:30.620 [dotnet] [DEBUG] Try load netstandard in GaugeLoadContext
25-12-2025 15:35:30.846 [dotnet] [DEBUG] Calling InvokeMethod to call method Void TearDown()
25-12-2025 15:35:30.993 [dotnet] [DEBUG] Try load System.ComponentModel.Primitives in GaugeLoadContext
25-12-2025 15:35:31.073 [dotnet] [DEBUG] KillProcessrequest received
25-12-2025 15:35:31.075 [Gauge] [INFO] Specifications:	2 executed	1 passed	1 failed	0 skipped
25-12-2025 15:35:31.076 [Gauge] [INFO] Scenarios:	1 executed	1 passed	0 failed	0 skipped
25-12-2025 15:35:31.076 [Gauge] [INFO] 
Total time taken: 8.627s
25-12-2025 15:35:31.076 [Gauge] [INFO] Updates are available. Run `gauge update -c` for more info.
25-12-2025 15:36:19.935 [Gauge] [DEBUG] Created gauge_screenshots_dir at /Users/Antonette/Desktop/side-quests/BugBank-Selenium-Testing/BugBankTests/BugBankTests/.gauge/screenshots
25-12-2025 15:36:19.937 [Gauge] [DEBUG] Plugin dotnet is already installed.
25-12-2025 15:36:19.937 [Gauge] [DEBUG] Plugin screenshot is already installed.
25-12-2025 15:36:19.938 [Gauge] [DEBUG] Parsing started.
25-12-2025 15:36:19.938 [Gauge] [DEBUG] Started concepts parsing.
25-12-2025 15:36:19.939 [Gauge] [DEBUG] 0 concepts parsing completed.
25-12-2025 15:36:19.939 [Gauge] [DEBUG] Started specifications parsing.
25-12-2025 15:36:19.941 [Gauge] [ERROR] [ParseError] /Users/Antonette/Desktop/side-quests/BugBank-Selenium-Testing/BugBankTests/BugBankTests/Scenarios/specs/Login.spec:1 Spec heading not found => ''
25-12-2025 15:36:19.941 [Gauge] [WARNING] [ParseWarning] /Users/Antonette/Desktop/side-quests/BugBank-Selenium-Testing/BugBankTests/BugBankTests/Scenarios/specs/SignUp.spec:21 Multiple data table present, ignoring table
25-12-2025 15:36:19.941 [Gauge] [DEBUG] 2 specifications parsing completed.
25-12-2025 15:36:19.941 [Gauge] [DEBUG] Parsing completed.
25-12-2025 15:36:22.951 [Gauge] [DEBUG] Checking updates...
25-12-2025 15:36:22.952 [Gauge] [DEBUG] Downloading https://downloads.gauge.org/plugin/dotnet?l=dotnet&p=dotnet,html-report,screenshot&o=darwin&a=amd64
25-12-2025 15:36:23.386 [dotnet] [INFO] /Users/Antonette/Desktop/side-quests/BugBank-Selenium-Testing/BugBankTests/BugBankTests/Scenarios/page/LoginPage.cs(44,27): error CS1061: 'string' does not contain a definition for 'Should' and no accessible extension method 'Should' accepting a first argument of type 'string' could be found (are you missing a using directive or an assembly reference?) [/Users/Antonette/Desktop/side-quests/BugBank-Selenium-Testing/BugBankTests/BugBankTests/BugBankTests.csproj]
25-12-2025 15:36:23.386 [dotnet] [INFO] /Users/Antonette/Desktop/side-quests/BugBank-Selenium-Testing/BugBankTests/BugBankTests/Scenarios/page/LoginPage.cs(15,53): warning CS8601: Possible null reference assignment. [/Users/Antonette/Desktop/side-quests/BugBank-Selenium-Testing/BugBankTests/BugBankTests/BugBankTests.csproj]
25-12-2025 15:36:23.532 [dotnet] [INFO] { "logLevel": "fatal", "message": "Unable to build Project in /Users/Antonette/Desktop/side-quests/BugBank-Selenium-Testing/BugBankTests/BugBankTests\ndotnet Project build failed.
25-12-2025 15:36:23.532 [dotnet] [INFO] Ran 'dotnet publish --runtime=osx-x64 --no-self-contained --configuration=release --output="/Users/Antonette/Desktop/side-quests/BugBank-Selenium-Testing/BugBankTests/BugBankTests/gauge_bin"  "BugBankTests.csproj" --verbosity=quiet'\n   at Gauge.Dotnet.GaugeProjectBuilder.BuildTargetGaugeProject() in /home/runner/work/gauge-dotnet/gauge-dotnet/src/GaugeProjectBuilder.cs:line 59"}
25-12-2025 15:36:23.533 [dotnet] [ERROR] Unhandled exception.
25-12-2025 15:36:23.540 [dotnet] [ERROR] System.Exception: dotnet Project build failed.
25-12-2025 15:36:23.540 [dotnet] [ERROR] Ran 'dotnet publish --runtime=osx-x64 --no-self-contained --configuration=release --output="/Users/Antonette/Desktop/side-quests/BugBank-Selenium-Testing/BugBankTests/BugBankTests/gauge_bin"  "BugBankTests.csproj" --verbosity=quiet'
25-12-2025 15:36:23.540 [dotnet] [ERROR] at Gauge.Dotnet.GaugeProjectBuilder.BuildTargetGaugeProject() in /home/runner/work/gauge-dotnet/gauge-dotnet/src/GaugeProjectBuilder.cs:line 59
25-12-2025 15:36:23.540 [dotnet] [ERROR] at Gauge.Dotnet.Program.Main(String[] args) in /home/runner/work/gauge-dotnet/gauge-dotnet/src/Program.cs:line 47
25-12-2025 15:36:23.540 [dotnet] [ERROR] at Gauge.Dotnet.Program.<Main>(String[] args)
25-12-2025 15:36:23.568 [Gauge] [DEBUG] Downloading https://downloads.gauge.org/plugin/html-report?l=dotnet&p=dotnet,html-report,screenshot&o=darwin&a=amd64
25-12-2025 15:36:23.668 [dotnet] [ERROR] launcher.sh: line 5: 19342 Abort trap: 6           dotnet bin/net9.0/Gauge.Dotnet.dll $@
25-12-2025 15:36:23.669 [Gauge] [ERROR] Error occurred while waiting for runner process to finish.
Error : exit status 134
25-12-2025 15:36:23.669 [Gauge] [CRITICAL] Failed to start gauge API: Error occurred while waiting for runner process to finish.
Error : exit status 134
25-12-2025 15:36:45.048 [Gauge] [DEBUG] Created gauge_screenshots_dir at /Users/Antonette/Desktop/side-quests/BugBank-Selenium-Testing/BugBankTests/BugBankTests/.gauge/screenshots
25-12-2025 15:36:45.049 [Gauge] [DEBUG] Plugin dotnet is already installed.
25-12-2025 15:36:45.049 [Gauge] [DEBUG] Plugin screenshot is already installed.
25-12-2025 15:36:45.049 [Gauge] [DEBUG] Parsing started.
25-12-2025 15:36:45.049 [Gauge] [DEBUG] Started concepts parsing.
25-12-2025 15:36:45.051 [Gauge] [DEBUG] 0 concepts parsing completed.
25-12-2025 15:36:45.052 [Gauge] [DEBUG] Started specifications parsing.
25-12-2025 15:36:45.053 [Gauge] [ERROR] [ParseError] /Users/Antonette/Desktop/side-quests/BugBank-Selenium-Testing/BugBankTests/BugBankTests/Scenarios/specs/Login.spec:1 Spec heading not found => ''
25-12-2025 15:36:45.053 [Gauge] [WARNING] [ParseWarning] /Users/Antonette/Desktop/side-quests/BugBank-Selenium-Testing/BugBankTests/BugBankTests/Scenarios/specs/SignUp.spec:21 Multiple data table present, ignoring table
25-12-2025 15:36:45.054 [Gauge] [DEBUG] 2 specifications parsing completed.
25-12-2025 15:36:45.054 [Gauge] [DEBUG] Parsing completed.
25-12-2025 15:36:45.687 [Gauge] [DEBUG] Checking updates...
25-12-2025 15:36:45.688 [Gauge] [DEBUG] Downloading https://downloads.gauge.org/plugin/dotnet?l=dotnet&p=dotnet,html-report,screenshot&o=darwin&a=amd64
25-12-2025 15:36:46.303 [Gauge] [DEBUG] Downloading https://downloads.gauge.org/plugin/html-report?l=dotnet&p=dotnet,html-report,screenshot&o=darwin&a=amd64
25-12-2025 15:36:46.502 [Gauge] [DEBUG] Downloading https://downloads.gauge.org/plugin/screenshot?l=dotnet&p=dotnet,html-report,screenshot&o=darwin&a=amd64
25-12-2025 15:36:48.395 [dotnet] [INFO] /Users/Antonette/Desktop/side-quests/BugBank-Selenium-Testing/BugBankTests/BugBankTests/Scenarios/page/LoginPage.cs(15,53): warning CS8601: Possible null reference assignment. [/Users/Antonette/Desktop/side-quests/BugBank-Selenium-Testing/BugBankTests/BugBankTests/BugBankTests.csproj]
25-12-2025 15:36:48.793 [dotnet] [DEBUG] Loading assembly from : /Users/Antonette/Desktop/side-quests/BugBank-Selenium-Testing/BugBankTests/BugBankTests/gauge_bin/BugBankTests.dll
25-12-2025 15:36:49.680 [dotnet] [DEBUG] Try load Gauge.CSharp.Lib in GaugeLoadContext
25-12-2025 15:36:49.700 [dotnet] [DEBUG] Try load BugBankTests in GaugeLoadContext
25-12-2025 15:36:49.709 [dotnet] [DEBUG] Try load System.Runtime in GaugeLoadContext
25-12-2025 15:36:49.709 [dotnet] [DEBUG] Try load WebDriver in GaugeLoadContext
25-12-2025 15:36:49.712 [dotnet] [DEBUG] Try load FluentAssertions in GaugeLoadContext
25-12-2025 15:36:49.713 [dotnet] [DEBUG] Try load SeleniumExtras.WaitHelpers in GaugeLoadContext
25-12-2025 15:36:49.714 [dotnet] [DEBUG] Try load System.Collections in GaugeLoadContext
25-12-2025 15:36:49.716 [dotnet] [DEBUG] Try load System.Runtime in GaugeLoadContext
25-12-2025 15:36:49.718 [dotnet] [DEBUG] Number of AssembliesReferencingGaugeLib : 1
25-12-2025 15:36:49.721 [dotnet] [DEBUG] Try load System.Runtime in GaugeLoadContext
25-12-2025 15:36:49.721 [dotnet] [DEBUG] Try load System.Collections in GaugeLoadContext
25-12-2025 15:36:49.722 [dotnet] [DEBUG] Building StepRegistry...
25-12-2025 15:36:49.725 [dotnet] [DEBUG] 3 Step implementations found. Adding to registry...
25-12-2025 15:36:49.727 [dotnet] [DEBUG] 'Open Bugbank Homepage': implementation found in StepRegistry, setting reflected methodInfo
25-12-2025 15:36:49.729 [dotnet] [DEBUG] 'Click Register to sign up for new account': implementation found in StepRegistry, setting reflected methodInfo
25-12-2025 15:36:49.729 [dotnet] [DEBUG] 'Enter Email {}': implementation found in StepRegistry, setting reflected methodInfo
25-12-2025 15:36:49.729 [dotnet] [DEBUG] Building StepRegistry...
25-12-2025 15:36:49.729 [dotnet] [DEBUG] 3 Step implementations found. Adding to registry...
25-12-2025 15:36:49.729 [dotnet] [DEBUG] 'Open Bugbank Homepage': implementation found in StepRegistry, setting reflected methodInfo
25-12-2025 15:36:49.729 [dotnet] [DEBUG] 'Click Register to sign up for new account': implementation found in StepRegistry, setting reflected methodInfo
25-12-2025 15:36:49.730 [dotnet] [DEBUG] 'Enter Email {}': implementation found in StepRegistry, setting reflected methodInfo
25-12-2025 15:36:49.814 [Gauge] [DEBUG] Attempting to connect to grpc server at port: 60109
25-12-2025 15:36:49.814 [Gauge] [DEBUG] Successfully made the connection with runner with port: 60109
25-12-2025 15:36:49.814 [Gauge] [DEBUG] Validation started.
25-12-2025 15:36:50.034 [Gauge] [DEBUG] Validation completed.
25-12-2025 15:36:50.034 [Gauge] [DEBUG] Run started
25-12-2025 15:36:50.035 [Gauge] [DEBUG] Initialising suite data store.
25-12-2025 15:36:50.044 [dotnet] [DEBUG] Try load System.Collections.Concurrent in GaugeLoadContext
25-12-2025 15:36:50.071 [dotnet] [DEBUG] Loaded Instance Manager of Type: Gauge.CSharp.Lib.DefaultClassInstanceManager
25-12-2025 15:36:50.188 [dotnet] [DEBUG] Calling InvokeMethod to call method Void Setup()
25-12-2025 15:36:50.189 [dotnet] [DEBUG] Try load System.Threading in GaugeLoadContext
25-12-2025 15:36:50.191 [dotnet] [DEBUG] Try load System.Runtime in GaugeLoadContext
25-12-2025 15:36:50.191 [dotnet] [DEBUG] Try load System.Collections in GaugeLoadContext
25-12-2025 15:36:50.191 [dotnet] [DEBUG] Try load System.Collections in GaugeLoadContext
25-12-2025 15:36:50.195 [dotnet] [DEBUG] Try load System.Net.Sockets in GaugeLoadContext
25-12-2025 15:36:50.195 [dotnet] [DEBUG] Try load System.Net.Primitives in GaugeLoadContext
25-12-2025 15:36:50.204 [dotnet] [DEBUG] Try load System.Threading in GaugeLoadContext
25-12-2025 15:36:50.204 [dotnet] [DEBUG] Try load System.Console in GaugeLoadContext
25-12-2025 15:36:50.205 [dotnet] [DEBUG] Try load System.Collections.Concurrent in GaugeLoadContext
25-12-2025 15:36:50.208 [dotnet] [DEBUG] Try load System.Diagnostics.Process in GaugeLoadContext
25-12-2025 15:36:50.208 [dotnet] [DEBUG] Try load System.Text.Json in GaugeLoadContext
25-12-2025 15:36:50.210 [dotnet] [DEBUG] Try load System.Linq in GaugeLoadContext
25-12-2025 15:36:50.772 [dotnet] [DEBUG] Try load System.Text.Encodings.Web in GaugeLoadContext
25-12-2025 15:36:50.789 [dotnet] [DEBUG] Try load System.Net.Http in GaugeLoadContext
25-12-2025 15:36:53.500 [Gauge] [INFO] # BugBank Sign Up
25-12-2025 15:36:53.543 [Gauge] [INFO] ## Sign up for BugBank
25-12-2025 15:36:53.565 [Gauge] [DEBUG] * Open Bugbank Homepage
25-12-2025 15:36:53.615 [dotnet] [DEBUG] Calling InvokeMethod to call method Void OpenBugBank()
25-12-2025 15:36:53.617 [dotnet] [DEBUG] Try load System.Runtime in GaugeLoadContext
25-12-2025 15:36:55.018 [dotnet] [DEBUG] Try load System.Threading.Thread in GaugeLoadContext
25-12-2025 15:36:56.586 [dotnet] [DEBUG] Try load System.Threading in GaugeLoadContext
25-12-2025 15:36:56.586 [dotnet] [DEBUG] Try load System.Console in GaugeLoadContext
25-12-2025 15:36:56.586 [dotnet] [DEBUG] Try load System.Diagnostics.TraceSource in GaugeLoadContext
25-12-2025 15:36:56.588 [dotnet] [DEBUG] Try load System.Collections in GaugeLoadContext
25-12-2025 15:36:56.590 [dotnet] [DEBUG] Try load System.Collections.Concurrent in GaugeLoadContext
25-12-2025 15:36:56.592 [dotnet] [DEBUG] Try load System.Xml.XDocument in GaugeLoadContext
25-12-2025 15:36:56.594 [dotnet] [DEBUG] Try load System.Linq in GaugeLoadContext
25-12-2025 15:36:56.598 [dotnet] [INFO] Warning:
25-12-2025 15:36:56.598 [dotnet] [INFO] The component "Fluent Assertions" is governed by the rules defined in the Xceed License Agreement and
25-12-2025 15:36:56.598 [dotnet] [INFO] the Xceed Fluent Assertions Community License. You may use Fluent Assertions free of charge for
25-12-2025 15:36:56.598 [dotnet] [INFO] non-commercial use only. An active subscription is required to use Fluent Assertions for commercial use.
25-12-2025 15:36:56.598 [dotnet] [INFO] Please contact Xceed Sales mailto:sales@xceed.com to acquire a subscription at a very low cost.
25-12-2025 15:36:56.599 [dotnet] [INFO] A paid commercial license supports the development and continued increasing support of
25-12-2025 15:36:56.599 [dotnet] [INFO] Fluent Assertions users under both commercial and community licenses. Help us
25-12-2025 15:36:56.599 [dotnet] [INFO] keep Fluent Assertions at the forefront of unit testing.
25-12-2025 15:36:56.599 [dotnet] [INFO] For more information, visit https://xceed.com/products/unit-testing/fluent-assertions/
25-12-2025 15:36:56.623 [Gauge] [DEBUG] * Click Register to sign up for new account

25-12-2025 15:36:56.628 [dotnet] [DEBUG] Calling InvokeMethod to call method Void Register()
25-12-2025 15:36:56.628 [dotnet] [DEBUG] Try load netstandard in GaugeLoadContext
25-12-2025 15:36:56.844 [dotnet] [DEBUG] Calling InvokeMethod to call method Void TearDown()
25-12-2025 15:36:56.995 [dotnet] [DEBUG] Try load System.ComponentModel.Primitives in GaugeLoadContext
25-12-2025 15:36:57.081 [dotnet] [DEBUG] KillProcessrequest received
25-12-2025 15:36:57.082 [Gauge] [INFO] Specifications:	2 executed	1 passed	1 failed	0 skipped
25-12-2025 15:36:57.082 [Gauge] [INFO] Scenarios:	1 executed	1 passed	0 failed	0 skipped
25-12-2025 15:36:57.082 [Gauge] [INFO] 
Total time taken: 7.041s
25-12-2025 15:36:57.083 [Gauge] [INFO] Updates are available. Run `gauge update -c` for more info.
25-12-2025 15:40:42.714 [Gauge] [DEBUG] Created gauge_screenshots_dir at /Users/Antonette/Desktop/side-quests/BugBank-Selenium-Testing/BugBankTests/BugBankTests/.gauge/screenshots
25-12-2025 15:40:42.716 [Gauge] [DEBUG] Plugin dotnet is already installed.
25-12-2025 15:40:42.717 [Gauge] [DEBUG] Plugin screenshot is already installed.
25-12-2025 15:40:42.718 [Gauge] [DEBUG] Parsing started.
25-12-2025 15:40:42.718 [Gauge] [DEBUG] Started concepts parsing.
25-12-2025 15:40:42.722 [Gauge] [DEBUG] 0 concepts parsing completed.
25-12-2025 15:40:42.723 [Gauge] [DEBUG] Started specifications parsing.
25-12-2025 15:40:42.725 [Gauge] [ERROR] [ParseError] /Users/Antonette/Desktop/side-quests/BugBank-Selenium-Testing/BugBankTests/BugBankTests/Scenarios/specs/Login.spec:1 Spec heading not found => ''
25-12-2025 15:40:42.725 [Gauge] [ERROR] [ParseError] /Users/Antonette/Desktop/side-quests/BugBank-Selenium-Testing/BugBankTests/BugBankTests/Scenarios/specs/SignUp.spec:12 Dynamic parameter <email> could not be resolved => 'Enter Email <email>'
25-12-2025 15:40:42.725 [Gauge] [ERROR] [ParseError] /Users/Antonette/Desktop/side-quests/BugBank-Selenium-Testing/BugBankTests/BugBankTests/Scenarios/specs/SignUp.spec:13 Dynamic parameter <name> could not be resolved => 'Enter Name <name>'
25-12-2025 15:40:42.725 [Gauge] [ERROR] [ParseError] /Users/Antonette/Desktop/side-quests/BugBank-Selenium-Testing/BugBankTests/BugBankTests/Scenarios/specs/SignUp.spec:14 Dynamic parameter <password> could not be resolved => 'Enter Password <password>'
25-12-2025 15:40:42.725 [Gauge] [ERROR] [ParseError] /Users/Antonette/Desktop/side-quests/BugBank-Selenium-Testing/BugBankTests/BugBankTests/Scenarios/specs/SignUp.spec:15 Dynamic parameter <password> could not be resolved => 'Confirm Password <password>'
25-12-2025 15:40:42.725 [Gauge] [DEBUG] 2 specifications parsing completed.
25-12-2025 15:40:42.725 [Gauge] [DEBUG] Parsing completed.
25-12-2025 15:40:43.631 [Gauge] [DEBUG] Checking updates...
25-12-2025 15:40:43.633 [Gauge] [DEBUG] Downloading https://downloads.gauge.org/plugin/dotnet?l=dotnet&p=dotnet,html-report,screenshot&o=darwin&a=amd64
25-12-2025 15:40:44.398 [Gauge] [DEBUG] Downloading https://downloads.gauge.org/plugin/html-report?l=dotnet&p=dotnet,html-report,screenshot&o=darwin&a=amd64
25-12-2025 15:40:44.580 [Gauge] [DEBUG] Downloading https://downloads.gauge.org/plugin/screenshot?l=dotnet&p=dotnet,html-report,screenshot&o=darwin&a=amd64
25-12-2025 15:40:47.020 [dotnet] [DEBUG] Loading assembly from : /Users/Antonette/Desktop/side-quests/BugBank-Selenium-Testing/BugBankTests/BugBankTests/gauge_bin/BugBankTests.dll
25-12-2025 15:40:47.358 [dotnet] [DEBUG] Try load Gauge.CSharp.Lib in GaugeLoadContext
25-12-2025 15:40:47.376 [dotnet] [DEBUG] Try load BugBankTests in GaugeLoadContext
25-12-2025 15:40:47.376 [dotnet] [DEBUG] Try load System.Runtime in GaugeLoadContext
25-12-2025 15:40:47.377 [dotnet] [DEBUG] Try load WebDriver in GaugeLoadContext
25-12-2025 15:40:47.379 [dotnet] [DEBUG] Try load FluentAssertions in GaugeLoadContext
25-12-2025 15:40:47.380 [dotnet] [DEBUG] Try load SeleniumExtras.WaitHelpers in GaugeLoadContext
25-12-2025 15:40:47.380 [dotnet] [DEBUG] Try load System.Collections in GaugeLoadContext
25-12-2025 15:40:47.382 [dotnet] [DEBUG] Try load System.Runtime in GaugeLoadContext
25-12-2025 15:40:47.384 [dotnet] [DEBUG] Number of AssembliesReferencingGaugeLib : 1
25-12-2025 15:40:47.386 [dotnet] [DEBUG] Try load System.Runtime in GaugeLoadContext
25-12-2025 15:40:47.386 [dotnet] [DEBUG] Try load System.Collections in GaugeLoadContext
25-12-2025 15:40:47.387 [dotnet] [DEBUG] Building StepRegistry...
25-12-2025 15:40:47.390 [dotnet] [DEBUG] 3 Step implementations found. Adding to registry...
25-12-2025 15:40:47.392 [dotnet] [DEBUG] 'Open Bugbank Homepage': implementation found in StepRegistry, setting reflected methodInfo
25-12-2025 15:40:47.394 [dotnet] [DEBUG] 'Click Register to sign up for new account': implementation found in StepRegistry, setting reflected methodInfo
25-12-2025 15:40:47.394 [dotnet] [DEBUG] 'Enter Email {}': implementation found in StepRegistry, setting reflected methodInfo
25-12-2025 15:40:47.394 [dotnet] [DEBUG] Building StepRegistry...
25-12-2025 15:40:47.394 [dotnet] [DEBUG] 3 Step implementations found. Adding to registry...
25-12-2025 15:40:47.394 [dotnet] [DEBUG] 'Open Bugbank Homepage': implementation found in StepRegistry, setting reflected methodInfo
25-12-2025 15:40:47.394 [dotnet] [DEBUG] 'Click Register to sign up for new account': implementation found in StepRegistry, setting reflected methodInfo
25-12-2025 15:40:47.394 [dotnet] [DEBUG] 'Enter Email {}': implementation found in StepRegistry, setting reflected methodInfo
25-12-2025 15:40:47.472 [Gauge] [DEBUG] Attempting to connect to grpc server at port: 60138
25-12-2025 15:40:47.472 [Gauge] [DEBUG] Successfully made the connection with runner with port: 60138
25-12-2025 15:40:47.472 [Gauge] [DEBUG] Validation started.
25-12-2025 15:40:47.676 [Gauge] [ERROR] [ValidationError] /Users/Antonette/Desktop/side-quests/BugBank-Selenium-Testing/BugBankTests/BugBankTests/Scenarios/specs/SignUp.spec:13 Step implementation not found => 'Enter Name <name>'
25-12-2025 15:40:47.677 [Gauge] [ERROR] [ValidationError] /Users/Antonette/Desktop/side-quests/BugBank-Selenium-Testing/BugBankTests/BugBankTests/Scenarios/specs/SignUp.spec:14 Step implementation not found => 'Enter Password <password>'
25-12-2025 15:40:47.677 [Gauge] [ERROR] [ValidationError] /Users/Antonette/Desktop/side-quests/BugBank-Selenium-Testing/BugBankTests/BugBankTests/Scenarios/specs/SignUp.spec:15 Step implementation not found => 'Confirm Password <password>'
25-12-2025 15:40:47.677 [Gauge] [ERROR] [ValidationError] /Users/Antonette/Desktop/side-quests/BugBank-Selenium-Testing/BugBankTests/BugBankTests/Scenarios/specs/SignUp.spec:18 Step implementation not found => 'Click "Create acc with a balance"'
25-12-2025 15:40:47.677 [Gauge] [ERROR] [ValidationError] /Users/Antonette/Desktop/side-quests/BugBank-Selenium-Testing/BugBankTests/BugBankTests/Scenarios/specs/SignUp.spec:19 Step implementation not found => 'Click Register button <table>'
25-12-2025 15:40:47.677 [Gauge] [INFO] Add the following missing implementations to fix `Step implementation not found` errors.
25-12-2025 15:40:47.677 [Gauge] [INFO] 		[Step("Enter Name <name>")]
		public void EnterName(arg0)
		{
			throw new NotImplementedException();
		}
25-12-2025 15:40:47.677 [Gauge] [INFO] 		[Step("Enter Password <password>")]
		public void EnterPassword(arg0)
		{
			throw new NotImplementedException();
		}
25-12-2025 15:40:47.677 [Gauge] [INFO] 		[Step("Confirm Password <password>")]
		public void ConfirmPassword(arg0)
		{
			throw new NotImplementedException();
		}
25-12-2025 15:40:47.677 [Gauge] [INFO] 		[Step("Click <Create acc with a balance>")]
		public void Click(arg0)
		{
			throw new NotImplementedException();
		}
25-12-2025 15:40:47.677 [Gauge] [INFO] 		[Step("Click Register button <table>")]
		public void ClickRegisterButton(arg0)
		{
			throw new NotImplementedException();
		}
25-12-2025 15:40:47.677 [Gauge] [DEBUG] Run started
25-12-2025 15:40:47.680 [Gauge] [DEBUG] Initialising suite data store.
25-12-2025 15:40:47.698 [dotnet] [DEBUG] Try load System.Collections.Concurrent in GaugeLoadContext
25-12-2025 15:40:47.715 [dotnet] [DEBUG] Loaded Instance Manager of Type: Gauge.CSharp.Lib.DefaultClassInstanceManager
25-12-2025 15:40:47.798 [dotnet] [DEBUG] Calling InvokeMethod to call method Void Setup()
25-12-2025 15:40:47.799 [dotnet] [DEBUG] Try load System.Threading in GaugeLoadContext
25-12-2025 15:40:47.801 [dotnet] [DEBUG] Try load System.Runtime in GaugeLoadContext
25-12-2025 15:40:47.801 [dotnet] [DEBUG] Try load System.Collections in GaugeLoadContext
25-12-2025 15:40:47.801 [dotnet] [DEBUG] Try load System.Collections in GaugeLoadContext
25-12-2025 15:40:47.806 [dotnet] [DEBUG] Try load System.Net.Sockets in GaugeLoadContext
25-12-2025 15:40:47.806 [dotnet] [DEBUG] Try load System.Net.Primitives in GaugeLoadContext
25-12-2025 15:40:47.815 [dotnet] [DEBUG] Try load System.Threading in GaugeLoadContext
25-12-2025 15:40:47.816 [dotnet] [DEBUG] Try load System.Console in GaugeLoadContext
25-12-2025 15:40:47.816 [dotnet] [DEBUG] Try load System.Collections.Concurrent in GaugeLoadContext
25-12-2025 15:40:47.819 [dotnet] [DEBUG] Try load System.Diagnostics.Process in GaugeLoadContext
25-12-2025 15:40:47.819 [dotnet] [DEBUG] Try load System.Text.Json in GaugeLoadContext
25-12-2025 15:40:47.821 [dotnet] [DEBUG] Try load System.Linq in GaugeLoadContext
25-12-2025 15:40:48.308 [dotnet] [DEBUG] Try load System.Text.Encodings.Web in GaugeLoadContext
25-12-2025 15:40:48.324 [dotnet] [DEBUG] Try load System.Net.Http in GaugeLoadContext
25-12-2025 15:40:51.645 [dotnet] [DEBUG] Calling InvokeMethod to call method Void TearDown()
25-12-2025 15:40:51.765 [dotnet] [DEBUG] Try load System.ComponentModel.Primitives in GaugeLoadContext
25-12-2025 15:40:51.820 [dotnet] [DEBUG] KillProcessrequest received
25-12-2025 15:40:51.822 [Gauge] [INFO] Specifications:	2 executed	0 passed	2 failed	0 skipped
25-12-2025 15:40:51.822 [Gauge] [INFO] Scenarios:	0 executed	0 passed	0 failed	0 skipped
25-12-2025 15:40:51.822 [Gauge] [INFO] 
Total time taken: 4.14s
25-12-2025 15:40:51.823 [Gauge] [INFO] Updates are available. Run `gauge update -c` for more info.
25-12-2025 15:42:58.698 [Gauge] [DEBUG] Created gauge_screenshots_dir at /Users/Antonette/Desktop/side-quests/BugBank-Selenium-Testing/BugBankTests/BugBankTests/.gauge/screenshots
25-12-2025 15:42:58.700 [Gauge] [DEBUG] Plugin dotnet is already installed.
25-12-2025 15:42:58.700 [Gauge] [DEBUG] Plugin screenshot is already installed.
25-12-2025 15:42:58.701 [Gauge] [DEBUG] Parsing started.
25-12-2025 15:42:58.701 [Gauge] [DEBUG] Started concepts parsing.
25-12-2025 15:42:58.702 [Gauge] [DEBUG] 0 concepts parsing completed.
25-12-2025 15:42:58.703 [Gauge] [DEBUG] Started specifications parsing.
25-12-2025 15:42:58.704 [Gauge] [ERROR] [ParseError] /Users/Antonette/Desktop/side-quests/BugBank-Selenium-Testing/BugBankTests/BugBankTests/Scenarios/specs/Login.spec:1 Spec heading not found => ''
25-12-2025 15:42:58.704 [Gauge] [ERROR] [ParseError] /Users/Antonette/Desktop/side-quests/BugBank-Selenium-Testing/BugBankTests/BugBankTests/Scenarios/specs/SignUp.spec:12 Dynamic parameter <email> could not be resolved => 'Enter Email <email>'
25-12-2025 15:42:58.704 [Gauge] [ERROR] [ParseError] /Users/Antonette/Desktop/side-quests/BugBank-Selenium-Testing/BugBankTests/BugBankTests/Scenarios/specs/SignUp.spec:13 Dynamic parameter <name> could not be resolved => 'Enter Name <name>'
25-12-2025 15:42:58.704 [Gauge] [ERROR] [ParseError] /Users/Antonette/Desktop/side-quests/BugBank-Selenium-Testing/BugBankTests/BugBankTests/Scenarios/specs/SignUp.spec:14 Dynamic parameter <password> could not be resolved => 'Enter Password <password>'
25-12-2025 15:42:58.704 [Gauge] [ERROR] [ParseError] /Users/Antonette/Desktop/side-quests/BugBank-Selenium-Testing/BugBankTests/BugBankTests/Scenarios/specs/SignUp.spec:15 Dynamic parameter <password> could not be resolved => 'Confirm Password <password>'
25-12-2025 15:42:58.704 [Gauge] [DEBUG] 2 specifications parsing completed.
25-12-2025 15:42:58.704 [Gauge] [DEBUG] Parsing completed.
25-12-2025 15:42:59.741 [Gauge] [DEBUG] Checking updates...
25-12-2025 15:42:59.744 [Gauge] [DEBUG] Downloading https://downloads.gauge.org/plugin/dotnet?l=dotnet&p=dotnet,html-report,screenshot&o=darwin&a=amd64
25-12-2025 15:43:00.328 [Gauge] [DEBUG] Downloading https://downloads.gauge.org/plugin/html-report?l=dotnet&p=dotnet,html-report,screenshot&o=darwin&a=amd64
25-12-2025 15:43:00.534 [Gauge] [DEBUG] Downloading https://downloads.gauge.org/plugin/screenshot?l=dotnet&p=dotnet,html-report,screenshot&o=darwin&a=amd64
25-12-2025 15:43:02.124 [dotnet] [INFO] /Users/Antonette/Desktop/side-quests/BugBank-Selenium-Testing/BugBankTests/BugBankTests/Scenarios/steps/SignUpSteps.cs(32,24): error CS1955: Non-invocable member 'LoginPage.EnterName' cannot be used like a method. [/Users/Antonette/Desktop/side-quests/BugBank-Selenium-Testing/BugBankTests/BugBankTests/BugBankTests.csproj]
25-12-2025 15:43:02.124 [dotnet] [INFO] /Users/Antonette/Desktop/side-quests/BugBank-Selenium-Testing/BugBankTests/BugBankTests/Scenarios/steps/SignUpSteps.cs(38,24): error CS1955: Non-invocable member 'LoginPage.EnterPassword' cannot be used like a method. [/Users/Antonette/Desktop/side-quests/BugBank-Selenium-Testing/BugBankTests/BugBankTests/BugBankTests.csproj]
25-12-2025 15:43:02.124 [dotnet] [INFO] /Users/Antonette/Desktop/side-quests/BugBank-Selenium-Testing/BugBankTests/BugBankTests/Scenarios/steps/SignUpSteps.cs(44,24): error CS1955: Non-invocable member 'LoginPage.ConfirmPassword' cannot be used like a method. [/Users/Antonette/Desktop/side-quests/BugBank-Selenium-Testing/BugBankTests/BugBankTests/BugBankTests.csproj]
25-12-2025 15:43:02.124 [dotnet] [INFO] /Users/Antonette/Desktop/side-quests/BugBank-Selenium-Testing/BugBankTests/BugBankTests/Scenarios/steps/SignUpSteps.cs(50,24): error CS1061: 'LoginPage' does not contain a definition for 'ClickCreateAccountWithBalance' and no accessible extension method 'ClickCreateAccountWithBalance' accepting a first argument of type 'LoginPage' could be found (are you missing a using directive or an assembly reference?) [/Users/Antonette/Desktop/side-quests/BugBank-Selenium-Testing/BugBankTests/BugBankTests/BugBankTests.csproj]
25-12-2025 15:43:02.124 [dotnet] [INFO] /Users/Antonette/Desktop/side-quests/BugBank-Selenium-Testing/BugBankTests/BugBankTests/Scenarios/page/LoginPage.cs(15,53): warning CS8601: Possible null reference assignment. [/Users/Antonette/Desktop/side-quests/BugBank-Selenium-Testing/BugBankTests/BugBankTests/BugBankTests.csproj]
25-12-2025 15:43:02.266 [dotnet] [INFO] { "logLevel": "fatal", "message": "Unable to build Project in /Users/Antonette/Desktop/side-quests/BugBank-Selenium-Testing/BugBankTests/BugBankTests\ndotnet Project build failed.
25-12-2025 15:43:02.266 [dotnet] [INFO] Ran 'dotnet publish --runtime=osx-x64 --no-self-contained --configuration=release --output="/Users/Antonette/Desktop/side-quests/BugBank-Selenium-Testing/BugBankTests/BugBankTests/gauge_bin"  "BugBankTests.csproj" --verbosity=quiet'\n   at Gauge.Dotnet.GaugeProjectBuilder.BuildTargetGaugeProject() in /home/runner/work/gauge-dotnet/gauge-dotnet/src/GaugeProjectBuilder.cs:line 59"}
25-12-2025 15:43:02.268 [dotnet] [ERROR] Unhandled exception.
25-12-2025 15:43:02.272 [dotnet] [ERROR] System.Exception: dotnet Project build failed.
25-12-2025 15:43:02.272 [dotnet] [ERROR] Ran 'dotnet publish --runtime=osx-x64 --no-self-contained --configuration=release --output="/Users/Antonette/Desktop/side-quests/BugBank-Selenium-Testing/BugBankTests/BugBankTests/gauge_bin"  "BugBankTests.csproj" --verbosity=quiet'
25-12-2025 15:43:02.272 [dotnet] [ERROR] at Gauge.Dotnet.GaugeProjectBuilder.BuildTargetGaugeProject() in /home/runner/work/gauge-dotnet/gauge-dotnet/src/GaugeProjectBuilder.cs:line 59
25-12-2025 15:43:02.272 [dotnet] [ERROR] at Gauge.Dotnet.Program.Main(String[] args) in /home/runner/work/gauge-dotnet/gauge-dotnet/src/Program.cs:line 47
25-12-2025 15:43:02.272 [dotnet] [ERROR] at Gauge.Dotnet.Program.<Main>(String[] args)
25-12-2025 15:43:02.431 [dotnet] [ERROR] launcher.sh: line 5: 19716 Abort trap: 6           dotnet bin/net9.0/Gauge.Dotnet.dll $@
25-12-2025 15:43:02.432 [Gauge] [ERROR] Error occurred while waiting for runner process to finish.
Error : exit status 134
25-12-2025 15:43:02.432 [Gauge] [CRITICAL] Failed to start gauge API: Error occurred while waiting for runner process to finish.
Error : exit status 134
